<?xml version="1.0" encoding="utf-8"?>
<CoverageSession xmlns:xsd="http://www.w3.org/2001/XMLSchema" xmlns:xsi="http://www.w3.org/2001/XMLSchema-instance" Version="4.6.0.0">
  <Summary numSequencePoints="494" visitedSequencePoints="377" numBranchPoints="120" visitedBranchPoints="84" sequenceCoverage="76.32" branchCoverage="70" maxCyclomaticComplexity="40" minCyclomaticComplexity="1" maxCrapScore="1640" minCrapScore="1" visitedClasses="15" numClasses="15" visitedMethods="65" numMethods="70" />
  <Modules>
    <Module hash="AA-BB-05-02-FE-EF-F4-2E-61-48-2F-F3-F1-BD-6A-51-0C-C5-44-7A">
      <Summary numSequencePoints="250" visitedSequencePoints="236" numBranchPoints="45" visitedBranchPoints="40" sequenceCoverage="94.4" branchCoverage="88.89" maxCyclomaticComplexity="1" minCyclomaticComplexity="1" maxCrapScore="2" minCrapScore="1" visitedClasses="10" numClasses="10" visitedMethods="40" numMethods="45" />
      <ModulePath>C:\Users\Admin\Downloads\Project_Manager_API\Project_Manager_API\Project_Manager_Unit_Test\bin\Debug\Project_Manager_Unit_Test.dll</ModulePath>
      <ModuleTime>2019-08-26T09:59:35.1219316Z</ModuleTime>
      <ModuleName>Project_Manager_Unit_Test</ModuleName>
      <Files>
        <File uid="1" fullPath="C:\Users\Admin\Downloads\Project_Manager_API\Project_Manager_API\Project_Manager_Unit_Test\TestContext.cs" />
        <File uid="2" fullPath="C:\Users\Admin\Downloads\Project_Manager_API\Project_Manager_API\Project_Manager_Unit_Test\TestDbSet.cs" />
        <File uid="3" fullPath="C:\Users\Admin\Downloads\Project_Manager_API\Project_Manager_API\Project_Manager_Unit_Test\TestParentTaskDbSet.cs" />
        <File uid="4" fullPath="C:\Users\Admin\Downloads\Project_Manager_API\Project_Manager_API\Project_Manager_Unit_Test\TestProjectDbSet.cs" />
        <File uid="5" fullPath="C:\Users\Admin\Downloads\Project_Manager_API\Project_Manager_API\Project_Manager_Unit_Test\TestTaskDbSet.cs" />
        <File uid="6" fullPath="C:\Users\Admin\Downloads\Project_Manager_API\Project_Manager_API\Project_Manager_Unit_Test\TestUserDbSet.cs" />
        <File uid="7" fullPath="C:\Users\Admin\Downloads\Project_Manager_API\Project_Manager_API\Project_Manager_Unit_Test\TaskUnitTest.cs" />
        <File uid="8" fullPath="C:\Users\Admin\Downloads\Project_Manager_API\Project_Manager_API\Project_Manager_Unit_Test\ParentTaskUnitTest.cs" />
        <File uid="9" fullPath="C:\Users\Admin\Downloads\Project_Manager_API\Project_Manager_API\Project_Manager_Unit_Test\ProjectUnitTest.cs" />
        <File uid="10" fullPath="C:\Users\Admin\Downloads\Project_Manager_API\Project_Manager_API\Project_Manager_Unit_Test\UserUnitTest.cs" />
      </Files>
      <Classes>
        <Class>
          <Summary numSequencePoints="12" visitedSequencePoints="10" numBranchPoints="3" visitedBranchPoints="2" sequenceCoverage="83.33" branchCoverage="66.67" maxCyclomaticComplexity="1" minCyclomaticComplexity="1" maxCrapScore="2" minCrapScore="1" visitedClasses="1" numClasses="1" visitedMethods="2" numMethods="3" />
          <FullName>Project_Manager_Unit_Test.TestContext</FullName>
          <Methods>
            <Method skippedDueTo="AutoImplementedProperty" visited="false" cyclomaticComplexity="1" nPathComplexity="0" sequenceCoverage="0" branchCoverage="0" crapScore="0" isConstructor="false" isStatic="false" isGetter="true" isSetter="false">
              <MetadataToken>100663298</MetadataToken>
              <Name>System.Data.Entity.DbSet`1&lt;Project_Manager_API.Models.Task&gt; Project_Manager_Unit_Test.TestContext::get_Tasks()</Name>
              <FileRef uid="1" />
              <SequencePoints />
              <BranchPoints />
            </Method>
            <Method skippedDueTo="AutoImplementedProperty" visited="false" cyclomaticComplexity="1" nPathComplexity="0" sequenceCoverage="0" branchCoverage="0" crapScore="0" isConstructor="false" isStatic="false" isGetter="false" isSetter="true">
              <MetadataToken>100663299</MetadataToken>
              <Name>System.Void Project_Manager_Unit_Test.TestContext::set_Tasks(System.Data.Entity.DbSet`1&lt;Project_Manager_API.Models.Task&gt;)</Name>
              <FileRef uid="1" />
              <SequencePoints />
              <BranchPoints />
            </Method>
            <Method skippedDueTo="AutoImplementedProperty" visited="false" cyclomaticComplexity="1" nPathComplexity="0" sequenceCoverage="0" branchCoverage="0" crapScore="0" isConstructor="false" isStatic="false" isGetter="true" isSetter="false">
              <MetadataToken>100663300</MetadataToken>
              <Name>System.Data.Entity.DbSet`1&lt;Project_Manager_API.Models.Parent_Task&gt; Project_Manager_Unit_Test.TestContext::get_Parent_Task()</Name>
              <FileRef uid="1" />
              <SequencePoints />
              <BranchPoints />
            </Method>
            <Method skippedDueTo="AutoImplementedProperty" visited="false" cyclomaticComplexity="1" nPathComplexity="0" sequenceCoverage="0" branchCoverage="0" crapScore="0" isConstructor="false" isStatic="false" isGetter="true" isSetter="false">
              <MetadataToken>100663301</MetadataToken>
              <Name>System.Data.Entity.DbSet`1&lt;Project_Manager_API.Models.User&gt; Project_Manager_Unit_Test.TestContext::get_Users()</Name>
              <FileRef uid="1" />
              <SequencePoints />
              <BranchPoints />
            </Method>
            <Method skippedDueTo="AutoImplementedProperty" visited="false" cyclomaticComplexity="1" nPathComplexity="0" sequenceCoverage="0" branchCoverage="0" crapScore="0" isConstructor="false" isStatic="false" isGetter="true" isSetter="false">
              <MetadataToken>100663302</MetadataToken>
              <Name>System.Data.Entity.DbSet`1&lt;Project_Manager_API.Models.Project&gt; Project_Manager_Unit_Test.TestContext::get_Projects()</Name>
              <FileRef uid="1" />
              <SequencePoints />
              <BranchPoints />
            </Method>
            <Method visited="true" cyclomaticComplexity="1" nPathComplexity="0" sequenceCoverage="100" branchCoverage="100" crapScore="1" isConstructor="true" isStatic="false" isGetter="false" isSetter="false">
              <Summary numSequencePoints="7" visitedSequencePoints="7" numBranchPoints="1" visitedBranchPoints="1" sequenceCoverage="100" branchCoverage="100" maxCyclomaticComplexity="1" minCyclomaticComplexity="1" maxCrapScore="1" minCrapScore="1" visitedClasses="0" numClasses="0" visitedMethods="1" numMethods="1" />
              <MetadataToken>100663297</MetadataToken>
              <Name>System.Void Project_Manager_Unit_Test.TestContext::.ctor()</Name>
              <FileRef uid="1" />
              <SequencePoints>
                <SequencePoint vc="20" uspid="1" ordinal="0" offset="0" sl="13" sc="9" el="13" ec="29" bec="0" bev="0" fileid="1">
                  <TrackedMethodRefs>
                    <TrackedMethodRef uid="7" vc="1" />
                    <TrackedMethodRef uid="6" vc="1" />
                    <TrackedMethodRef uid="9" vc="1" />
                    <TrackedMethodRef uid="8" vc="1" />
                    <TrackedMethodRef uid="10" vc="1" />
                    <TrackedMethodRef uid="12" vc="1" />
                    <TrackedMethodRef uid="11" vc="1" />
                    <TrackedMethodRef uid="14" vc="1" />
                    <TrackedMethodRef uid="13" vc="1" />
                    <TrackedMethodRef uid="15" vc="1" />
                    <TrackedMethodRef uid="2" vc="1" />
                    <TrackedMethodRef uid="1" vc="1" />
                    <TrackedMethodRef uid="4" vc="1" />
                    <TrackedMethodRef uid="3" vc="1" />
                    <TrackedMethodRef uid="5" vc="1" />
                    <TrackedMethodRef uid="17" vc="1" />
                    <TrackedMethodRef uid="16" vc="1" />
                    <TrackedMethodRef uid="19" vc="1" />
                    <TrackedMethodRef uid="18" vc="1" />
                    <TrackedMethodRef uid="20" vc="1" />
                  </TrackedMethodRefs>
                </SequencePoint>
                <SequencePoint vc="20" uspid="2" ordinal="1" offset="7" sl="14" sc="9" el="14" ec="10" bec="0" bev="0" fileid="1">
                  <TrackedMethodRefs>
                    <TrackedMethodRef uid="7" vc="1" />
                    <TrackedMethodRef uid="6" vc="1" />
                    <TrackedMethodRef uid="9" vc="1" />
                    <TrackedMethodRef uid="8" vc="1" />
                    <TrackedMethodRef uid="10" vc="1" />
                    <TrackedMethodRef uid="12" vc="1" />
                    <TrackedMethodRef uid="11" vc="1" />
                    <TrackedMethodRef uid="14" vc="1" />
                    <TrackedMethodRef uid="13" vc="1" />
                    <TrackedMethodRef uid="15" vc="1" />
                    <TrackedMethodRef uid="2" vc="1" />
                    <TrackedMethodRef uid="1" vc="1" />
                    <TrackedMethodRef uid="4" vc="1" />
                    <TrackedMethodRef uid="3" vc="1" />
                    <TrackedMethodRef uid="5" vc="1" />
                    <TrackedMethodRef uid="17" vc="1" />
                    <TrackedMethodRef uid="16" vc="1" />
                    <TrackedMethodRef uid="19" vc="1" />
                    <TrackedMethodRef uid="18" vc="1" />
                    <TrackedMethodRef uid="20" vc="1" />
                  </TrackedMethodRefs>
                </SequencePoint>
                <SequencePoint vc="20" uspid="3" ordinal="2" offset="8" sl="15" sc="13" el="15" ec="46" bec="0" bev="0" fileid="1">
                  <TrackedMethodRefs>
                    <TrackedMethodRef uid="7" vc="1" />
                    <TrackedMethodRef uid="6" vc="1" />
                    <TrackedMethodRef uid="9" vc="1" />
                    <TrackedMethodRef uid="8" vc="1" />
                    <TrackedMethodRef uid="10" vc="1" />
                    <TrackedMethodRef uid="12" vc="1" />
                    <TrackedMethodRef uid="11" vc="1" />
                    <TrackedMethodRef uid="14" vc="1" />
                    <TrackedMethodRef uid="13" vc="1" />
                    <TrackedMethodRef uid="15" vc="1" />
                    <TrackedMethodRef uid="2" vc="1" />
                    <TrackedMethodRef uid="1" vc="1" />
                    <TrackedMethodRef uid="4" vc="1" />
                    <TrackedMethodRef uid="3" vc="1" />
                    <TrackedMethodRef uid="5" vc="1" />
                    <TrackedMethodRef uid="17" vc="1" />
                    <TrackedMethodRef uid="16" vc="1" />
                    <TrackedMethodRef uid="19" vc="1" />
                    <TrackedMethodRef uid="18" vc="1" />
                    <TrackedMethodRef uid="20" vc="1" />
                  </TrackedMethodRefs>
                </SequencePoint>
                <SequencePoint vc="20" uspid="4" ordinal="3" offset="20" sl="16" sc="13" el="16" ec="58" bec="0" bev="0" fileid="1">
                  <TrackedMethodRefs>
                    <TrackedMethodRef uid="7" vc="1" />
                    <TrackedMethodRef uid="6" vc="1" />
                    <TrackedMethodRef uid="9" vc="1" />
                    <TrackedMethodRef uid="8" vc="1" />
                    <TrackedMethodRef uid="10" vc="1" />
                    <TrackedMethodRef uid="12" vc="1" />
                    <TrackedMethodRef uid="11" vc="1" />
                    <TrackedMethodRef uid="14" vc="1" />
                    <TrackedMethodRef uid="13" vc="1" />
                    <TrackedMethodRef uid="15" vc="1" />
                    <TrackedMethodRef uid="2" vc="1" />
                    <TrackedMethodRef uid="1" vc="1" />
                    <TrackedMethodRef uid="4" vc="1" />
                    <TrackedMethodRef uid="3" vc="1" />
                    <TrackedMethodRef uid="5" vc="1" />
                    <TrackedMethodRef uid="17" vc="1" />
                    <TrackedMethodRef uid="16" vc="1" />
                    <TrackedMethodRef uid="19" vc="1" />
                    <TrackedMethodRef uid="18" vc="1" />
                    <TrackedMethodRef uid="20" vc="1" />
                  </TrackedMethodRefs>
                </SequencePoint>
                <SequencePoint vc="20" uspid="5" ordinal="4" offset="31" sl="17" sc="13" el="17" ec="46" bec="0" bev="0" fileid="1">
                  <TrackedMethodRefs>
                    <TrackedMethodRef uid="7" vc="1" />
                    <TrackedMethodRef uid="6" vc="1" />
                    <TrackedMethodRef uid="9" vc="1" />
                    <TrackedMethodRef uid="8" vc="1" />
                    <TrackedMethodRef uid="10" vc="1" />
                    <TrackedMethodRef uid="12" vc="1" />
                    <TrackedMethodRef uid="11" vc="1" />
                    <TrackedMethodRef uid="14" vc="1" />
                    <TrackedMethodRef uid="13" vc="1" />
                    <TrackedMethodRef uid="15" vc="1" />
                    <TrackedMethodRef uid="2" vc="1" />
                    <TrackedMethodRef uid="1" vc="1" />
                    <TrackedMethodRef uid="4" vc="1" />
                    <TrackedMethodRef uid="3" vc="1" />
                    <TrackedMethodRef uid="5" vc="1" />
                    <TrackedMethodRef uid="17" vc="1" />
                    <TrackedMethodRef uid="16" vc="1" />
                    <TrackedMethodRef uid="19" vc="1" />
                    <TrackedMethodRef uid="18" vc="1" />
                    <TrackedMethodRef uid="20" vc="1" />
                  </TrackedMethodRefs>
                </SequencePoint>
                <SequencePoint vc="20" uspid="6" ordinal="5" offset="42" sl="18" sc="13" el="18" ec="52" bec="0" bev="0" fileid="1">
                  <TrackedMethodRefs>
                    <TrackedMethodRef uid="7" vc="1" />
                    <TrackedMethodRef uid="6" vc="1" />
                    <TrackedMethodRef uid="9" vc="1" />
                    <TrackedMethodRef uid="8" vc="1" />
                    <TrackedMethodRef uid="10" vc="1" />
                    <TrackedMethodRef uid="12" vc="1" />
                    <TrackedMethodRef uid="11" vc="1" />
                    <TrackedMethodRef uid="14" vc="1" />
                    <TrackedMethodRef uid="13" vc="1" />
                    <TrackedMethodRef uid="15" vc="1" />
                    <TrackedMethodRef uid="2" vc="1" />
                    <TrackedMethodRef uid="1" vc="1" />
                    <TrackedMethodRef uid="4" vc="1" />
                    <TrackedMethodRef uid="3" vc="1" />
                    <TrackedMethodRef uid="5" vc="1" />
                    <TrackedMethodRef uid="17" vc="1" />
                    <TrackedMethodRef uid="16" vc="1" />
                    <TrackedMethodRef uid="19" vc="1" />
                    <TrackedMethodRef uid="18" vc="1" />
                    <TrackedMethodRef uid="20" vc="1" />
                  </TrackedMethodRefs>
                </SequencePoint>
                <SequencePoint vc="20" uspid="7" ordinal="6" offset="53" sl="19" sc="9" el="19" ec="10" bec="0" bev="0" fileid="1">
                  <TrackedMethodRefs>
                    <TrackedMethodRef uid="7" vc="1" />
                    <TrackedMethodRef uid="6" vc="1" />
                    <TrackedMethodRef uid="9" vc="1" />
                    <TrackedMethodRef uid="8" vc="1" />
                    <TrackedMethodRef uid="10" vc="1" />
                    <TrackedMethodRef uid="12" vc="1" />
                    <TrackedMethodRef uid="11" vc="1" />
                    <TrackedMethodRef uid="14" vc="1" />
                    <TrackedMethodRef uid="13" vc="1" />
                    <TrackedMethodRef uid="15" vc="1" />
                    <TrackedMethodRef uid="2" vc="1" />
                    <TrackedMethodRef uid="1" vc="1" />
                    <TrackedMethodRef uid="4" vc="1" />
                    <TrackedMethodRef uid="3" vc="1" />
                    <TrackedMethodRef uid="5" vc="1" />
                    <TrackedMethodRef uid="17" vc="1" />
                    <TrackedMethodRef uid="16" vc="1" />
                    <TrackedMethodRef uid="19" vc="1" />
                    <TrackedMethodRef uid="18" vc="1" />
                    <TrackedMethodRef uid="20" vc="1" />
                  </TrackedMethodRefs>
                </SequencePoint>
              </SequencePoints>
              <BranchPoints />
              <MethodPoint xsi:type="SequencePoint" vc="20" uspid="1" ordinal="0" offset="0" sl="13" sc="9" el="13" ec="29" bec="0" bev="0" fileid="1">
                <TrackedMethodRefs>
                  <TrackedMethodRef uid="7" vc="1" />
                  <TrackedMethodRef uid="6" vc="1" />
                  <TrackedMethodRef uid="9" vc="1" />
                  <TrackedMethodRef uid="8" vc="1" />
                  <TrackedMethodRef uid="10" vc="1" />
                  <TrackedMethodRef uid="12" vc="1" />
                  <TrackedMethodRef uid="11" vc="1" />
                  <TrackedMethodRef uid="14" vc="1" />
                  <TrackedMethodRef uid="13" vc="1" />
                  <TrackedMethodRef uid="15" vc="1" />
                  <TrackedMethodRef uid="2" vc="1" />
                  <TrackedMethodRef uid="1" vc="1" />
                  <TrackedMethodRef uid="4" vc="1" />
                  <TrackedMethodRef uid="3" vc="1" />
                  <TrackedMethodRef uid="5" vc="1" />
                  <TrackedMethodRef uid="17" vc="1" />
                  <TrackedMethodRef uid="16" vc="1" />
                  <TrackedMethodRef uid="19" vc="1" />
                  <TrackedMethodRef uid="18" vc="1" />
                  <TrackedMethodRef uid="20" vc="1" />
                </TrackedMethodRefs>
              </MethodPoint>
            </Method>
            <Method visited="true" cyclomaticComplexity="1" nPathComplexity="0" sequenceCoverage="100" branchCoverage="100" crapScore="1" isConstructor="false" isStatic="false" isGetter="false" isSetter="false">
              <Summary numSequencePoints="3" visitedSequencePoints="3" numBranchPoints="1" visitedBranchPoints="1" sequenceCoverage="100" branchCoverage="100" maxCyclomaticComplexity="1" minCyclomaticComplexity="1" maxCrapScore="1" minCrapScore="1" visitedClasses="0" numClasses="0" visitedMethods="1" numMethods="1" />
              <MetadataToken>100663303</MetadataToken>
              <Name>System.Int32 Project_Manager_Unit_Test.TestContext::SaveChanges()</Name>
              <FileRef uid="1" />
              <SequencePoints>
                <SequencePoint vc="7" uspid="8" ordinal="0" offset="0" sl="28" sc="9" el="28" ec="10" bec="0" bev="0" fileid="1">
                  <TrackedMethodRefs>
                    <TrackedMethodRef uid="7" vc="1" />
                    <TrackedMethodRef uid="8" vc="1" />
                    <TrackedMethodRef uid="12" vc="1" />
                    <TrackedMethodRef uid="2" vc="1" />
                    <TrackedMethodRef uid="3" vc="1" />
                    <TrackedMethodRef uid="17" vc="1" />
                    <TrackedMethodRef uid="18" vc="1" />
                  </TrackedMethodRefs>
                </SequencePoint>
                <SequencePoint vc="7" uspid="9" ordinal="1" offset="1" sl="29" sc="13" el="29" ec="22" bec="0" bev="0" fileid="1">
                  <TrackedMethodRefs>
                    <TrackedMethodRef uid="7" vc="1" />
                    <TrackedMethodRef uid="8" vc="1" />
                    <TrackedMethodRef uid="12" vc="1" />
                    <TrackedMethodRef uid="2" vc="1" />
                    <TrackedMethodRef uid="3" vc="1" />
                    <TrackedMethodRef uid="17" vc="1" />
                    <TrackedMethodRef uid="18" vc="1" />
                  </TrackedMethodRefs>
                </SequencePoint>
                <SequencePoint vc="7" uspid="10" ordinal="2" offset="5" sl="30" sc="9" el="30" ec="10" bec="0" bev="0" fileid="1">
                  <TrackedMethodRefs>
                    <TrackedMethodRef uid="7" vc="1" />
                    <TrackedMethodRef uid="8" vc="1" />
                    <TrackedMethodRef uid="12" vc="1" />
                    <TrackedMethodRef uid="2" vc="1" />
                    <TrackedMethodRef uid="3" vc="1" />
                    <TrackedMethodRef uid="17" vc="1" />
                    <TrackedMethodRef uid="18" vc="1" />
                  </TrackedMethodRefs>
                </SequencePoint>
              </SequencePoints>
              <BranchPoints />
              <MethodPoint xsi:type="SequencePoint" vc="7" uspid="8" ordinal="0" offset="0" sl="28" sc="9" el="28" ec="10" bec="0" bev="0" fileid="1">
                <TrackedMethodRefs>
                  <TrackedMethodRef uid="7" vc="1" />
                  <TrackedMethodRef uid="8" vc="1" />
                  <TrackedMethodRef uid="12" vc="1" />
                  <TrackedMethodRef uid="2" vc="1" />
                  <TrackedMethodRef uid="3" vc="1" />
                  <TrackedMethodRef uid="17" vc="1" />
                  <TrackedMethodRef uid="18" vc="1" />
                </TrackedMethodRefs>
              </MethodPoint>
            </Method>
            <Method visited="false" cyclomaticComplexity="1" nPathComplexity="0" sequenceCoverage="0" branchCoverage="0" crapScore="2" isConstructor="false" isStatic="false" isGetter="false" isSetter="false">
              <Summary numSequencePoints="2" visitedSequencePoints="0" numBranchPoints="1" visitedBranchPoints="0" sequenceCoverage="0" branchCoverage="0" maxCyclomaticComplexity="1" minCyclomaticComplexity="1" maxCrapScore="2" minCrapScore="2" visitedClasses="0" numClasses="0" visitedMethods="0" numMethods="1" />
              <MetadataToken>100663304</MetadataToken>
              <Name>System.Void Project_Manager_Unit_Test.TestContext::Dispose()</Name>
              <FileRef uid="1" />
              <SequencePoints>
                <SequencePoint vc="0" uspid="11" ordinal="0" offset="0" sl="34" sc="9" el="34" ec="10" bec="0" bev="0" fileid="1" />
                <SequencePoint vc="0" uspid="12" ordinal="1" offset="1" sl="34" sc="11" el="34" ec="12" bec="0" bev="0" fileid="1" />
              </SequencePoints>
              <BranchPoints />
              <MethodPoint xsi:type="SequencePoint" vc="0" uspid="11" ordinal="0" offset="0" sl="34" sc="9" el="34" ec="10" bec="0" bev="0" fileid="1" />
            </Method>
          </Methods>
        </Class>
        <Class>
          <Summary numSequencePoints="19" visitedSequencePoints="19" numBranchPoints="5" visitedBranchPoints="5" sequenceCoverage="100" branchCoverage="100" maxCyclomaticComplexity="1" minCyclomaticComplexity="1" maxCrapScore="1" minCrapScore="1" visitedClasses="1" numClasses="1" visitedMethods="5" numMethods="5" />
          <FullName>Project_Manager_Unit_Test.TestDbSet`1</FullName>
          <Methods>
            <Method visited="true" cyclomaticComplexity="1" nPathComplexity="0" sequenceCoverage="100" branchCoverage="100" crapScore="1" isConstructor="false" isStatic="false" isGetter="true" isSetter="false">
              <Summary numSequencePoints="3" visitedSequencePoints="3" numBranchPoints="1" visitedBranchPoints="1" sequenceCoverage="100" branchCoverage="100" maxCyclomaticComplexity="1" minCyclomaticComplexity="1" maxCrapScore="1" minCrapScore="1" visitedClasses="0" numClasses="0" visitedMethods="1" numMethods="1" />
              <MetadataToken>100663308</MetadataToken>
              <Name>System.Linq.Expressions.Expression Project_Manager_Unit_Test.TestDbSet`1::System.Linq.IQueryable.get_Expression()</Name>
              <FileRef uid="2" />
              <SequencePoints>
                <SequencePoint vc="21" uspid="13" ordinal="0" offset="0" sl="63" sc="17" el="63" ec="18" bec="0" bev="0" fileid="2">
                  <TrackedMethodRefs>
                    <TrackedMethodRef uid="7" vc="1" />
                    <TrackedMethodRef uid="6" vc="1" />
                    <TrackedMethodRef uid="9" vc="1" />
                    <TrackedMethodRef uid="12" vc="1" />
                    <TrackedMethodRef uid="11" vc="5" />
                    <TrackedMethodRef uid="14" vc="2" />
                    <TrackedMethodRef uid="2" vc="1" />
                    <TrackedMethodRef uid="1" vc="2" />
                    <TrackedMethodRef uid="4" vc="4" />
                    <TrackedMethodRef uid="17" vc="1" />
                    <TrackedMethodRef uid="16" vc="1" />
                    <TrackedMethodRef uid="19" vc="1" />
                  </TrackedMethodRefs>
                </SequencePoint>
                <SequencePoint vc="21" uspid="14" ordinal="1" offset="1" sl="63" sc="19" el="63" ec="44" bec="0" bev="0" fileid="2">
                  <TrackedMethodRefs>
                    <TrackedMethodRef uid="7" vc="1" />
                    <TrackedMethodRef uid="6" vc="1" />
                    <TrackedMethodRef uid="9" vc="1" />
                    <TrackedMethodRef uid="12" vc="1" />
                    <TrackedMethodRef uid="11" vc="5" />
                    <TrackedMethodRef uid="14" vc="2" />
                    <TrackedMethodRef uid="2" vc="1" />
                    <TrackedMethodRef uid="1" vc="2" />
                    <TrackedMethodRef uid="4" vc="4" />
                    <TrackedMethodRef uid="17" vc="1" />
                    <TrackedMethodRef uid="16" vc="1" />
                    <TrackedMethodRef uid="19" vc="1" />
                  </TrackedMethodRefs>
                </SequencePoint>
                <SequencePoint vc="21" uspid="15" ordinal="2" offset="15" sl="63" sc="45" el="63" ec="46" bec="0" bev="0" fileid="2">
                  <TrackedMethodRefs>
                    <TrackedMethodRef uid="7" vc="1" />
                    <TrackedMethodRef uid="6" vc="1" />
                    <TrackedMethodRef uid="9" vc="1" />
                    <TrackedMethodRef uid="12" vc="1" />
                    <TrackedMethodRef uid="11" vc="5" />
                    <TrackedMethodRef uid="14" vc="2" />
                    <TrackedMethodRef uid="2" vc="1" />
                    <TrackedMethodRef uid="1" vc="2" />
                    <TrackedMethodRef uid="4" vc="4" />
                    <TrackedMethodRef uid="17" vc="1" />
                    <TrackedMethodRef uid="16" vc="1" />
                    <TrackedMethodRef uid="19" vc="1" />
                  </TrackedMethodRefs>
                </SequencePoint>
              </SequencePoints>
              <BranchPoints />
              <MethodPoint xsi:type="SequencePoint" vc="21" uspid="13" ordinal="0" offset="0" sl="63" sc="17" el="63" ec="18" bec="0" bev="0" fileid="2">
                <TrackedMethodRefs>
                  <TrackedMethodRef uid="7" vc="1" />
                  <TrackedMethodRef uid="6" vc="1" />
                  <TrackedMethodRef uid="9" vc="1" />
                  <TrackedMethodRef uid="12" vc="1" />
                  <TrackedMethodRef uid="11" vc="5" />
                  <TrackedMethodRef uid="14" vc="2" />
                  <TrackedMethodRef uid="2" vc="1" />
                  <TrackedMethodRef uid="1" vc="2" />
                  <TrackedMethodRef uid="4" vc="4" />
                  <TrackedMethodRef uid="17" vc="1" />
                  <TrackedMethodRef uid="16" vc="1" />
                  <TrackedMethodRef uid="19" vc="1" />
                </TrackedMethodRefs>
              </MethodPoint>
            </Method>
            <Method visited="true" cyclomaticComplexity="1" nPathComplexity="0" sequenceCoverage="100" branchCoverage="100" crapScore="1" isConstructor="false" isStatic="false" isGetter="true" isSetter="false">
              <Summary numSequencePoints="3" visitedSequencePoints="3" numBranchPoints="1" visitedBranchPoints="1" sequenceCoverage="100" branchCoverage="100" maxCyclomaticComplexity="1" minCyclomaticComplexity="1" maxCrapScore="1" minCrapScore="1" visitedClasses="0" numClasses="0" visitedMethods="1" numMethods="1" />
              <MetadataToken>100663309</MetadataToken>
              <Name>System.Linq.IQueryProvider Project_Manager_Unit_Test.TestDbSet`1::System.Linq.IQueryable.get_Provider()</Name>
              <FileRef uid="2" />
              <SequencePoints>
                <SequencePoint vc="14" uspid="16" ordinal="0" offset="0" sl="68" sc="17" el="68" ec="18" bec="0" bev="0" fileid="2">
                  <TrackedMethodRefs>
                    <TrackedMethodRef uid="7" vc="1" />
                    <TrackedMethodRef uid="6" vc="1" />
                    <TrackedMethodRef uid="9" vc="1" />
                    <TrackedMethodRef uid="12" vc="1" />
                    <TrackedMethodRef uid="11" vc="3" />
                    <TrackedMethodRef uid="14" vc="1" />
                    <TrackedMethodRef uid="2" vc="1" />
                    <TrackedMethodRef uid="1" vc="1" />
                    <TrackedMethodRef uid="4" vc="1" />
                    <TrackedMethodRef uid="17" vc="1" />
                    <TrackedMethodRef uid="16" vc="1" />
                    <TrackedMethodRef uid="19" vc="1" />
                  </TrackedMethodRefs>
                </SequencePoint>
                <SequencePoint vc="14" uspid="17" ordinal="1" offset="1" sl="68" sc="19" el="68" ec="42" bec="0" bev="0" fileid="2">
                  <TrackedMethodRefs>
                    <TrackedMethodRef uid="7" vc="1" />
                    <TrackedMethodRef uid="6" vc="1" />
                    <TrackedMethodRef uid="9" vc="1" />
                    <TrackedMethodRef uid="12" vc="1" />
                    <TrackedMethodRef uid="11" vc="3" />
                    <TrackedMethodRef uid="14" vc="1" />
                    <TrackedMethodRef uid="2" vc="1" />
                    <TrackedMethodRef uid="1" vc="1" />
                    <TrackedMethodRef uid="4" vc="1" />
                    <TrackedMethodRef uid="17" vc="1" />
                    <TrackedMethodRef uid="16" vc="1" />
                    <TrackedMethodRef uid="19" vc="1" />
                  </TrackedMethodRefs>
                </SequencePoint>
                <SequencePoint vc="14" uspid="18" ordinal="2" offset="15" sl="68" sc="43" el="68" ec="44" bec="0" bev="0" fileid="2">
                  <TrackedMethodRefs>
                    <TrackedMethodRef uid="7" vc="1" />
                    <TrackedMethodRef uid="6" vc="1" />
                    <TrackedMethodRef uid="9" vc="1" />
                    <TrackedMethodRef uid="12" vc="1" />
                    <TrackedMethodRef uid="11" vc="3" />
                    <TrackedMethodRef uid="14" vc="1" />
                    <TrackedMethodRef uid="2" vc="1" />
                    <TrackedMethodRef uid="1" vc="1" />
                    <TrackedMethodRef uid="4" vc="1" />
                    <TrackedMethodRef uid="17" vc="1" />
                    <TrackedMethodRef uid="16" vc="1" />
                    <TrackedMethodRef uid="19" vc="1" />
                  </TrackedMethodRefs>
                </SequencePoint>
              </SequencePoints>
              <BranchPoints />
              <MethodPoint xsi:type="SequencePoint" vc="14" uspid="16" ordinal="0" offset="0" sl="68" sc="17" el="68" ec="18" bec="0" bev="0" fileid="2">
                <TrackedMethodRefs>
                  <TrackedMethodRef uid="7" vc="1" />
                  <TrackedMethodRef uid="6" vc="1" />
                  <TrackedMethodRef uid="9" vc="1" />
                  <TrackedMethodRef uid="12" vc="1" />
                  <TrackedMethodRef uid="11" vc="3" />
                  <TrackedMethodRef uid="14" vc="1" />
                  <TrackedMethodRef uid="2" vc="1" />
                  <TrackedMethodRef uid="1" vc="1" />
                  <TrackedMethodRef uid="4" vc="1" />
                  <TrackedMethodRef uid="17" vc="1" />
                  <TrackedMethodRef uid="16" vc="1" />
                  <TrackedMethodRef uid="19" vc="1" />
                </TrackedMethodRefs>
              </MethodPoint>
            </Method>
            <Method visited="true" cyclomaticComplexity="1" nPathComplexity="0" sequenceCoverage="100" branchCoverage="100" crapScore="1" isConstructor="true" isStatic="false" isGetter="false" isSetter="false">
              <Summary numSequencePoints="5" visitedSequencePoints="5" numBranchPoints="1" visitedBranchPoints="1" sequenceCoverage="100" branchCoverage="100" maxCyclomaticComplexity="1" minCyclomaticComplexity="1" maxCrapScore="1" minCrapScore="1" visitedClasses="0" numClasses="0" visitedMethods="1" numMethods="1" />
              <MetadataToken>100663305</MetadataToken>
              <Name>System.Void Project_Manager_Unit_Test.TestDbSet`1::.ctor()</Name>
              <FileRef uid="2" />
              <SequencePoints>
                <SequencePoint vc="80" uspid="19" ordinal="0" offset="0" sl="17" sc="9" el="17" ec="27" bec="0" bev="0" fileid="2">
                  <TrackedMethodRefs>
                    <TrackedMethodRef uid="7" vc="4" />
                    <TrackedMethodRef uid="6" vc="4" />
                    <TrackedMethodRef uid="9" vc="4" />
                    <TrackedMethodRef uid="8" vc="4" />
                    <TrackedMethodRef uid="10" vc="4" />
                    <TrackedMethodRef uid="12" vc="4" />
                    <TrackedMethodRef uid="11" vc="4" />
                    <TrackedMethodRef uid="14" vc="4" />
                    <TrackedMethodRef uid="13" vc="4" />
                    <TrackedMethodRef uid="15" vc="4" />
                    <TrackedMethodRef uid="2" vc="4" />
                    <TrackedMethodRef uid="1" vc="4" />
                    <TrackedMethodRef uid="4" vc="4" />
                    <TrackedMethodRef uid="3" vc="4" />
                    <TrackedMethodRef uid="5" vc="4" />
                    <TrackedMethodRef uid="17" vc="4" />
                    <TrackedMethodRef uid="16" vc="4" />
                    <TrackedMethodRef uid="19" vc="4" />
                    <TrackedMethodRef uid="18" vc="4" />
                    <TrackedMethodRef uid="20" vc="4" />
                  </TrackedMethodRefs>
                </SequencePoint>
                <SequencePoint vc="80" uspid="20" ordinal="1" offset="7" sl="18" sc="9" el="18" ec="10" bec="0" bev="0" fileid="2">
                  <TrackedMethodRefs>
                    <TrackedMethodRef uid="7" vc="4" />
                    <TrackedMethodRef uid="6" vc="4" />
                    <TrackedMethodRef uid="9" vc="4" />
                    <TrackedMethodRef uid="8" vc="4" />
                    <TrackedMethodRef uid="10" vc="4" />
                    <TrackedMethodRef uid="12" vc="4" />
                    <TrackedMethodRef uid="11" vc="4" />
                    <TrackedMethodRef uid="14" vc="4" />
                    <TrackedMethodRef uid="13" vc="4" />
                    <TrackedMethodRef uid="15" vc="4" />
                    <TrackedMethodRef uid="2" vc="4" />
                    <TrackedMethodRef uid="1" vc="4" />
                    <TrackedMethodRef uid="4" vc="4" />
                    <TrackedMethodRef uid="3" vc="4" />
                    <TrackedMethodRef uid="5" vc="4" />
                    <TrackedMethodRef uid="17" vc="4" />
                    <TrackedMethodRef uid="16" vc="4" />
                    <TrackedMethodRef uid="19" vc="4" />
                    <TrackedMethodRef uid="18" vc="4" />
                    <TrackedMethodRef uid="20" vc="4" />
                  </TrackedMethodRefs>
                </SequencePoint>
                <SequencePoint vc="80" uspid="21" ordinal="2" offset="8" sl="19" sc="13" el="19" ec="51" bec="0" bev="0" fileid="2">
                  <TrackedMethodRefs>
                    <TrackedMethodRef uid="7" vc="4" />
                    <TrackedMethodRef uid="6" vc="4" />
                    <TrackedMethodRef uid="9" vc="4" />
                    <TrackedMethodRef uid="8" vc="4" />
                    <TrackedMethodRef uid="10" vc="4" />
                    <TrackedMethodRef uid="12" vc="4" />
                    <TrackedMethodRef uid="11" vc="4" />
                    <TrackedMethodRef uid="14" vc="4" />
                    <TrackedMethodRef uid="13" vc="4" />
                    <TrackedMethodRef uid="15" vc="4" />
                    <TrackedMethodRef uid="2" vc="4" />
                    <TrackedMethodRef uid="1" vc="4" />
                    <TrackedMethodRef uid="4" vc="4" />
                    <TrackedMethodRef uid="3" vc="4" />
                    <TrackedMethodRef uid="5" vc="4" />
                    <TrackedMethodRef uid="17" vc="4" />
                    <TrackedMethodRef uid="16" vc="4" />
                    <TrackedMethodRef uid="19" vc="4" />
                    <TrackedMethodRef uid="18" vc="4" />
                    <TrackedMethodRef uid="20" vc="4" />
                  </TrackedMethodRefs>
                </SequencePoint>
                <SequencePoint vc="80" uspid="22" ordinal="3" offset="19" sl="20" sc="13" el="20" ec="42" bec="0" bev="0" fileid="2">
                  <TrackedMethodRefs>
                    <TrackedMethodRef uid="7" vc="4" />
                    <TrackedMethodRef uid="6" vc="4" />
                    <TrackedMethodRef uid="9" vc="4" />
                    <TrackedMethodRef uid="8" vc="4" />
                    <TrackedMethodRef uid="10" vc="4" />
                    <TrackedMethodRef uid="12" vc="4" />
                    <TrackedMethodRef uid="11" vc="4" />
                    <TrackedMethodRef uid="14" vc="4" />
                    <TrackedMethodRef uid="13" vc="4" />
                    <TrackedMethodRef uid="15" vc="4" />
                    <TrackedMethodRef uid="2" vc="4" />
                    <TrackedMethodRef uid="1" vc="4" />
                    <TrackedMethodRef uid="4" vc="4" />
                    <TrackedMethodRef uid="3" vc="4" />
                    <TrackedMethodRef uid="5" vc="4" />
                    <TrackedMethodRef uid="17" vc="4" />
                    <TrackedMethodRef uid="16" vc="4" />
                    <TrackedMethodRef uid="19" vc="4" />
                    <TrackedMethodRef uid="18" vc="4" />
                    <TrackedMethodRef uid="20" vc="4" />
                  </TrackedMethodRefs>
                </SequencePoint>
                <SequencePoint vc="80" uspid="23" ordinal="4" offset="36" sl="21" sc="9" el="21" ec="10" bec="0" bev="0" fileid="2">
                  <TrackedMethodRefs>
                    <TrackedMethodRef uid="7" vc="4" />
                    <TrackedMethodRef uid="6" vc="4" />
                    <TrackedMethodRef uid="9" vc="4" />
                    <TrackedMethodRef uid="8" vc="4" />
                    <TrackedMethodRef uid="10" vc="4" />
                    <TrackedMethodRef uid="12" vc="4" />
                    <TrackedMethodRef uid="11" vc="4" />
                    <TrackedMethodRef uid="14" vc="4" />
                    <TrackedMethodRef uid="13" vc="4" />
                    <TrackedMethodRef uid="15" vc="4" />
                    <TrackedMethodRef uid="2" vc="4" />
                    <TrackedMethodRef uid="1" vc="4" />
                    <TrackedMethodRef uid="4" vc="4" />
                    <TrackedMethodRef uid="3" vc="4" />
                    <TrackedMethodRef uid="5" vc="4" />
                    <TrackedMethodRef uid="17" vc="4" />
                    <TrackedMethodRef uid="16" vc="4" />
                    <TrackedMethodRef uid="19" vc="4" />
                    <TrackedMethodRef uid="18" vc="4" />
                    <TrackedMethodRef uid="20" vc="4" />
                  </TrackedMethodRefs>
                </SequencePoint>
              </SequencePoints>
              <BranchPoints />
              <MethodPoint xsi:type="SequencePoint" vc="80" uspid="19" ordinal="0" offset="0" sl="17" sc="9" el="17" ec="27" bec="0" bev="0" fileid="2">
                <TrackedMethodRefs>
                  <TrackedMethodRef uid="7" vc="4" />
                  <TrackedMethodRef uid="6" vc="4" />
                  <TrackedMethodRef uid="9" vc="4" />
                  <TrackedMethodRef uid="8" vc="4" />
                  <TrackedMethodRef uid="10" vc="4" />
                  <TrackedMethodRef uid="12" vc="4" />
                  <TrackedMethodRef uid="11" vc="4" />
                  <TrackedMethodRef uid="14" vc="4" />
                  <TrackedMethodRef uid="13" vc="4" />
                  <TrackedMethodRef uid="15" vc="4" />
                  <TrackedMethodRef uid="2" vc="4" />
                  <TrackedMethodRef uid="1" vc="4" />
                  <TrackedMethodRef uid="4" vc="4" />
                  <TrackedMethodRef uid="3" vc="4" />
                  <TrackedMethodRef uid="5" vc="4" />
                  <TrackedMethodRef uid="17" vc="4" />
                  <TrackedMethodRef uid="16" vc="4" />
                  <TrackedMethodRef uid="19" vc="4" />
                  <TrackedMethodRef uid="18" vc="4" />
                  <TrackedMethodRef uid="20" vc="4" />
                </TrackedMethodRefs>
              </MethodPoint>
            </Method>
            <Method visited="true" cyclomaticComplexity="1" nPathComplexity="0" sequenceCoverage="100" branchCoverage="100" crapScore="1" isConstructor="false" isStatic="false" isGetter="false" isSetter="false">
              <Summary numSequencePoints="4" visitedSequencePoints="4" numBranchPoints="1" visitedBranchPoints="1" sequenceCoverage="100" branchCoverage="100" maxCyclomaticComplexity="1" minCyclomaticComplexity="1" maxCrapScore="1" minCrapScore="1" visitedClasses="0" numClasses="0" visitedMethods="1" numMethods="1" />
              <MetadataToken>100663306</MetadataToken>
              <Name>T Project_Manager_Unit_Test.TestDbSet`1::Add(T)</Name>
              <FileRef uid="2" />
              <SequencePoints>
                <SequencePoint vc="33" uspid="24" ordinal="0" offset="0" sl="24" sc="9" el="24" ec="10" bec="0" bev="0" fileid="2">
                  <TrackedMethodRefs>
                    <TrackedMethodRef uid="7" vc="1" />
                    <TrackedMethodRef uid="6" vc="3" />
                    <TrackedMethodRef uid="9" vc="1" />
                    <TrackedMethodRef uid="8" vc="1" />
                    <TrackedMethodRef uid="12" vc="1" />
                    <TrackedMethodRef uid="11" vc="6" />
                    <TrackedMethodRef uid="14" vc="2" />
                    <TrackedMethodRef uid="2" vc="1" />
                    <TrackedMethodRef uid="1" vc="6" />
                    <TrackedMethodRef uid="4" vc="4" />
                    <TrackedMethodRef uid="3" vc="1" />
                    <TrackedMethodRef uid="17" vc="1" />
                    <TrackedMethodRef uid="16" vc="3" />
                    <TrackedMethodRef uid="19" vc="1" />
                    <TrackedMethodRef uid="18" vc="1" />
                  </TrackedMethodRefs>
                </SequencePoint>
                <SequencePoint vc="33" uspid="25" ordinal="1" offset="1" sl="25" sc="13" el="25" ec="29" bec="0" bev="0" fileid="2">
                  <TrackedMethodRefs>
                    <TrackedMethodRef uid="7" vc="1" />
                    <TrackedMethodRef uid="6" vc="3" />
                    <TrackedMethodRef uid="9" vc="1" />
                    <TrackedMethodRef uid="8" vc="1" />
                    <TrackedMethodRef uid="12" vc="1" />
                    <TrackedMethodRef uid="11" vc="6" />
                    <TrackedMethodRef uid="14" vc="2" />
                    <TrackedMethodRef uid="2" vc="1" />
                    <TrackedMethodRef uid="1" vc="6" />
                    <TrackedMethodRef uid="4" vc="4" />
                    <TrackedMethodRef uid="3" vc="1" />
                    <TrackedMethodRef uid="17" vc="1" />
                    <TrackedMethodRef uid="16" vc="3" />
                    <TrackedMethodRef uid="19" vc="1" />
                    <TrackedMethodRef uid="18" vc="1" />
                  </TrackedMethodRefs>
                </SequencePoint>
                <SequencePoint vc="33" uspid="26" ordinal="2" offset="14" sl="26" sc="13" el="26" ec="25" bec="0" bev="0" fileid="2">
                  <TrackedMethodRefs>
                    <TrackedMethodRef uid="7" vc="1" />
                    <TrackedMethodRef uid="6" vc="3" />
                    <TrackedMethodRef uid="9" vc="1" />
                    <TrackedMethodRef uid="8" vc="1" />
                    <TrackedMethodRef uid="12" vc="1" />
                    <TrackedMethodRef uid="11" vc="6" />
                    <TrackedMethodRef uid="14" vc="2" />
                    <TrackedMethodRef uid="2" vc="1" />
                    <TrackedMethodRef uid="1" vc="6" />
                    <TrackedMethodRef uid="4" vc="4" />
                    <TrackedMethodRef uid="3" vc="1" />
                    <TrackedMethodRef uid="17" vc="1" />
                    <TrackedMethodRef uid="16" vc="3" />
                    <TrackedMethodRef uid="19" vc="1" />
                    <TrackedMethodRef uid="18" vc="1" />
                  </TrackedMethodRefs>
                </SequencePoint>
                <SequencePoint vc="33" uspid="27" ordinal="3" offset="18" sl="27" sc="9" el="27" ec="10" bec="0" bev="0" fileid="2">
                  <TrackedMethodRefs>
                    <TrackedMethodRef uid="7" vc="1" />
                    <TrackedMethodRef uid="6" vc="3" />
                    <TrackedMethodRef uid="9" vc="1" />
                    <TrackedMethodRef uid="8" vc="1" />
                    <TrackedMethodRef uid="12" vc="1" />
                    <TrackedMethodRef uid="11" vc="6" />
                    <TrackedMethodRef uid="14" vc="2" />
                    <TrackedMethodRef uid="2" vc="1" />
                    <TrackedMethodRef uid="1" vc="6" />
                    <TrackedMethodRef uid="4" vc="4" />
                    <TrackedMethodRef uid="3" vc="1" />
                    <TrackedMethodRef uid="17" vc="1" />
                    <TrackedMethodRef uid="16" vc="3" />
                    <TrackedMethodRef uid="19" vc="1" />
                    <TrackedMethodRef uid="18" vc="1" />
                  </TrackedMethodRefs>
                </SequencePoint>
              </SequencePoints>
              <BranchPoints />
              <MethodPoint xsi:type="SequencePoint" vc="33" uspid="24" ordinal="0" offset="0" sl="24" sc="9" el="24" ec="10" bec="0" bev="0" fileid="2">
                <TrackedMethodRefs>
                  <TrackedMethodRef uid="7" vc="1" />
                  <TrackedMethodRef uid="6" vc="3" />
                  <TrackedMethodRef uid="9" vc="1" />
                  <TrackedMethodRef uid="8" vc="1" />
                  <TrackedMethodRef uid="12" vc="1" />
                  <TrackedMethodRef uid="11" vc="6" />
                  <TrackedMethodRef uid="14" vc="2" />
                  <TrackedMethodRef uid="2" vc="1" />
                  <TrackedMethodRef uid="1" vc="6" />
                  <TrackedMethodRef uid="4" vc="4" />
                  <TrackedMethodRef uid="3" vc="1" />
                  <TrackedMethodRef uid="17" vc="1" />
                  <TrackedMethodRef uid="16" vc="3" />
                  <TrackedMethodRef uid="19" vc="1" />
                  <TrackedMethodRef uid="18" vc="1" />
                </TrackedMethodRefs>
              </MethodPoint>
            </Method>
            <Method visited="true" cyclomaticComplexity="1" nPathComplexity="0" sequenceCoverage="100" branchCoverage="100" crapScore="1" isConstructor="false" isStatic="false" isGetter="false" isSetter="false">
              <Summary numSequencePoints="4" visitedSequencePoints="4" numBranchPoints="1" visitedBranchPoints="1" sequenceCoverage="100" branchCoverage="100" maxCyclomaticComplexity="1" minCyclomaticComplexity="1" maxCrapScore="1" minCrapScore="1" visitedClasses="0" numClasses="0" visitedMethods="1" numMethods="1" />
              <MetadataToken>100663307</MetadataToken>
              <Name>T Project_Manager_Unit_Test.TestDbSet`1::Remove(T)</Name>
              <FileRef uid="2" />
              <SequencePoints>
                <SequencePoint vc="4" uspid="28" ordinal="0" offset="0" sl="30" sc="9" el="30" ec="10" bec="0" bev="0" fileid="2">
                  <TrackedMethodRefs>
                    <TrackedMethodRef uid="7" vc="1" />
                    <TrackedMethodRef uid="12" vc="1" />
                    <TrackedMethodRef uid="2" vc="1" />
                    <TrackedMethodRef uid="17" vc="1" />
                  </TrackedMethodRefs>
                </SequencePoint>
                <SequencePoint vc="4" uspid="29" ordinal="1" offset="1" sl="31" sc="13" el="31" ec="32" bec="0" bev="0" fileid="2">
                  <TrackedMethodRefs>
                    <TrackedMethodRef uid="7" vc="1" />
                    <TrackedMethodRef uid="12" vc="1" />
                    <TrackedMethodRef uid="2" vc="1" />
                    <TrackedMethodRef uid="17" vc="1" />
                  </TrackedMethodRefs>
                </SequencePoint>
                <SequencePoint vc="4" uspid="30" ordinal="2" offset="14" sl="32" sc="13" el="32" ec="25" bec="0" bev="0" fileid="2">
                  <TrackedMethodRefs>
                    <TrackedMethodRef uid="7" vc="1" />
                    <TrackedMethodRef uid="12" vc="1" />
                    <TrackedMethodRef uid="2" vc="1" />
                    <TrackedMethodRef uid="17" vc="1" />
                  </TrackedMethodRefs>
                </SequencePoint>
                <SequencePoint vc="4" uspid="31" ordinal="3" offset="18" sl="33" sc="9" el="33" ec="10" bec="0" bev="0" fileid="2">
                  <TrackedMethodRefs>
                    <TrackedMethodRef uid="7" vc="1" />
                    <TrackedMethodRef uid="12" vc="1" />
                    <TrackedMethodRef uid="2" vc="1" />
                    <TrackedMethodRef uid="17" vc="1" />
                  </TrackedMethodRefs>
                </SequencePoint>
              </SequencePoints>
              <BranchPoints />
              <MethodPoint xsi:type="SequencePoint" vc="4" uspid="28" ordinal="0" offset="0" sl="30" sc="9" el="30" ec="10" bec="0" bev="0" fileid="2">
                <TrackedMethodRefs>
                  <TrackedMethodRef uid="7" vc="1" />
                  <TrackedMethodRef uid="12" vc="1" />
                  <TrackedMethodRef uid="2" vc="1" />
                  <TrackedMethodRef uid="17" vc="1" />
                </TrackedMethodRefs>
              </MethodPoint>
            </Method>
          </Methods>
        </Class>
        <Class>
          <Summary numSequencePoints="5" visitedSequencePoints="3" numBranchPoints="2" visitedBranchPoints="1" sequenceCoverage="60" branchCoverage="50" maxCyclomaticComplexity="1" minCyclomaticComplexity="1" maxCrapScore="2" minCrapScore="1" visitedClasses="1" numClasses="1" visitedMethods="1" numMethods="2" />
          <FullName>Project_Manager_Unit_Test.TestParentTaskDbSet</FullName>
          <Methods>
            <Method visited="true" cyclomaticComplexity="1" nPathComplexity="0" sequenceCoverage="100" branchCoverage="100" crapScore="1" isConstructor="false" isStatic="false" isGetter="false" isSetter="false">
              <Summary numSequencePoints="3" visitedSequencePoints="3" numBranchPoints="1" visitedBranchPoints="1" sequenceCoverage="100" branchCoverage="100" maxCyclomaticComplexity="1" minCyclomaticComplexity="1" maxCrapScore="1" minCrapScore="1" visitedClasses="0" numClasses="0" visitedMethods="1" numMethods="1" />
              <MetadataToken>100663310</MetadataToken>
              <Name>Project_Manager_API.Models.Parent_Task Project_Manager_Unit_Test.TestParentTaskDbSet::Find(System.Object[])</Name>
              <FileRef uid="3" />
              <SequencePoints>
                <SequencePoint vc="2" uspid="32" ordinal="0" offset="13" sl="14" sc="9" el="14" ec="10" bec="0" bev="0" fileid="3">
                  <TrackedMethodRefs>
                    <TrackedMethodRef uid="7" vc="1" />
                    <TrackedMethodRef uid="9" vc="1" />
                  </TrackedMethodRefs>
                </SequencePoint>
                <SequencePoint vc="2" uspid="33" ordinal="1" offset="14" sl="15" sc="13" el="15" ec="92" bec="0" bev="0" fileid="3">
                  <TrackedMethodRefs>
                    <TrackedMethodRef uid="7" vc="1" />
                    <TrackedMethodRef uid="9" vc="1" />
                  </TrackedMethodRefs>
                </SequencePoint>
                <SequencePoint vc="2" uspid="34" ordinal="2" offset="161" sl="16" sc="9" el="16" ec="10" bec="0" bev="0" fileid="3">
                  <TrackedMethodRefs>
                    <TrackedMethodRef uid="7" vc="1" />
                    <TrackedMethodRef uid="9" vc="1" />
                  </TrackedMethodRefs>
                </SequencePoint>
              </SequencePoints>
              <BranchPoints />
              <MethodPoint vc="2" uspid="35" ordinal="0" offset="0">
                <TrackedMethodRefs>
                  <TrackedMethodRef uid="7" vc="1" />
                  <TrackedMethodRef uid="9" vc="1" />
                </TrackedMethodRefs>
              </MethodPoint>
            </Method>
            <Method visited="false" cyclomaticComplexity="1" nPathComplexity="0" sequenceCoverage="0" branchCoverage="0" crapScore="2" isConstructor="false" isStatic="true" isGetter="false" isSetter="false">
              <Summary numSequencePoints="2" visitedSequencePoints="0" numBranchPoints="1" visitedBranchPoints="0" sequenceCoverage="0" branchCoverage="0" maxCyclomaticComplexity="1" minCyclomaticComplexity="1" maxCrapScore="2" minCrapScore="2" visitedClasses="0" numClasses="0" visitedMethods="0" numMethods="1" />
              <MetadataToken>100663311</MetadataToken>
              <Name>System.Data.Entity.DbSet`1&lt;System.Object&gt; Project_Manager_Unit_Test.TestParentTaskDbSet::op_Implicit(Project_Manager_Unit_Test.TestParentTaskDbSet)</Name>
              <FileRef uid="3" />
              <SequencePoints>
                <SequencePoint vc="0" uspid="36" ordinal="0" offset="0" sl="19" sc="9" el="19" ec="10" bec="0" bev="0" fileid="3" />
                <SequencePoint vc="0" uspid="37" ordinal="1" offset="1" sl="20" sc="13" el="20" ec="49" bec="0" bev="0" fileid="3" />
              </SequencePoints>
              <BranchPoints />
              <MethodPoint xsi:type="SequencePoint" vc="0" uspid="36" ordinal="0" offset="0" sl="19" sc="9" el="19" ec="10" bec="0" bev="0" fileid="3" />
            </Method>
            <Method visited="false" cyclomaticComplexity="1" nPathComplexity="0" sequenceCoverage="0" branchCoverage="0" crapScore="2" isConstructor="true" isStatic="false" isGetter="false" isSetter="false">
              <Summary numSequencePoints="0" visitedSequencePoints="0" numBranchPoints="0" visitedBranchPoints="0" sequenceCoverage="0" branchCoverage="0" maxCyclomaticComplexity="1" minCyclomaticComplexity="1" maxCrapScore="2" minCrapScore="2" visitedClasses="0" numClasses="0" visitedMethods="0" numMethods="0" />
              <MetadataToken>100663312</MetadataToken>
              <Name>System.Void Project_Manager_Unit_Test.TestParentTaskDbSet::.ctor()</Name>
              <SequencePoints />
              <BranchPoints />
              <MethodPoint vc="0" uspid="38" ordinal="0" offset="0" />
            </Method>
          </Methods>
        </Class>
        <Class>
          <Summary numSequencePoints="0" visitedSequencePoints="0" numBranchPoints="0" visitedBranchPoints="0" sequenceCoverage="0" branchCoverage="0" maxCyclomaticComplexity="1" minCyclomaticComplexity="1" maxCrapScore="2" minCrapScore="2" visitedClasses="0" numClasses="0" visitedMethods="0" numMethods="0" />
          <FullName>Project_Manager_Unit_Test.TestParentTaskDbSet/&lt;&gt;c__DisplayClass0_0</FullName>
          <Methods>
            <Method visited="false" cyclomaticComplexity="1" nPathComplexity="0" sequenceCoverage="0" branchCoverage="0" crapScore="2" isConstructor="true" isStatic="false" isGetter="false" isSetter="false">
              <Summary numSequencePoints="0" visitedSequencePoints="0" numBranchPoints="0" visitedBranchPoints="0" sequenceCoverage="0" branchCoverage="0" maxCyclomaticComplexity="1" minCyclomaticComplexity="1" maxCrapScore="2" minCrapScore="2" visitedClasses="0" numClasses="0" visitedMethods="0" numMethods="0" />
              <MetadataToken>100663355</MetadataToken>
              <Name>System.Void Project_Manager_Unit_Test.TestParentTaskDbSet/&lt;&gt;c__DisplayClass0_0::.ctor()</Name>
              <SequencePoints />
              <BranchPoints />
              <MethodPoint vc="0" uspid="39" ordinal="0" offset="0" />
            </Method>
          </Methods>
        </Class>
        <Class>
          <Summary numSequencePoints="5" visitedSequencePoints="3" numBranchPoints="2" visitedBranchPoints="1" sequenceCoverage="60" branchCoverage="50" maxCyclomaticComplexity="1" minCyclomaticComplexity="1" maxCrapScore="2" minCrapScore="1" visitedClasses="1" numClasses="1" visitedMethods="1" numMethods="2" />
          <FullName>Project_Manager_Unit_Test.TestProjectDbSet</FullName>
          <Methods>
            <Method visited="true" cyclomaticComplexity="1" nPathComplexity="0" sequenceCoverage="100" branchCoverage="100" crapScore="1" isConstructor="false" isStatic="false" isGetter="false" isSetter="false">
              <Summary numSequencePoints="3" visitedSequencePoints="3" numBranchPoints="1" visitedBranchPoints="1" sequenceCoverage="100" branchCoverage="100" maxCyclomaticComplexity="1" minCyclomaticComplexity="1" maxCrapScore="1" minCrapScore="1" visitedClasses="0" numClasses="0" visitedMethods="1" numMethods="1" />
              <MetadataToken>100663313</MetadataToken>
              <Name>Project_Manager_API.Models.Project Project_Manager_Unit_Test.TestProjectDbSet::Find(System.Object[])</Name>
              <FileRef uid="4" />
              <SequencePoints>
                <SequencePoint vc="1" uspid="40" ordinal="0" offset="13" sl="13" sc="9" el="13" ec="10" bec="0" bev="0" fileid="4">
                  <TrackedMethodRefs>
                    <TrackedMethodRef uid="12" vc="1" />
                  </TrackedMethodRefs>
                </SequencePoint>
                <SequencePoint vc="1" uspid="41" ordinal="1" offset="14" sl="14" sc="13" el="14" ec="93" bec="0" bev="0" fileid="4">
                  <TrackedMethodRefs>
                    <TrackedMethodRef uid="12" vc="1" />
                  </TrackedMethodRefs>
                </SequencePoint>
                <SequencePoint vc="1" uspid="42" ordinal="2" offset="161" sl="15" sc="9" el="15" ec="10" bec="0" bev="0" fileid="4">
                  <TrackedMethodRefs>
                    <TrackedMethodRef uid="12" vc="1" />
                  </TrackedMethodRefs>
                </SequencePoint>
              </SequencePoints>
              <BranchPoints />
              <MethodPoint vc="1" uspid="43" ordinal="0" offset="0">
                <TrackedMethodRefs>
                  <TrackedMethodRef uid="12" vc="1" />
                </TrackedMethodRefs>
              </MethodPoint>
            </Method>
            <Method visited="false" cyclomaticComplexity="1" nPathComplexity="0" sequenceCoverage="0" branchCoverage="0" crapScore="2" isConstructor="false" isStatic="true" isGetter="false" isSetter="false">
              <Summary numSequencePoints="2" visitedSequencePoints="0" numBranchPoints="1" visitedBranchPoints="0" sequenceCoverage="0" branchCoverage="0" maxCyclomaticComplexity="1" minCyclomaticComplexity="1" maxCrapScore="2" minCrapScore="2" visitedClasses="0" numClasses="0" visitedMethods="0" numMethods="1" />
              <MetadataToken>100663314</MetadataToken>
              <Name>System.Data.Entity.DbSet`1&lt;System.Object&gt; Project_Manager_Unit_Test.TestProjectDbSet::op_Implicit(Project_Manager_Unit_Test.TestProjectDbSet)</Name>
              <FileRef uid="4" />
              <SequencePoints>
                <SequencePoint vc="0" uspid="44" ordinal="0" offset="0" sl="18" sc="9" el="18" ec="10" bec="0" bev="0" fileid="4" />
                <SequencePoint vc="0" uspid="45" ordinal="1" offset="1" sl="19" sc="13" el="19" ec="49" bec="0" bev="0" fileid="4" />
              </SequencePoints>
              <BranchPoints />
              <MethodPoint xsi:type="SequencePoint" vc="0" uspid="44" ordinal="0" offset="0" sl="18" sc="9" el="18" ec="10" bec="0" bev="0" fileid="4" />
            </Method>
            <Method visited="false" cyclomaticComplexity="1" nPathComplexity="0" sequenceCoverage="0" branchCoverage="0" crapScore="2" isConstructor="true" isStatic="false" isGetter="false" isSetter="false">
              <Summary numSequencePoints="0" visitedSequencePoints="0" numBranchPoints="0" visitedBranchPoints="0" sequenceCoverage="0" branchCoverage="0" maxCyclomaticComplexity="1" minCyclomaticComplexity="1" maxCrapScore="2" minCrapScore="2" visitedClasses="0" numClasses="0" visitedMethods="0" numMethods="0" />
              <MetadataToken>100663315</MetadataToken>
              <Name>System.Void Project_Manager_Unit_Test.TestProjectDbSet::.ctor()</Name>
              <SequencePoints />
              <BranchPoints />
              <MethodPoint vc="0" uspid="46" ordinal="0" offset="0" />
            </Method>
          </Methods>
        </Class>
        <Class>
          <Summary numSequencePoints="0" visitedSequencePoints="0" numBranchPoints="0" visitedBranchPoints="0" sequenceCoverage="0" branchCoverage="0" maxCyclomaticComplexity="1" minCyclomaticComplexity="1" maxCrapScore="2" minCrapScore="2" visitedClasses="0" numClasses="0" visitedMethods="0" numMethods="0" />
          <FullName>Project_Manager_Unit_Test.TestProjectDbSet/&lt;&gt;c__DisplayClass0_0</FullName>
          <Methods>
            <Method visited="false" cyclomaticComplexity="1" nPathComplexity="0" sequenceCoverage="0" branchCoverage="0" crapScore="2" isConstructor="true" isStatic="false" isGetter="false" isSetter="false">
              <Summary numSequencePoints="0" visitedSequencePoints="0" numBranchPoints="0" visitedBranchPoints="0" sequenceCoverage="0" branchCoverage="0" maxCyclomaticComplexity="1" minCyclomaticComplexity="1" maxCrapScore="2" minCrapScore="2" visitedClasses="0" numClasses="0" visitedMethods="0" numMethods="0" />
              <MetadataToken>100663356</MetadataToken>
              <Name>System.Void Project_Manager_Unit_Test.TestProjectDbSet/&lt;&gt;c__DisplayClass0_0::.ctor()</Name>
              <SequencePoints />
              <BranchPoints />
              <MethodPoint vc="0" uspid="47" ordinal="0" offset="0" />
            </Method>
          </Methods>
        </Class>
        <Class>
          <Summary numSequencePoints="5" visitedSequencePoints="3" numBranchPoints="2" visitedBranchPoints="1" sequenceCoverage="60" branchCoverage="50" maxCyclomaticComplexity="1" minCyclomaticComplexity="1" maxCrapScore="2" minCrapScore="1" visitedClasses="1" numClasses="1" visitedMethods="1" numMethods="2" />
          <FullName>Project_Manager_Unit_Test.TestTaskDbSet</FullName>
          <Methods>
            <Method visited="true" cyclomaticComplexity="1" nPathComplexity="0" sequenceCoverage="100" branchCoverage="100" crapScore="1" isConstructor="false" isStatic="false" isGetter="false" isSetter="false">
              <Summary numSequencePoints="3" visitedSequencePoints="3" numBranchPoints="1" visitedBranchPoints="1" sequenceCoverage="100" branchCoverage="100" maxCyclomaticComplexity="1" minCyclomaticComplexity="1" maxCrapScore="1" minCrapScore="1" visitedClasses="0" numClasses="0" visitedMethods="1" numMethods="1" />
              <MetadataToken>100663316</MetadataToken>
              <Name>Project_Manager_API.Models.Task Project_Manager_Unit_Test.TestTaskDbSet::Find(System.Object[])</Name>
              <FileRef uid="5" />
              <SequencePoints>
                <SequencePoint vc="1" uspid="48" ordinal="0" offset="13" sl="11" sc="9" el="11" ec="10" bec="0" bev="0" fileid="5">
                  <TrackedMethodRefs>
                    <TrackedMethodRef uid="2" vc="1" />
                  </TrackedMethodRefs>
                </SequencePoint>
                <SequencePoint vc="1" uspid="49" ordinal="1" offset="14" sl="12" sc="13" el="12" ec="90" bec="0" bev="0" fileid="5">
                  <TrackedMethodRefs>
                    <TrackedMethodRef uid="2" vc="1" />
                  </TrackedMethodRefs>
                </SequencePoint>
                <SequencePoint vc="1" uspid="50" ordinal="2" offset="161" sl="13" sc="9" el="13" ec="10" bec="0" bev="0" fileid="5">
                  <TrackedMethodRefs>
                    <TrackedMethodRef uid="2" vc="1" />
                  </TrackedMethodRefs>
                </SequencePoint>
              </SequencePoints>
              <BranchPoints />
              <MethodPoint vc="1" uspid="51" ordinal="0" offset="0">
                <TrackedMethodRefs>
                  <TrackedMethodRef uid="2" vc="1" />
                </TrackedMethodRefs>
              </MethodPoint>
            </Method>
            <Method visited="false" cyclomaticComplexity="1" nPathComplexity="0" sequenceCoverage="0" branchCoverage="0" crapScore="2" isConstructor="false" isStatic="true" isGetter="false" isSetter="false">
              <Summary numSequencePoints="2" visitedSequencePoints="0" numBranchPoints="1" visitedBranchPoints="0" sequenceCoverage="0" branchCoverage="0" maxCyclomaticComplexity="1" minCyclomaticComplexity="1" maxCrapScore="2" minCrapScore="2" visitedClasses="0" numClasses="0" visitedMethods="0" numMethods="1" />
              <MetadataToken>100663317</MetadataToken>
              <Name>System.Data.Entity.DbSet`1&lt;System.Object&gt; Project_Manager_Unit_Test.TestTaskDbSet::op_Implicit(Project_Manager_Unit_Test.TestTaskDbSet)</Name>
              <FileRef uid="5" />
              <SequencePoints>
                <SequencePoint vc="0" uspid="52" ordinal="0" offset="0" sl="16" sc="9" el="16" ec="10" bec="0" bev="0" fileid="5" />
                <SequencePoint vc="0" uspid="53" ordinal="1" offset="1" sl="17" sc="13" el="17" ec="49" bec="0" bev="0" fileid="5" />
              </SequencePoints>
              <BranchPoints />
              <MethodPoint xsi:type="SequencePoint" vc="0" uspid="52" ordinal="0" offset="0" sl="16" sc="9" el="16" ec="10" bec="0" bev="0" fileid="5" />
            </Method>
            <Method visited="false" cyclomaticComplexity="1" nPathComplexity="0" sequenceCoverage="0" branchCoverage="0" crapScore="2" isConstructor="true" isStatic="false" isGetter="false" isSetter="false">
              <Summary numSequencePoints="0" visitedSequencePoints="0" numBranchPoints="0" visitedBranchPoints="0" sequenceCoverage="0" branchCoverage="0" maxCyclomaticComplexity="1" minCyclomaticComplexity="1" maxCrapScore="2" minCrapScore="2" visitedClasses="0" numClasses="0" visitedMethods="0" numMethods="0" />
              <MetadataToken>100663318</MetadataToken>
              <Name>System.Void Project_Manager_Unit_Test.TestTaskDbSet::.ctor()</Name>
              <SequencePoints />
              <BranchPoints />
              <MethodPoint vc="0" uspid="54" ordinal="0" offset="0" />
            </Method>
          </Methods>
        </Class>
        <Class>
          <Summary numSequencePoints="0" visitedSequencePoints="0" numBranchPoints="0" visitedBranchPoints="0" sequenceCoverage="0" branchCoverage="0" maxCyclomaticComplexity="1" minCyclomaticComplexity="1" maxCrapScore="2" minCrapScore="2" visitedClasses="0" numClasses="0" visitedMethods="0" numMethods="0" />
          <FullName>Project_Manager_Unit_Test.TestTaskDbSet/&lt;&gt;c__DisplayClass0_0</FullName>
          <Methods>
            <Method visited="false" cyclomaticComplexity="1" nPathComplexity="0" sequenceCoverage="0" branchCoverage="0" crapScore="2" isConstructor="true" isStatic="false" isGetter="false" isSetter="false">
              <Summary numSequencePoints="0" visitedSequencePoints="0" numBranchPoints="0" visitedBranchPoints="0" sequenceCoverage="0" branchCoverage="0" maxCyclomaticComplexity="1" minCyclomaticComplexity="1" maxCrapScore="2" minCrapScore="2" visitedClasses="0" numClasses="0" visitedMethods="0" numMethods="0" />
              <MetadataToken>100663357</MetadataToken>
              <Name>System.Void Project_Manager_Unit_Test.TestTaskDbSet/&lt;&gt;c__DisplayClass0_0::.ctor()</Name>
              <SequencePoints />
              <BranchPoints />
              <MethodPoint vc="0" uspid="55" ordinal="0" offset="0" />
            </Method>
          </Methods>
        </Class>
        <Class>
          <Summary numSequencePoints="5" visitedSequencePoints="3" numBranchPoints="2" visitedBranchPoints="1" sequenceCoverage="60" branchCoverage="50" maxCyclomaticComplexity="1" minCyclomaticComplexity="1" maxCrapScore="2" minCrapScore="1" visitedClasses="1" numClasses="1" visitedMethods="1" numMethods="2" />
          <FullName>Project_Manager_Unit_Test.TestUserDbSet</FullName>
          <Methods>
            <Method visited="true" cyclomaticComplexity="1" nPathComplexity="0" sequenceCoverage="100" branchCoverage="100" crapScore="1" isConstructor="false" isStatic="false" isGetter="false" isSetter="false">
              <Summary numSequencePoints="3" visitedSequencePoints="3" numBranchPoints="1" visitedBranchPoints="1" sequenceCoverage="100" branchCoverage="100" maxCyclomaticComplexity="1" minCyclomaticComplexity="1" maxCrapScore="1" minCrapScore="1" visitedClasses="0" numClasses="0" visitedMethods="1" numMethods="1" />
              <MetadataToken>100663319</MetadataToken>
              <Name>Project_Manager_API.Models.User Project_Manager_Unit_Test.TestUserDbSet::Find(System.Object[])</Name>
              <FileRef uid="6" />
              <SequencePoints>
                <SequencePoint vc="2" uspid="56" ordinal="0" offset="13" sl="14" sc="9" el="14" ec="10" bec="0" bev="0" fileid="6">
                  <TrackedMethodRefs>
                    <TrackedMethodRef uid="17" vc="1" />
                    <TrackedMethodRef uid="19" vc="1" />
                  </TrackedMethodRefs>
                </SequencePoint>
                <SequencePoint vc="2" uspid="57" ordinal="1" offset="14" sl="15" sc="13" el="15" ec="90" bec="0" bev="0" fileid="6">
                  <TrackedMethodRefs>
                    <TrackedMethodRef uid="17" vc="1" />
                    <TrackedMethodRef uid="19" vc="1" />
                  </TrackedMethodRefs>
                </SequencePoint>
                <SequencePoint vc="2" uspid="58" ordinal="2" offset="176" sl="16" sc="9" el="16" ec="10" bec="0" bev="0" fileid="6">
                  <TrackedMethodRefs>
                    <TrackedMethodRef uid="17" vc="1" />
                    <TrackedMethodRef uid="19" vc="1" />
                  </TrackedMethodRefs>
                </SequencePoint>
              </SequencePoints>
              <BranchPoints />
              <MethodPoint vc="2" uspid="59" ordinal="0" offset="0">
                <TrackedMethodRefs>
                  <TrackedMethodRef uid="17" vc="1" />
                  <TrackedMethodRef uid="19" vc="1" />
                </TrackedMethodRefs>
              </MethodPoint>
            </Method>
            <Method visited="false" cyclomaticComplexity="1" nPathComplexity="0" sequenceCoverage="0" branchCoverage="0" crapScore="2" isConstructor="false" isStatic="true" isGetter="false" isSetter="false">
              <Summary numSequencePoints="2" visitedSequencePoints="0" numBranchPoints="1" visitedBranchPoints="0" sequenceCoverage="0" branchCoverage="0" maxCyclomaticComplexity="1" minCyclomaticComplexity="1" maxCrapScore="2" minCrapScore="2" visitedClasses="0" numClasses="0" visitedMethods="0" numMethods="1" />
              <MetadataToken>100663320</MetadataToken>
              <Name>System.Data.Entity.DbSet`1&lt;System.Object&gt; Project_Manager_Unit_Test.TestUserDbSet::op_Implicit(Project_Manager_Unit_Test.TestUserDbSet)</Name>
              <FileRef uid="6" />
              <SequencePoints>
                <SequencePoint vc="0" uspid="60" ordinal="0" offset="0" sl="19" sc="9" el="19" ec="10" bec="0" bev="0" fileid="6" />
                <SequencePoint vc="0" uspid="61" ordinal="1" offset="1" sl="20" sc="13" el="20" ec="49" bec="0" bev="0" fileid="6" />
              </SequencePoints>
              <BranchPoints />
              <MethodPoint xsi:type="SequencePoint" vc="0" uspid="60" ordinal="0" offset="0" sl="19" sc="9" el="19" ec="10" bec="0" bev="0" fileid="6" />
            </Method>
            <Method visited="false" cyclomaticComplexity="1" nPathComplexity="0" sequenceCoverage="0" branchCoverage="0" crapScore="2" isConstructor="true" isStatic="false" isGetter="false" isSetter="false">
              <Summary numSequencePoints="0" visitedSequencePoints="0" numBranchPoints="0" visitedBranchPoints="0" sequenceCoverage="0" branchCoverage="0" maxCyclomaticComplexity="1" minCyclomaticComplexity="1" maxCrapScore="2" minCrapScore="2" visitedClasses="0" numClasses="0" visitedMethods="0" numMethods="0" />
              <MetadataToken>100663321</MetadataToken>
              <Name>System.Void Project_Manager_Unit_Test.TestUserDbSet::.ctor()</Name>
              <SequencePoints />
              <BranchPoints />
              <MethodPoint vc="0" uspid="62" ordinal="0" offset="0" />
            </Method>
          </Methods>
        </Class>
        <Class>
          <Summary numSequencePoints="0" visitedSequencePoints="0" numBranchPoints="0" visitedBranchPoints="0" sequenceCoverage="0" branchCoverage="0" maxCyclomaticComplexity="1" minCyclomaticComplexity="1" maxCrapScore="2" minCrapScore="2" visitedClasses="0" numClasses="0" visitedMethods="0" numMethods="0" />
          <FullName>Project_Manager_Unit_Test.TestUserDbSet/&lt;&gt;c__DisplayClass0_0</FullName>
          <Methods>
            <Method visited="false" cyclomaticComplexity="1" nPathComplexity="0" sequenceCoverage="0" branchCoverage="0" crapScore="2" isConstructor="true" isStatic="false" isGetter="false" isSetter="false">
              <Summary numSequencePoints="0" visitedSequencePoints="0" numBranchPoints="0" visitedBranchPoints="0" sequenceCoverage="0" branchCoverage="0" maxCyclomaticComplexity="1" minCyclomaticComplexity="1" maxCrapScore="2" minCrapScore="2" visitedClasses="0" numClasses="0" visitedMethods="0" numMethods="0" />
              <MetadataToken>100663358</MetadataToken>
              <Name>System.Void Project_Manager_Unit_Test.TestUserDbSet/&lt;&gt;c__DisplayClass0_0::.ctor()</Name>
              <SequencePoints />
              <BranchPoints />
              <MethodPoint vc="0" uspid="63" ordinal="0" offset="0" />
            </Method>
          </Methods>
        </Class>
        <Class>
          <Summary numSequencePoints="59" visitedSequencePoints="57" numBranchPoints="9" visitedBranchPoints="9" sequenceCoverage="96.61" branchCoverage="100" maxCyclomaticComplexity="1" minCyclomaticComplexity="1" maxCrapScore="2" minCrapScore="1" visitedClasses="1" numClasses="1" visitedMethods="9" numMethods="9" />
          <FullName>Project_Manager_Unit_Test.TaskUnitTest</FullName>
          <Methods>
            <Method visited="true" cyclomaticComplexity="1" nPathComplexity="0" sequenceCoverage="100" branchCoverage="100" crapScore="1" isConstructor="false" isStatic="false" isGetter="false" isSetter="false">
              <Summary numSequencePoints="12" visitedSequencePoints="12" numBranchPoints="1" visitedBranchPoints="1" sequenceCoverage="100" branchCoverage="100" maxCyclomaticComplexity="1" minCyclomaticComplexity="1" maxCrapScore="1" minCrapScore="1" visitedClasses="0" numClasses="0" visitedMethods="1" numMethods="1" />
              <MetadataToken>100663322</MetadataToken>
              <Name>System.Void Project_Manager_Unit_Test.TaskUnitTest::GetAllTasks()</Name>
              <FileRef uid="7" />
              <SequencePoints>
                <SequencePoint vc="1" uspid="64" ordinal="0" offset="0" sl="15" sc="9" el="15" ec="10" bec="0" bev="0" fileid="7">
                  <TrackedMethodRefs>
                    <TrackedMethodRef uid="1" vc="1" />
                  </TrackedMethodRefs>
                </SequencePoint>
                <SequencePoint vc="1" uspid="65" ordinal="1" offset="1" sl="16" sc="13" el="16" ec="45" bec="0" bev="0" fileid="7">
                  <TrackedMethodRefs>
                    <TrackedMethodRef uid="1" vc="1" />
                  </TrackedMethodRefs>
                </SequencePoint>
                <SequencePoint vc="1" uspid="66" ordinal="2" offset="7" sl="17" sc="13" el="27" ec="16" bec="0" bev="0" fileid="7">
                  <TrackedMethodRefs>
                    <TrackedMethodRef uid="1" vc="1" />
                  </TrackedMethodRefs>
                </SequencePoint>
                <SequencePoint vc="1" uspid="67" ordinal="3" offset="141" sl="28" sc="13" el="38" ec="16" bec="0" bev="0" fileid="7">
                  <TrackedMethodRefs>
                    <TrackedMethodRef uid="1" vc="1" />
                  </TrackedMethodRefs>
                </SequencePoint>
                <SequencePoint vc="1" uspid="68" ordinal="4" offset="275" sl="39" sc="13" el="49" ec="16" bec="0" bev="0" fileid="7">
                  <TrackedMethodRefs>
                    <TrackedMethodRef uid="1" vc="1" />
                  </TrackedMethodRefs>
                </SequencePoint>
                <SequencePoint vc="1" uspid="69" ordinal="5" offset="409" sl="50" sc="13" el="54" ec="16" bec="0" bev="0" fileid="7">
                  <TrackedMethodRefs>
                    <TrackedMethodRef uid="1" vc="1" />
                  </TrackedMethodRefs>
                </SequencePoint>
                <SequencePoint vc="1" uspid="70" ordinal="6" offset="446" sl="55" sc="13" el="59" ec="16" bec="0" bev="0" fileid="7">
                  <TrackedMethodRefs>
                    <TrackedMethodRef uid="1" vc="1" />
                  </TrackedMethodRefs>
                </SequencePoint>
                <SequencePoint vc="1" uspid="71" ordinal="7" offset="483" sl="60" sc="13" el="64" ec="16" bec="0" bev="0" fileid="7">
                  <TrackedMethodRefs>
                    <TrackedMethodRef uid="1" vc="1" />
                  </TrackedMethodRefs>
                </SequencePoint>
                <SequencePoint vc="1" uspid="72" ordinal="8" offset="520" sl="65" sc="13" el="65" ec="59" bec="0" bev="0" fileid="7">
                  <TrackedMethodRefs>
                    <TrackedMethodRef uid="1" vc="1" />
                  </TrackedMethodRefs>
                </SequencePoint>
                <SequencePoint vc="1" uspid="73" ordinal="9" offset="527" sl="66" sc="13" el="66" ec="73" bec="0" bev="0" fileid="7">
                  <TrackedMethodRefs>
                    <TrackedMethodRef uid="1" vc="1" />
                  </TrackedMethodRefs>
                </SequencePoint>
                <SequencePoint vc="1" uspid="74" ordinal="10" offset="539" sl="67" sc="13" el="67" ec="53" bec="0" bev="0" fileid="7">
                  <TrackedMethodRefs>
                    <TrackedMethodRef uid="1" vc="1" />
                  </TrackedMethodRefs>
                </SequencePoint>
                <SequencePoint vc="1" uspid="75" ordinal="11" offset="552" sl="68" sc="9" el="68" ec="10" bec="0" bev="0" fileid="7">
                  <TrackedMethodRefs>
                    <TrackedMethodRef uid="1" vc="1" />
                  </TrackedMethodRefs>
                </SequencePoint>
              </SequencePoints>
              <BranchPoints />
              <MethodPoint xsi:type="SequencePoint" vc="1" uspid="64" ordinal="0" offset="0" sl="15" sc="9" el="15" ec="10" bec="0" bev="0" fileid="7">
                <TrackedMethodRefs>
                  <TrackedMethodRef uid="1" vc="1" />
                </TrackedMethodRefs>
              </MethodPoint>
            </Method>
            <Method visited="true" cyclomaticComplexity="1" nPathComplexity="0" sequenceCoverage="100" branchCoverage="100" crapScore="1" isConstructor="false" isStatic="false" isGetter="false" isSetter="false">
[...]
                    <TrackedMethodRef uid="16" vc="1" />
                  </TrackedMethodRefs>
                </SequencePoint>
                <SequencePoint vc="1" uspid="663" ordinal="1" offset="1" sl="27" sc="13" el="36" ec="33" bec="0" bev="0" fileid="34">
                  <TrackedMethodRefs>
                    <TrackedMethodRef uid="16" vc="1" />
                  </TrackedMethodRefs>
                </SequencePoint>
                <SequencePoint vc="1" uspid="664" ordinal="2" offset="411" sl="37" sc="13" el="37" ec="26" bec="0" bev="0" fileid="34">
                  <TrackedMethodRefs>
                    <TrackedMethodRef uid="16" vc="1" />
                  </TrackedMethodRefs>
                </SequencePoint>
                <SequencePoint vc="1" uspid="665" ordinal="3" offset="421" sl="38" sc="9" el="38" ec="10" bec="0" bev="0" fileid="34">
                  <TrackedMethodRefs>
                    <TrackedMethodRef uid="16" vc="1" />
                  </TrackedMethodRefs>
                </SequencePoint>
              </SequencePoints>
              <BranchPoints />
              <MethodPoint xsi:type="SequencePoint" vc="1" uspid="662" ordinal="0" offset="0" sl="26" sc="9" el="26" ec="10" bec="0" bev="0" fileid="34">
                <TrackedMethodRefs>
                  <TrackedMethodRef uid="16" vc="1" />
                </TrackedMethodRefs>
              </MethodPoint>
            </Method>
            <Method visited="true" cyclomaticComplexity="2" nPathComplexity="2" sequenceCoverage="71.43" branchCoverage="66.67" crapScore="2.09" isConstructor="false" isStatic="false" isGetter="false" isSetter="false">
              <Summary numSequencePoints="7" visitedSequencePoints="5" numBranchPoints="3" visitedBranchPoints="2" sequenceCoverage="71.43" branchCoverage="66.67" maxCyclomaticComplexity="2" minCyclomaticComplexity="2" maxCrapScore="2.09" minCrapScore="2.09" visitedClasses="0" numClasses="0" visitedMethods="1" numMethods="1" />
              <MetadataToken>100663603</MetadataToken>
              <Name>System.Web.Http.IHttpActionResult Project_Manager_API.Controllers.UsersController::GetUser(System.Int32)</Name>
              <FileRef uid="34" />
              <SequencePoints>
                <SequencePoint vc="1" uspid="666" ordinal="0" offset="0" sl="43" sc="9" el="43" ec="10" bec="0" bev="0" fileid="34">
                  <TrackedMethodRefs>
                    <TrackedMethodRef uid="19" vc="1" />
                  </TrackedMethodRefs>
                </SequencePoint>
                <SequencePoint vc="1" uspid="667" ordinal="1" offset="1" sl="44" sc="13" el="44" ec="43" bec="0" bev="0" fileid="34">
                  <TrackedMethodRefs>
                    <TrackedMethodRef uid="19" vc="1" />
                  </TrackedMethodRefs>
                </SequencePoint>
                <SequencePoint vc="1" uspid="668" ordinal="2" offset="33" sl="45" sc="13" el="45" ec="30" bec="2" bev="1" fileid="34">
                  <TrackedMethodRefs>
                    <TrackedMethodRef uid="19" vc="1" />
                  </TrackedMethodRefs>
                </SequencePoint>
                <SequencePoint vc="0" uspid="669" ordinal="3" offset="41" sl="46" sc="13" el="46" ec="14" bec="0" bev="0" fileid="34" />
                <SequencePoint vc="0" uspid="670" ordinal="4" offset="42" sl="47" sc="17" el="47" ec="35" bec="0" bev="0" fileid="34" />
                <SequencePoint vc="1" uspid="671" ordinal="5" offset="51" sl="50" sc="13" el="50" ec="29" bec="0" bev="0" fileid="34">
                  <TrackedMethodRefs>
                    <TrackedMethodRef uid="19" vc="1" />
                  </TrackedMethodRefs>
                </SequencePoint>
                <SequencePoint vc="1" uspid="672" ordinal="6" offset="61" sl="51" sc="9" el="51" ec="10" bec="0" bev="0" fileid="34">
                  <TrackedMethodRefs>
                    <TrackedMethodRef uid="19" vc="1" />
                  </TrackedMethodRefs>
                </SequencePoint>
              </SequencePoints>
              <BranchPoints>
                <BranchPoint vc="0" uspid="673" ordinal="0" offset="39" sl="45" path="0" offsetend="41" fileid="34" />
                <BranchPoint vc="1" uspid="674" ordinal="1" offset="39" sl="45" path="1" offsetend="51" fileid="34">
                  <TrackedMethodRefs>
                    <TrackedMethodRef uid="19" vc="1" />
                  </TrackedMethodRefs>
                </BranchPoint>
              </BranchPoints>
              <MethodPoint xsi:type="SequencePoint" vc="1" uspid="666" ordinal="0" offset="0" sl="43" sc="9" el="43" ec="10" bec="0" bev="0" fileid="34">
                <TrackedMethodRefs>
                  <TrackedMethodRef uid="19" vc="1" />
                </TrackedMethodRefs>
              </MethodPoint>
            </Method>
            <Method visited="true" cyclomaticComplexity="3" nPathComplexity="4" sequenceCoverage="40" branchCoverage="60" crapScore="4.94" isConstructor="false" isStatic="false" isGetter="false" isSetter="false">
              <Summary numSequencePoints="15" visitedSequencePoints="6" numBranchPoints="5" visitedBranchPoints="3" sequenceCoverage="40" branchCoverage="60" maxCyclomaticComplexity="3" minCyclomaticComplexity="3" maxCrapScore="4.94" minCrapScore="4.94" visitedClasses="0" numClasses="0" visitedMethods="1" numMethods="1" />
              <MetadataToken>100663604</MetadataToken>
              <Name>System.Web.Http.IHttpActionResult Project_Manager_API.Controllers.UsersController::PutUser(System.Int32,Project_Manager_API.Models.User)</Name>
              <FileRef uid="34" />
              <SequencePoints>
                <SequencePoint vc="1" uspid="675" ordinal="0" offset="0" sl="56" sc="9" el="56" ec="10" bec="0" bev="0" fileid="34">
                  <TrackedMethodRefs>
                    <TrackedMethodRef uid="20" vc="1" />
                  </TrackedMethodRefs>
                </SequencePoint>
                <SequencePoint vc="1" uspid="676" ordinal="1" offset="1" sl="57" sc="13" el="57" ec="37" bec="2" bev="1" fileid="34">
                  <TrackedMethodRefs>
                    <TrackedMethodRef uid="20" vc="1" />
                  </TrackedMethodRefs>
                </SequencePoint>
                <SequencePoint vc="0" uspid="677" ordinal="2" offset="19" sl="58" sc="13" el="58" ec="14" bec="0" bev="0" fileid="34" />
                <SequencePoint vc="0" uspid="678" ordinal="3" offset="20" sl="59" sc="17" el="59" ec="47" bec="0" bev="0" fileid="34" />
                <SequencePoint vc="1" uspid="679" ordinal="4" offset="35" sl="62" sc="13" el="62" ec="36" bec="2" bev="1" fileid="34">
                  <TrackedMethodRefs>
                    <TrackedMethodRef uid="20" vc="1" />
                  </TrackedMethodRefs>
                </SequencePoint>
                <SequencePoint vc="1" uspid="680" ordinal="5" offset="67" sl="63" sc="13" el="63" ec="14" bec="0" bev="0" fileid="34">
                  <TrackedMethodRefs>
                    <TrackedMethodRef uid="20" vc="1" />
                  </TrackedMethodRefs>
                </SequencePoint>
                <SequencePoint vc="1" uspid="681" ordinal="6" offset="68" sl="64" sc="17" el="64" ec="37" bec="0" bev="0" fileid="34">
                  <TrackedMethodRefs>
                    <TrackedMethodRef uid="20" vc="1" />
                  </TrackedMethodRefs>
                </SequencePoint>
                <SequencePoint vc="0" uspid="682" ordinal="7" offset="78" sl="70" sc="13" el="70" ec="14" bec="0" bev="0" fileid="34" />
                <SequencePoint vc="0" uspid="683" ordinal="8" offset="79" sl="71" sc="17" el="71" ec="34" bec="0" bev="0" fileid="34" />
                <SequencePoint vc="0" uspid="684" ordinal="9" offset="91" sl="72" sc="13" el="72" ec="14" bec="0" bev="0" fileid="34" />
                <SequencePoint vc="0" uspid="685" ordinal="10" offset="94" sl="73" sc="13" el="73" ec="49" bec="0" bev="0" fileid="34" />
                <SequencePoint vc="0" uspid="686" ordinal="11" offset="95" sl="74" sc="13" el="74" ec="14" bec="0" bev="0" fileid="34" />
                <SequencePoint vc="0" uspid="687" ordinal="12" offset="96" sl="83" sc="13" el="83" ec="14" bec="0" bev="0" fileid="34" />
                <SequencePoint vc="0" uspid="688" ordinal="13" offset="99" sl="85" sc="13" el="85" ec="57" bec="0" bev="0" fileid="34" />
                <SequencePoint vc="1" uspid="689" ordinal="14" offset="113" sl="86" sc="9" el="86" ec="10" bec="0" bev="0" fileid="34">
                  <TrackedMethodRefs>
                    <TrackedMethodRef uid="20" vc="1" />
                  </TrackedMethodRefs>
                </SequencePoint>
              </SequencePoints>
              <BranchPoints>
                <BranchPoint vc="0" uspid="690" ordinal="0" offset="17" sl="57" path="0" offsetend="19" fileid="34" />
                <BranchPoint vc="1" uspid="691" ordinal="1" offset="17" sl="57" path="1" offsetend="35" fileid="34">
                  <TrackedMethodRefs>
                    <TrackedMethodRef uid="20" vc="1" />
                  </TrackedMethodRefs>
                </BranchPoint>
                <BranchPoint vc="1" uspid="692" ordinal="2" offset="65" sl="62" path="0" offsetend="67" fileid="34">
                  <TrackedMethodRefs>
                    <TrackedMethodRef uid="20" vc="1" />
                  </TrackedMethodRefs>
                </BranchPoint>
                <BranchPoint vc="0" uspid="693" ordinal="3" offset="65" sl="62" path="1" offsetend="77" fileid="34" />
              </BranchPoints>
              <MethodPoint xsi:type="SequencePoint" vc="1" uspid="675" ordinal="0" offset="0" sl="56" sc="9" el="56" ec="10" bec="0" bev="0" fileid="34">
                <TrackedMethodRefs>
                  <TrackedMethodRef uid="20" vc="1" />
                </TrackedMethodRefs>
              </MethodPoint>
            </Method>
            <Method visited="true" cyclomaticComplexity="2" nPathComplexity="2" sequenceCoverage="75" branchCoverage="66.67" crapScore="2.06" isConstructor="false" isStatic="false" isGetter="false" isSetter="false">
              <Summary numSequencePoints="8" visitedSequencePoints="6" numBranchPoints="3" visitedBranchPoints="2" sequenceCoverage="75" branchCoverage="66.67" maxCyclomaticComplexity="2" minCyclomaticComplexity="2" maxCrapScore="2.06" minCrapScore="2.06" visitedClasses="0" numClasses="0" visitedMethods="1" numMethods="1" />
              <MetadataToken>100663605</MetadataToken>
              <Name>System.Web.Http.IHttpActionResult Project_Manager_API.Controllers.UsersController::PostUser(Project_Manager_API.Models.User)</Name>
              <FileRef uid="34" />
              <SequencePoints>
                <SequencePoint vc="1" uspid="694" ordinal="0" offset="0" sl="91" sc="9" el="91" ec="10" bec="0" bev="0" fileid="34">
                  <TrackedMethodRefs>
                    <TrackedMethodRef uid="18" vc="1" />
                  </TrackedMethodRefs>
                </SequencePoint>
                <SequencePoint vc="1" uspid="695" ordinal="1" offset="1" sl="92" sc="13" el="92" ec="37" bec="2" bev="1" fileid="34">
                  <TrackedMethodRefs>
                    <TrackedMethodRef uid="18" vc="1" />
                  </TrackedMethodRefs>
                </SequencePoint>
                <SequencePoint vc="0" uspid="696" ordinal="2" offset="19" sl="93" sc="13" el="93" ec="14" bec="0" bev="0" fileid="34" />
                <SequencePoint vc="0" uspid="697" ordinal="3" offset="20" sl="94" sc="17" el="94" ec="47" bec="0" bev="0" fileid="34" />
                <SequencePoint vc="1" uspid="698" ordinal="4" offset="35" sl="97" sc="13" el="97" ec="32" bec="0" bev="0" fileid="34">
                  <TrackedMethodRefs>
                    <TrackedMethodRef uid="18" vc="1" />
                  </TrackedMethodRefs>
                </SequencePoint>
                <SequencePoint vc="1" uspid="699" ordinal="5" offset="53" sl="98" sc="13" el="98" ec="30" bec="0" bev="0" fileid="34">
                  <TrackedMethodRefs>
                    <TrackedMethodRef uid="18" vc="1" />
                  </TrackedMethodRefs>
                </SequencePoint>
                <SequencePoint vc="1" uspid="700" ordinal="6" offset="65" sl="100" sc="13" el="100" ec="82" bec="0" bev="0" fileid="34">
                  <TrackedMethodRefs>
                    <TrackedMethodRef uid="18" vc="1" />
                  </TrackedMethodRefs>
                </SequencePoint>
                <SequencePoint vc="1" uspid="701" ordinal="7" offset="91" sl="101" sc="9" el="101" ec="10" bec="0" bev="0" fileid="34">
                  <TrackedMethodRefs>
                    <TrackedMethodRef uid="18" vc="1" />
                  </TrackedMethodRefs>
                </SequencePoint>
              </SequencePoints>
              <BranchPoints>
                <BranchPoint vc="0" uspid="702" ordinal="0" offset="17" sl="92" path="0" offsetend="19" fileid="34" />
                <BranchPoint vc="1" uspid="703" ordinal="1" offset="17" sl="92" path="1" offsetend="35" fileid="34">
                  <TrackedMethodRefs>
                    <TrackedMethodRef uid="18" vc="1" />
                  </TrackedMethodRefs>
                </BranchPoint>
              </BranchPoints>
              <MethodPoint xsi:type="SequencePoint" vc="1" uspid="694" ordinal="0" offset="0" sl="91" sc="9" el="91" ec="10" bec="0" bev="0" fileid="34">
                <TrackedMethodRefs>
                  <TrackedMethodRef uid="18" vc="1" />
                </TrackedMethodRefs>
              </MethodPoint>
            </Method>
            <Method visited="true" cyclomaticComplexity="2" nPathComplexity="2" sequenceCoverage="77.78" branchCoverage="66.67" crapScore="2.04" isConstructor="false" isStatic="false" isGetter="false" isSetter="false">
              <Summary numSequencePoints="9" visitedSequencePoints="7" numBranchPoints="3" visitedBranchPoints="2" sequenceCoverage="77.78" branchCoverage="66.67" maxCyclomaticComplexity="2" minCyclomaticComplexity="2" maxCrapScore="2.04" minCrapScore="2.04" visitedClasses="0" numClasses="0" visitedMethods="1" numMethods="1" />
              <MetadataToken>100663606</MetadataToken>
              <Name>System.Web.Http.IHttpActionResult Project_Manager_API.Controllers.UsersController::DeleteUser(System.Int32)</Name>
              <FileRef uid="34" />
              <SequencePoints>
                <SequencePoint vc="1" uspid="704" ordinal="0" offset="0" sl="106" sc="9" el="106" ec="10" bec="0" bev="0" fileid="34">
                  <TrackedMethodRefs>
                    <TrackedMethodRef uid="17" vc="1" />
                  </TrackedMethodRefs>
                </SequencePoint>
                <SequencePoint vc="1" uspid="705" ordinal="1" offset="1" sl="107" sc="13" el="107" ec="43" bec="0" bev="0" fileid="34">
                  <TrackedMethodRefs>
                    <TrackedMethodRef uid="17" vc="1" />
                  </TrackedMethodRefs>
                </SequencePoint>
                <SequencePoint vc="1" uspid="706" ordinal="2" offset="33" sl="108" sc="13" el="108" ec="30" bec="2" bev="1" fileid="34">
                  <TrackedMethodRefs>
                    <TrackedMethodRef uid="17" vc="1" />
                  </TrackedMethodRefs>
                </SequencePoint>
                <SequencePoint vc="0" uspid="707" ordinal="3" offset="41" sl="109" sc="13" el="109" ec="14" bec="0" bev="0" fileid="34" />
                <SequencePoint vc="0" uspid="708" ordinal="4" offset="42" sl="110" sc="17" el="110" ec="35" bec="0" bev="0" fileid="34" />
                <SequencePoint vc="1" uspid="709" ordinal="5" offset="51" sl="113" sc="13" el="113" ec="35" bec="0" bev="0" fileid="34">
                  <TrackedMethodRefs>
                    <TrackedMethodRef uid="17" vc="1" />
                  </TrackedMethodRefs>
                </SequencePoint>
                <SequencePoint vc="1" uspid="710" ordinal="6" offset="69" sl="114" sc="13" el="114" ec="30" bec="0" bev="0" fileid="34">
                  <TrackedMethodRefs>
                    <TrackedMethodRef uid="17" vc="1" />
                  </TrackedMethodRefs>
                </SequencePoint>
                <SequencePoint vc="1" uspid="711" ordinal="7" offset="81" sl="116" sc="13" el="116" ec="29" bec="0" bev="0" fileid="34">
                  <TrackedMethodRefs>
                    <TrackedMethodRef uid="17" vc="1" />
                  </TrackedMethodRefs>
                </SequencePoint>
                <SequencePoint vc="1" uspid="712" ordinal="8" offset="91" sl="117" sc="9" el="117" ec="10" bec="0" bev="0" fileid="34">
                  <TrackedMethodRefs>
                    <TrackedMethodRef uid="17" vc="1" />
                  </TrackedMethodRefs>
                </SequencePoint>
              </SequencePoints>
              <BranchPoints>
                <BranchPoint vc="0" uspid="713" ordinal="0" offset="39" sl="108" path="0" offsetend="41" fileid="34" />
                <BranchPoint vc="1" uspid="714" ordinal="1" offset="39" sl="108" path="1" offsetend="51" fileid="34">
                  <TrackedMethodRefs>
                    <TrackedMethodRef uid="17" vc="1" />
                  </TrackedMethodRefs>
                </BranchPoint>
              </BranchPoints>
              <MethodPoint xsi:type="SequencePoint" vc="1" uspid="704" ordinal="0" offset="0" sl="106" sc="9" el="106" ec="10" bec="0" bev="0" fileid="34">
                <TrackedMethodRefs>
                  <TrackedMethodRef uid="17" vc="1" />
                </TrackedMethodRefs>
              </MethodPoint>
            </Method>
          </Methods>
        </Class>
        <Class>
          <Summary numSequencePoints="0" visitedSequencePoints="0" numBranchPoints="0" visitedBranchPoints="0" sequenceCoverage="0" branchCoverage="0" maxCyclomaticComplexity="1" minCyclomaticComplexity="1" maxCrapScore="2" minCrapScore="2" visitedClasses="0" numClasses="0" visitedMethods="0" numMethods="0" />
          <FullName>Project_Manager_API.Controllers.UsersController/&lt;&gt;c</FullName>
          <Methods>
            <Method visited="false" cyclomaticComplexity="1" nPathComplexity="0" sequenceCoverage="0" branchCoverage="0" crapScore="2" isConstructor="true" isStatic="true" isGetter="false" isSetter="false">
              <Summary numSequencePoints="0" visitedSequencePoints="0" numBranchPoints="0" visitedBranchPoints="0" sequenceCoverage="0" branchCoverage="0" maxCyclomaticComplexity="1" minCyclomaticComplexity="1" maxCrapScore="2" minCrapScore="2" visitedClasses="0" numClasses="0" visitedMethods="0" numMethods="0" />
              <MetadataToken>100663616</MetadataToken>
              <Name>System.Void Project_Manager_API.Controllers.UsersController/&lt;&gt;c::.cctor()</Name>
              <SequencePoints />
              <BranchPoints />
              <MethodPoint vc="0" uspid="715" ordinal="0" offset="0" />
            </Method>
            <Method visited="false" cyclomaticComplexity="1" nPathComplexity="0" sequenceCoverage="0" branchCoverage="0" crapScore="2" isConstructor="true" isStatic="false" isGetter="false" isSetter="false">
              <Summary numSequencePoints="0" visitedSequencePoints="0" numBranchPoints="0" visitedBranchPoints="0" sequenceCoverage="0" branchCoverage="0" maxCyclomaticComplexity="1" minCyclomaticComplexity="1" maxCrapScore="2" minCrapScore="2" visitedClasses="0" numClasses="0" visitedMethods="0" numMethods="0" />
              <MetadataToken>100663617</MetadataToken>
              <Name>System.Void Project_Manager_API.Controllers.UsersController/&lt;&gt;c::.ctor()</Name>
              <SequencePoints />
              <BranchPoints />
              <MethodPoint vc="0" uspid="716" ordinal="0" offset="0" />
            </Method>
          </Methods>
        </Class>
      </Classes>
      <TrackedMethods />
    </Module>
  </Modules>
</CoverageSession>