<?xml version="1.0" encoding="utf-8"?>
<CoverageSession xmlns:xsd="http://www.w3.org/2001/XMLSchema" xmlns:xsi="http://www.w3.org/2001/XMLSchema-instance" Version="4.6.0.0">
  <Summary numSequencePoints="1827" visitedSequencePoints="229" numBranchPoints="613" visitedBranchPoints="48" sequenceCoverage="12.53" branchCoverage="7.83" maxCyclomaticComplexity="25" minCyclomaticComplexity="0" maxCrapScore="650" minCrapScore="0" visitedClasses="11" numClasses="54" visitedMethods="40" numMethods="247" />
  <Modules>
    <Module hash="00-BA-F2-7D-9F-12-D6-BE-76-29-4B-EB-77-B9-44-E8-79-38-DA-A2">
      <Summary numSequencePoints="165" visitedSequencePoints="149" numBranchPoints="34" visitedBranchPoints="27" sequenceCoverage="90.30" branchCoverage="79.41" maxCyclomaticComplexity="1" minCyclomaticComplexity="1" maxCrapScore="2" minCrapScore="1" visitedClasses="8" numClasses="10" visitedMethods="27" numMethods="34" />
      <ModulePath>C:\Users\Admin\source\repos\Project_Manager_API\Project_Manager_Unit_Test\bin\Debug\Project_Manager_Unit_Test.dll</ModulePath>
      <ModuleTime>2019-08-23T18:44:22.3791192Z</ModuleTime>
      <ModuleName>Project_Manager_Unit_Test</ModuleName>
      <Files>
        <File uid="1" fullPath="C:\Users\Admin\source\repos\Project_Manager_API\Project_Manager_Unit_Test\TestContext.cs" />
        <File uid="2" fullPath="C:\Users\Admin\source\repos\Project_Manager_API\Project_Manager_Unit_Test\TestDbSet.cs" />
        <File uid="3" fullPath="C:\Users\Admin\source\repos\Project_Manager_API\Project_Manager_Unit_Test\TestParentTaskDbSet.cs" />
        <File uid="4" fullPath="C:\Users\Admin\source\repos\Project_Manager_API\Project_Manager_Unit_Test\TestProjectDbSet.cs" />
        <File uid="5" fullPath="C:\Users\Admin\source\repos\Project_Manager_API\Project_Manager_Unit_Test\TestTaskDbSet.cs" />
        <File uid="6" fullPath="C:\Users\Admin\source\repos\Project_Manager_API\Project_Manager_Unit_Test\TestUserDbSet.cs" />
        <File uid="7" fullPath="C:\Users\Admin\source\repos\Project_Manager_API\Project_Manager_Unit_Test\TaskUnitTest.cs" />
        <File uid="8" fullPath="C:\Users\Admin\source\repos\Project_Manager_API\Project_Manager_Unit_Test\ParentTaskUnitTest.cs" />
        <File uid="9" fullPath="C:\Users\Admin\source\repos\Project_Manager_API\Project_Manager_Unit_Test\ProjectUnitTest.cs" />
        <File uid="10" fullPath="C:\Users\Admin\source\repos\Project_Manager_API\Project_Manager_Unit_Test\UserUnitTest.cs" />
      </Files>
      <Classes>
        <Class>
          <Summary numSequencePoints="12" visitedSequencePoints="10" numBranchPoints="3" visitedBranchPoints="2" sequenceCoverage="83.33" branchCoverage="66.67" maxCyclomaticComplexity="1" minCyclomaticComplexity="1" maxCrapScore="2" minCrapScore="1" visitedClasses="1" numClasses="1" visitedMethods="2" numMethods="3" />
          <FullName>Project_Manager_Unit_Test.TestContext</FullName>
          <Methods>
            <Method skippedDueTo="AutoImplementedProperty" visited="false" cyclomaticComplexity="1" nPathComplexity="0" sequenceCoverage="0" branchCoverage="0" crapScore="0" isConstructor="false" isStatic="false" isGetter="true" isSetter="false">
              <MetadataToken>100663298</MetadataToken>
              <Name>System.Data.Entity.DbSet`1&lt;Project_Manager_API.Models.Task&gt; Project_Manager_Unit_Test.TestContext::get_Tasks()</Name>
              <FileRef uid="1" />
              <SequencePoints />
              <BranchPoints />
            </Method>
            <Method skippedDueTo="AutoImplementedProperty" visited="false" cyclomaticComplexity="1" nPathComplexity="0" sequenceCoverage="0" branchCoverage="0" crapScore="0" isConstructor="false" isStatic="false" isGetter="false" isSetter="true">
              <MetadataToken>100663299</MetadataToken>
              <Name>System.Void Project_Manager_Unit_Test.TestContext::set_Tasks(System.Data.Entity.DbSet`1&lt;Project_Manager_API.Models.Task&gt;)</Name>
              <FileRef uid="1" />
              <SequencePoints />
              <BranchPoints />
            </Method>
            <Method skippedDueTo="AutoImplementedProperty" visited="false" cyclomaticComplexity="1" nPathComplexity="0" sequenceCoverage="0" branchCoverage="0" crapScore="0" isConstructor="false" isStatic="false" isGetter="true" isSetter="false">
              <MetadataToken>100663300</MetadataToken>
              <Name>System.Data.Entity.DbSet`1&lt;Project_Manager_API.Models.Parent_Task&gt; Project_Manager_Unit_Test.TestContext::get_Parent_Task()</Name>
              <FileRef uid="1" />
              <SequencePoints />
              <BranchPoints />
            </Method>
            <Method skippedDueTo="AutoImplementedProperty" visited="false" cyclomaticComplexity="1" nPathComplexity="0" sequenceCoverage="0" branchCoverage="0" crapScore="0" isConstructor="false" isStatic="false" isGetter="true" isSetter="false">
              <MetadataToken>100663301</MetadataToken>
              <Name>System.Data.Entity.DbSet`1&lt;Project_Manager_API.Models.User&gt; Project_Manager_Unit_Test.TestContext::get_Users()</Name>
              <FileRef uid="1" />
              <SequencePoints />
              <BranchPoints />
            </Method>
            <Method skippedDueTo="AutoImplementedProperty" visited="false" cyclomaticComplexity="1" nPathComplexity="0" sequenceCoverage="0" branchCoverage="0" crapScore="0" isConstructor="false" isStatic="false" isGetter="true" isSetter="false">
              <MetadataToken>100663302</MetadataToken>
              <Name>System.Data.Entity.DbSet`1&lt;Project_Manager_API.Models.Project&gt; Project_Manager_Unit_Test.TestContext::get_Projects()</Name>
              <FileRef uid="1" />
              <SequencePoints />
              <BranchPoints />
            </Method>
            <Method visited="true" cyclomaticComplexity="1" nPathComplexity="0" sequenceCoverage="100" branchCoverage="100" crapScore="1" isConstructor="true" isStatic="false" isGetter="false" isSetter="false">
              <Summary numSequencePoints="7" visitedSequencePoints="7" numBranchPoints="1" visitedBranchPoints="1" sequenceCoverage="100" branchCoverage="100" maxCyclomaticComplexity="1" minCyclomaticComplexity="1" maxCrapScore="1" minCrapScore="1" visitedClasses="0" numClasses="0" visitedMethods="1" numMethods="1" />
              <MetadataToken>100663297</MetadataToken>
              <Name>System.Void Project_Manager_Unit_Test.TestContext::.ctor()</Name>
              <FileRef uid="1" />
              <SequencePoints>
                <SequencePoint vc="10" uspid="1" ordinal="0" offset="0" sl="13" sc="9" el="13" ec="29" bec="0" bev="0" fileid="1">
                  <TrackedMethodRefs>
                    <TrackedMethodRef uid="8" vc="1" />
                    <TrackedMethodRef uid="7" vc="1" />
                    <TrackedMethodRef uid="10" vc="1" />
                    <TrackedMethodRef uid="9" vc="1" />
                    <TrackedMethodRef uid="11" vc="1" />
                    <TrackedMethodRef uid="2" vc="1" />
                    <TrackedMethodRef uid="1" vc="1" />
                    <TrackedMethodRef uid="4" vc="1" />
                    <TrackedMethodRef uid="3" vc="1" />
                    <TrackedMethodRef uid="5" vc="1" />
                  </TrackedMethodRefs>
                </SequencePoint>
                <SequencePoint vc="10" uspid="2" ordinal="1" offset="7" sl="14" sc="9" el="14" ec="10" bec="0" bev="0" fileid="1">
                  <TrackedMethodRefs>
                    <TrackedMethodRef uid="8" vc="1" />
                    <TrackedMethodRef uid="7" vc="1" />
                    <TrackedMethodRef uid="10" vc="1" />
                    <TrackedMethodRef uid="9" vc="1" />
                    <TrackedMethodRef uid="11" vc="1" />
                    <TrackedMethodRef uid="2" vc="1" />
                    <TrackedMethodRef uid="1" vc="1" />
                    <TrackedMethodRef uid="4" vc="1" />
                    <TrackedMethodRef uid="3" vc="1" />
                    <TrackedMethodRef uid="5" vc="1" />
                  </TrackedMethodRefs>
                </SequencePoint>
                <SequencePoint vc="10" uspid="3" ordinal="2" offset="8" sl="15" sc="13" el="15" ec="46" bec="0" bev="0" fileid="1">
                  <TrackedMethodRefs>
                    <TrackedMethodRef uid="8" vc="1" />
                    <TrackedMethodRef uid="7" vc="1" />
                    <TrackedMethodRef uid="10" vc="1" />
                    <TrackedMethodRef uid="9" vc="1" />
                    <TrackedMethodRef uid="11" vc="1" />
                    <TrackedMethodRef uid="2" vc="1" />
                    <TrackedMethodRef uid="1" vc="1" />
                    <TrackedMethodRef uid="4" vc="1" />
                    <TrackedMethodRef uid="3" vc="1" />
                    <TrackedMethodRef uid="5" vc="1" />
                  </TrackedMethodRefs>
                </SequencePoint>
                <SequencePoint vc="10" uspid="4" ordinal="3" offset="20" sl="16" sc="13" el="16" ec="58" bec="0" bev="0" fileid="1">
                  <TrackedMethodRefs>
                    <TrackedMethodRef uid="8" vc="1" />
                    <TrackedMethodRef uid="7" vc="1" />
                    <TrackedMethodRef uid="10" vc="1" />
                    <TrackedMethodRef uid="9" vc="1" />
                    <TrackedMethodRef uid="11" vc="1" />
                    <TrackedMethodRef uid="2" vc="1" />
                    <TrackedMethodRef uid="1" vc="1" />
                    <TrackedMethodRef uid="4" vc="1" />
                    <TrackedMethodRef uid="3" vc="1" />
                    <TrackedMethodRef uid="5" vc="1" />
                  </TrackedMethodRefs>
                </SequencePoint>
                <SequencePoint vc="10" uspid="5" ordinal="4" offset="31" sl="17" sc="13" el="17" ec="46" bec="0" bev="0" fileid="1">
                  <TrackedMethodRefs>
                    <TrackedMethodRef uid="8" vc="1" />
                    <TrackedMethodRef uid="7" vc="1" />
                    <TrackedMethodRef uid="10" vc="1" />
                    <TrackedMethodRef uid="9" vc="1" />
                    <TrackedMethodRef uid="11" vc="1" />
                    <TrackedMethodRef uid="2" vc="1" />
                    <TrackedMethodRef uid="1" vc="1" />
                    <TrackedMethodRef uid="4" vc="1" />
                    <TrackedMethodRef uid="3" vc="1" />
                    <TrackedMethodRef uid="5" vc="1" />
                  </TrackedMethodRefs>
                </SequencePoint>
                <SequencePoint vc="10" uspid="6" ordinal="5" offset="42" sl="18" sc="13" el="18" ec="52" bec="0" bev="0" fileid="1">
                  <TrackedMethodRefs>
                    <TrackedMethodRef uid="8" vc="1" />
                    <TrackedMethodRef uid="7" vc="1" />
                    <TrackedMethodRef uid="10" vc="1" />
                    <TrackedMethodRef uid="9" vc="1" />
                    <TrackedMethodRef uid="11" vc="1" />
                    <TrackedMethodRef uid="2" vc="1" />
                    <TrackedMethodRef uid="1" vc="1" />
                    <TrackedMethodRef uid="4" vc="1" />
                    <TrackedMethodRef uid="3" vc="1" />
                    <TrackedMethodRef uid="5" vc="1" />
                  </TrackedMethodRefs>
                </SequencePoint>
                <SequencePoint vc="10" uspid="7" ordinal="6" offset="53" sl="19" sc="9" el="19" ec="10" bec="0" bev="0" fileid="1">
                  <TrackedMethodRefs>
                    <TrackedMethodRef uid="8" vc="1" />
                    <TrackedMethodRef uid="7" vc="1" />
                    <TrackedMethodRef uid="10" vc="1" />
                    <TrackedMethodRef uid="9" vc="1" />
                    <TrackedMethodRef uid="11" vc="1" />
                    <TrackedMethodRef uid="2" vc="1" />
                    <TrackedMethodRef uid="1" vc="1" />
                    <TrackedMethodRef uid="4" vc="1" />
                    <TrackedMethodRef uid="3" vc="1" />
                    <TrackedMethodRef uid="5" vc="1" />
                  </TrackedMethodRefs>
                </SequencePoint>
              </SequencePoints>
              <BranchPoints />
              <MethodPoint xsi:type="SequencePoint" vc="10" uspid="1" ordinal="0" offset="0" sl="13" sc="9" el="13" ec="29" bec="0" bev="0" fileid="1">
                <TrackedMethodRefs>
                  <TrackedMethodRef uid="8" vc="1" />
                  <TrackedMethodRef uid="7" vc="1" />
                  <TrackedMethodRef uid="10" vc="1" />
                  <TrackedMethodRef uid="9" vc="1" />
                  <TrackedMethodRef uid="11" vc="1" />
                  <TrackedMethodRef uid="2" vc="1" />
                  <TrackedMethodRef uid="1" vc="1" />
                  <TrackedMethodRef uid="4" vc="1" />
                  <TrackedMethodRef uid="3" vc="1" />
                  <TrackedMethodRef uid="5" vc="1" />
                </TrackedMethodRefs>
              </MethodPoint>
            </Method>
            <Method visited="true" cyclomaticComplexity="1" nPathComplexity="0" sequenceCoverage="100" branchCoverage="100" crapScore="1" isConstructor="false" isStatic="false" isGetter="false" isSetter="false">
              <Summary numSequencePoints="3" visitedSequencePoints="3" numBranchPoints="1" visitedBranchPoints="1" sequenceCoverage="100" branchCoverage="100" maxCyclomaticComplexity="1" minCyclomaticComplexity="1" maxCrapScore="1" minCrapScore="1" visitedClasses="0" numClasses="0" visitedMethods="1" numMethods="1" />
              <MetadataToken>100663303</MetadataToken>
              <Name>System.Int32 Project_Manager_Unit_Test.TestContext::SaveChanges()</Name>
              <FileRef uid="1" />
              <SequencePoints>
                <SequencePoint vc="4" uspid="8" ordinal="0" offset="0" sl="28" sc="9" el="28" ec="10" bec="0" bev="0" fileid="1">
                  <TrackedMethodRefs>
                    <TrackedMethodRef uid="8" vc="1" />
                    <TrackedMethodRef uid="9" vc="1" />
                    <TrackedMethodRef uid="2" vc="1" />
                    <TrackedMethodRef uid="3" vc="1" />
                  </TrackedMethodRefs>
                </SequencePoint>
                <SequencePoint vc="4" uspid="9" ordinal="1" offset="1" sl="29" sc="13" el="29" ec="22" bec="0" bev="0" fileid="1">
                  <TrackedMethodRefs>
                    <TrackedMethodRef uid="8" vc="1" />
                    <TrackedMethodRef uid="9" vc="1" />
                    <TrackedMethodRef uid="2" vc="1" />
                    <TrackedMethodRef uid="3" vc="1" />
                  </TrackedMethodRefs>
                </SequencePoint>
                <SequencePoint vc="4" uspid="10" ordinal="2" offset="5" sl="30" sc="9" el="30" ec="10" bec="0" bev="0" fileid="1">
                  <TrackedMethodRefs>
                    <TrackedMethodRef uid="8" vc="1" />
                    <TrackedMethodRef uid="9" vc="1" />
                    <TrackedMethodRef uid="2" vc="1" />
                    <TrackedMethodRef uid="3" vc="1" />
                  </TrackedMethodRefs>
                </SequencePoint>
              </SequencePoints>
              <BranchPoints />
              <MethodPoint xsi:type="SequencePoint" vc="4" uspid="8" ordinal="0" offset="0" sl="28" sc="9" el="28" ec="10" bec="0" bev="0" fileid="1">
                <TrackedMethodRefs>
                  <TrackedMethodRef uid="8" vc="1" />
                  <TrackedMethodRef uid="9" vc="1" />
                  <TrackedMethodRef uid="2" vc="1" />
                  <TrackedMethodRef uid="3" vc="1" />
                </TrackedMethodRefs>
              </MethodPoint>
            </Method>
            <Method visited="false" cyclomaticComplexity="1" nPathComplexity="0" sequenceCoverage="0" branchCoverage="0" crapScore="2" isConstructor="false" isStatic="false" isGetter="false" isSetter="false">
              <Summary numSequencePoints="2" visitedSequencePoints="0" numBranchPoints="1" visitedBranchPoints="0" sequenceCoverage="0" branchCoverage="0" maxCyclomaticComplexity="1" minCyclomaticComplexity="1" maxCrapScore="2" minCrapScore="2" visitedClasses="0" numClasses="0" visitedMethods="0" numMethods="1" />
              <MetadataToken>100663304</MetadataToken>
              <Name>System.Void Project_Manager_Unit_Test.TestContext::Dispose()</Name>
              <FileRef uid="1" />
              <SequencePoints>
                <SequencePoint vc="0" uspid="11" ordinal="0" offset="0" sl="34" sc="9" el="34" ec="10" bec="0" bev="0" fileid="1" />
                <SequencePoint vc="0" uspid="12" ordinal="1" offset="1" sl="34" sc="11" el="34" ec="12" bec="0" bev="0" fileid="1" />
              </SequencePoints>
              <BranchPoints />
              <MethodPoint xsi:type="SequencePoint" vc="0" uspid="11" ordinal="0" offset="0" sl="34" sc="9" el="34" ec="10" bec="0" bev="0" fileid="1" />
            </Method>
          </Methods>
        </Class>
        <Class>
          <Summary numSequencePoints="19" visitedSequencePoints="19" numBranchPoints="5" visitedBranchPoints="5" sequenceCoverage="100" branchCoverage="100" maxCyclomaticComplexity="1" minCyclomaticComplexity="1" maxCrapScore="1" minCrapScore="1" visitedClasses="1" numClasses="1" visitedMethods="5" numMethods="5" />
          <FullName>Project_Manager_Unit_Test.TestDbSet`1</FullName>
          <Methods>
            <Method visited="true" cyclomaticComplexity="1" nPathComplexity="0" sequenceCoverage="100" branchCoverage="100" crapScore="1" isConstructor="false" isStatic="false" isGetter="true" isSetter="false">
              <Summary numSequencePoints="3" visitedSequencePoints="3" numBranchPoints="1" visitedBranchPoints="1" sequenceCoverage="100" branchCoverage="100" maxCyclomaticComplexity="1" minCyclomaticComplexity="1" maxCrapScore="1" minCrapScore="1" visitedClasses="0" numClasses="0" visitedMethods="1" numMethods="1" />
              <MetadataToken>100663308</MetadataToken>
              <Name>System.Linq.Expressions.Expression Project_Manager_Unit_Test.TestDbSet`1::System.Linq.IQueryable.get_Expression()</Name>
              <FileRef uid="2" />
              <SequencePoints>
                <SequencePoint vc="15" uspid="13" ordinal="0" offset="0" sl="63" sc="17" el="63" ec="18" bec="0" bev="0" fileid="2">
                  <TrackedMethodRefs>
                    <TrackedMethodRef uid="8" vc="1" />
                    <TrackedMethodRef uid="7" vc="5" />
                    <TrackedMethodRef uid="10" vc="2" />
                    <TrackedMethodRef uid="2" vc="1" />
                    <TrackedMethodRef uid="1" vc="2" />
                    <TrackedMethodRef uid="4" vc="4" />
                  </TrackedMethodRefs>
                </SequencePoint>
                <SequencePoint vc="15" uspid="14" ordinal="1" offset="1" sl="63" sc="19" el="63" ec="44" bec="0" bev="0" fileid="2">
                  <TrackedMethodRefs>
                    <TrackedMethodRef uid="8" vc="1" />
                    <TrackedMethodRef uid="7" vc="5" />
                    <TrackedMethodRef uid="10" vc="2" />
                    <TrackedMethodRef uid="2" vc="1" />
                    <TrackedMethodRef uid="1" vc="2" />
                    <TrackedMethodRef uid="4" vc="4" />
                  </TrackedMethodRefs>
                </SequencePoint>
                <SequencePoint vc="15" uspid="15" ordinal="2" offset="15" sl="63" sc="45" el="63" ec="46" bec="0" bev="0" fileid="2">
                  <TrackedMethodRefs>
                    <TrackedMethodRef uid="8" vc="1" />
                    <TrackedMethodRef uid="7" vc="5" />
                    <TrackedMethodRef uid="10" vc="2" />
                    <TrackedMethodRef uid="2" vc="1" />
                    <TrackedMethodRef uid="1" vc="2" />
                    <TrackedMethodRef uid="4" vc="4" />
                  </TrackedMethodRefs>
                </SequencePoint>
              </SequencePoints>
              <BranchPoints />
              <MethodPoint xsi:type="SequencePoint" vc="15" uspid="13" ordinal="0" offset="0" sl="63" sc="17" el="63" ec="18" bec="0" bev="0" fileid="2">
                <TrackedMethodRefs>
                  <TrackedMethodRef uid="8" vc="1" />
                  <TrackedMethodRef uid="7" vc="5" />
                  <TrackedMethodRef uid="10" vc="2" />
                  <TrackedMethodRef uid="2" vc="1" />
                  <TrackedMethodRef uid="1" vc="2" />
                  <TrackedMethodRef uid="4" vc="4" />
                </TrackedMethodRefs>
              </MethodPoint>
            </Method>
            <Method visited="true" cyclomaticComplexity="1" nPathComplexity="0" sequenceCoverage="100" branchCoverage="100" crapScore="1" isConstructor="false" isStatic="false" isGetter="true" isSetter="false">
              <Summary numSequencePoints="3" visitedSequencePoints="3" numBranchPoints="1" visitedBranchPoints="1" sequenceCoverage="100" branchCoverage="100" maxCyclomaticComplexity="1" minCyclomaticComplexity="1" maxCrapScore="1" minCrapScore="1" visitedClasses="0" numClasses="0" visitedMethods="1" numMethods="1" />
              <MetadataToken>100663309</MetadataToken>
              <Name>System.Linq.IQueryProvider Project_Manager_Unit_Test.TestDbSet`1::System.Linq.IQueryable.get_Provider()</Name>
              <FileRef uid="2" />
              <SequencePoints>
                <SequencePoint vc="7" uspid="16" ordinal="0" offset="0" sl="68" sc="17" el="68" ec="18" bec="0" bev="0" fileid="2">
                  <TrackedMethodRefs>
                    <TrackedMethodRef uid="8" vc="1" />
                    <TrackedMethodRef uid="7" vc="2" />
                    <TrackedMethodRef uid="10" vc="1" />
                    <TrackedMethodRef uid="2" vc="1" />
                    <TrackedMethodRef uid="1" vc="1" />
                    <TrackedMethodRef uid="4" vc="1" />
                  </TrackedMethodRefs>
                </SequencePoint>
                <SequencePoint vc="7" uspid="17" ordinal="1" offset="1" sl="68" sc="19" el="68" ec="42" bec="0" bev="0" fileid="2">
                  <TrackedMethodRefs>
                    <TrackedMethodRef uid="8" vc="1" />
                    <TrackedMethodRef uid="7" vc="2" />
                    <TrackedMethodRef uid="10" vc="1" />
                    <TrackedMethodRef uid="2" vc="1" />
                    <TrackedMethodRef uid="1" vc="1" />
                    <TrackedMethodRef uid="4" vc="1" />
                  </TrackedMethodRefs>
                </SequencePoint>
                <SequencePoint vc="7" uspid="18" ordinal="2" offset="15" sl="68" sc="43" el="68" ec="44" bec="0" bev="0" fileid="2">
                  <TrackedMethodRefs>
                    <TrackedMethodRef uid="8" vc="1" />
                    <TrackedMethodRef uid="7" vc="2" />
                    <TrackedMethodRef uid="10" vc="1" />
                    <TrackedMethodRef uid="2" vc="1" />
                    <TrackedMethodRef uid="1" vc="1" />
                    <TrackedMethodRef uid="4" vc="1" />
                  </TrackedMethodRefs>
                </SequencePoint>
              </SequencePoints>
              <BranchPoints />
              <MethodPoint xsi:type="SequencePoint" vc="7" uspid="16" ordinal="0" offset="0" sl="68" sc="17" el="68" ec="18" bec="0" bev="0" fileid="2">
                <TrackedMethodRefs>
                  <TrackedMethodRef uid="8" vc="1" />
                  <TrackedMethodRef uid="7" vc="2" />
                  <TrackedMethodRef uid="10" vc="1" />
                  <TrackedMethodRef uid="2" vc="1" />
                  <TrackedMethodRef uid="1" vc="1" />
                  <TrackedMethodRef uid="4" vc="1" />
                </TrackedMethodRefs>
              </MethodPoint>
            </Method>
            <Method visited="true" cyclomaticComplexity="1" nPathComplexity="0" sequenceCoverage="100" branchCoverage="100" crapScore="1" isConstructor="true" isStatic="false" isGetter="false" isSetter="false">
              <Summary numSequencePoints="5" visitedSequencePoints="5" numBranchPoints="1" visitedBranchPoints="1" sequenceCoverage="100" branchCoverage="100" maxCyclomaticComplexity="1" minCyclomaticComplexity="1" maxCrapScore="1" minCrapScore="1" visitedClasses="0" numClasses="0" visitedMethods="1" numMethods="1" />
              <MetadataToken>100663305</MetadataToken>
              <Name>System.Void Project_Manager_Unit_Test.TestDbSet`1::.ctor()</Name>
              <FileRef uid="2" />
              <SequencePoints>
                <SequencePoint vc="40" uspid="19" ordinal="0" offset="0" sl="17" sc="9" el="17" ec="27" bec="0" bev="0" fileid="2">
                  <TrackedMethodRefs>
                    <TrackedMethodRef uid="8" vc="4" />
                    <TrackedMethodRef uid="7" vc="4" />
                    <TrackedMethodRef uid="10" vc="4" />
                    <TrackedMethodRef uid="9" vc="4" />
                    <TrackedMethodRef uid="11" vc="4" />
                    <TrackedMethodRef uid="2" vc="4" />
                    <TrackedMethodRef uid="1" vc="4" />
                    <TrackedMethodRef uid="4" vc="4" />
                    <TrackedMethodRef uid="3" vc="4" />
                    <TrackedMethodRef uid="5" vc="4" />
                  </TrackedMethodRefs>
                </SequencePoint>
                <SequencePoint vc="40" uspid="20" ordinal="1" offset="7" sl="18" sc="9" el="18" ec="10" bec="0" bev="0" fileid="2">
                  <TrackedMethodRefs>
                    <TrackedMethodRef uid="8" vc="4" />
                    <TrackedMethodRef uid="7" vc="4" />
                    <TrackedMethodRef uid="10" vc="4" />
                    <TrackedMethodRef uid="9" vc="4" />
                    <TrackedMethodRef uid="11" vc="4" />
                    <TrackedMethodRef uid="2" vc="4" />
                    <TrackedMethodRef uid="1" vc="4" />
                    <TrackedMethodRef uid="4" vc="4" />
                    <TrackedMethodRef uid="3" vc="4" />
                    <TrackedMethodRef uid="5" vc="4" />
                  </TrackedMethodRefs>
                </SequencePoint>
                <SequencePoint vc="40" uspid="21" ordinal="2" offset="8" sl="19" sc="13" el="19" ec="51" bec="0" bev="0" fileid="2">
                  <TrackedMethodRefs>
                    <TrackedMethodRef uid="8" vc="4" />
                    <TrackedMethodRef uid="7" vc="4" />
                    <TrackedMethodRef uid="10" vc="4" />
                    <TrackedMethodRef uid="9" vc="4" />
                    <TrackedMethodRef uid="11" vc="4" />
                    <TrackedMethodRef uid="2" vc="4" />
                    <TrackedMethodRef uid="1" vc="4" />
                    <TrackedMethodRef uid="4" vc="4" />
                    <TrackedMethodRef uid="3" vc="4" />
                    <TrackedMethodRef uid="5" vc="4" />
                  </TrackedMethodRefs>
                </SequencePoint>
                <SequencePoint vc="40" uspid="22" ordinal="3" offset="19" sl="20" sc="13" el="20" ec="42" bec="0" bev="0" fileid="2">
                  <TrackedMethodRefs>
                    <TrackedMethodRef uid="8" vc="4" />
                    <TrackedMethodRef uid="7" vc="4" />
                    <TrackedMethodRef uid="10" vc="4" />
                    <TrackedMethodRef uid="9" vc="4" />
                    <TrackedMethodRef uid="11" vc="4" />
                    <TrackedMethodRef uid="2" vc="4" />
                    <TrackedMethodRef uid="1" vc="4" />
                    <TrackedMethodRef uid="4" vc="4" />
                    <TrackedMethodRef uid="3" vc="4" />
                    <TrackedMethodRef uid="5" vc="4" />
                  </TrackedMethodRefs>
                </SequencePoint>
                <SequencePoint vc="40" uspid="23" ordinal="4" offset="36" sl="21" sc="9" el="21" ec="10" bec="0" bev="0" fileid="2">
                  <TrackedMethodRefs>
                    <TrackedMethodRef uid="8" vc="4" />
                    <TrackedMethodRef uid="7" vc="4" />
                    <TrackedMethodRef uid="10" vc="4" />
                    <TrackedMethodRef uid="9" vc="4" />
                    <TrackedMethodRef uid="11" vc="4" />
                    <TrackedMethodRef uid="2" vc="4" />
                    <TrackedMethodRef uid="1" vc="4" />
                    <TrackedMethodRef uid="4" vc="4" />
                    <TrackedMethodRef uid="3" vc="4" />
                    <TrackedMethodRef uid="5" vc="4" />
                  </TrackedMethodRefs>
                </SequencePoint>
              </SequencePoints>
              <BranchPoints />
              <MethodPoint xsi:type="SequencePoint" vc="40" uspid="19" ordinal="0" offset="0" sl="17" sc="9" el="17" ec="27" bec="0" bev="0" fileid="2">
                <TrackedMethodRefs>
                  <TrackedMethodRef uid="8" vc="4" />
                  <TrackedMethodRef uid="7" vc="4" />
                  <TrackedMethodRef uid="10" vc="4" />
                  <TrackedMethodRef uid="9" vc="4" />
                  <TrackedMethodRef uid="11" vc="4" />
                  <TrackedMethodRef uid="2" vc="4" />
                  <TrackedMethodRef uid="1" vc="4" />
                  <TrackedMethodRef uid="4" vc="4" />
                  <TrackedMethodRef uid="3" vc="4" />
                  <TrackedMethodRef uid="5" vc="4" />
                </TrackedMethodRefs>
              </MethodPoint>
            </Method>
            <Method visited="true" cyclomaticComplexity="1" nPathComplexity="0" sequenceCoverage="100" branchCoverage="100" crapScore="1" isConstructor="false" isStatic="false" isGetter="false" isSetter="false">
              <Summary numSequencePoints="4" visitedSequencePoints="4" numBranchPoints="1" visitedBranchPoints="1" sequenceCoverage="100" branchCoverage="100" maxCyclomaticComplexity="1" minCyclomaticComplexity="1" maxCrapScore="1" minCrapScore="1" visitedClasses="0" numClasses="0" visitedMethods="1" numMethods="1" />
              <MetadataToken>100663306</MetadataToken>
              <Name>T Project_Manager_Unit_Test.TestDbSet`1::Add(T)</Name>
              <FileRef uid="2" />
              <SequencePoints>
                <SequencePoint vc="22" uspid="24" ordinal="0" offset="0" sl="24" sc="9" el="24" ec="10" bec="0" bev="0" fileid="2">
                  <TrackedMethodRefs>
                    <TrackedMethodRef uid="8" vc="1" />
                    <TrackedMethodRef uid="7" vc="6" />
                    <TrackedMethodRef uid="10" vc="2" />
                    <TrackedMethodRef uid="9" vc="1" />
                    <TrackedMethodRef uid="2" vc="1" />
                    <TrackedMethodRef uid="1" vc="6" />
                    <TrackedMethodRef uid="4" vc="4" />
                    <TrackedMethodRef uid="3" vc="1" />
                  </TrackedMethodRefs>
                </SequencePoint>
                <SequencePoint vc="22" uspid="25" ordinal="1" offset="1" sl="25" sc="13" el="25" ec="29" bec="0" bev="0" fileid="2">
                  <TrackedMethodRefs>
                    <TrackedMethodRef uid="8" vc="1" />
                    <TrackedMethodRef uid="7" vc="6" />
                    <TrackedMethodRef uid="10" vc="2" />
                    <TrackedMethodRef uid="9" vc="1" />
                    <TrackedMethodRef uid="2" vc="1" />
                    <TrackedMethodRef uid="1" vc="6" />
                    <TrackedMethodRef uid="4" vc="4" />
                    <TrackedMethodRef uid="3" vc="1" />
                  </TrackedMethodRefs>
                </SequencePoint>
                <SequencePoint vc="22" uspid="26" ordinal="2" offset="14" sl="26" sc="13" el="26" ec="25" bec="0" bev="0" fileid="2">
                  <TrackedMethodRefs>
                    <TrackedMethodRef uid="8" vc="1" />
                    <TrackedMethodRef uid="7" vc="6" />
                    <TrackedMethodRef uid="10" vc="2" />
                    <TrackedMethodRef uid="9" vc="1" />
                    <TrackedMethodRef uid="2" vc="1" />
                    <TrackedMethodRef uid="1" vc="6" />
                    <TrackedMethodRef uid="4" vc="4" />
                    <TrackedMethodRef uid="3" vc="1" />
                  </TrackedMethodRefs>
                </SequencePoint>
                <SequencePoint vc="22" uspid="27" ordinal="3" offset="18" sl="27" sc="9" el="27" ec="10" bec="0" bev="0" fileid="2">
                  <TrackedMethodRefs>
                    <TrackedMethodRef uid="8" vc="1" />
                    <TrackedMethodRef uid="7" vc="6" />
                    <TrackedMethodRef uid="10" vc="2" />
                    <TrackedMethodRef uid="9" vc="1" />
                    <TrackedMethodRef uid="2" vc="1" />
                    <TrackedMethodRef uid="1" vc="6" />
                    <TrackedMethodRef uid="4" vc="4" />
                    <TrackedMethodRef uid="3" vc="1" />
                  </TrackedMethodRefs>
                </SequencePoint>
              </SequencePoints>
              <BranchPoints />
              <MethodPoint xsi:type="SequencePoint" vc="22" uspid="24" ordinal="0" offset="0" sl="24" sc="9" el="24" ec="10" bec="0" bev="0" fileid="2">
                <TrackedMethodRefs>
                  <TrackedMethodRef uid="8" vc="1" />
                  <TrackedMethodRef uid="7" vc="6" />
                  <TrackedMethodRef uid="10" vc="2" />
                  <TrackedMethodRef uid="9" vc="1" />
                  <TrackedMethodRef uid="2" vc="1" />
                  <TrackedMethodRef uid="1" vc="6" />
                  <TrackedMethodRef uid="4" vc="4" />
                  <TrackedMethodRef uid="3" vc="1" />
                </TrackedMethodRefs>
              </MethodPoint>
            </Method>
            <Method visited="true" cyclomaticComplexity="1" nPathComplexity="0" sequenceCoverage="100" branchCoverage="100" crapScore="1" isConstructor="false" isStatic="false" isGetter="false" isSetter="false">
              <Summary numSequencePoints="4" visitedSequencePoints="4" numBranchPoints="1" visitedBranchPoints="1" sequenceCoverage="100" branchCoverage="100" maxCyclomaticComplexity="1" minCyclomaticComplexity="1" maxCrapScore="1" minCrapScore="1" visitedClasses="0" numClasses="0" visitedMethods="1" numMethods="1" />
              <MetadataToken>100663307</MetadataToken>
              <Name>T Project_Manager_Unit_Test.TestDbSet`1::Remove(T)</Name>
              <FileRef uid="2" />
              <SequencePoints>
                <SequencePoint vc="2" uspid="28" ordinal="0" offset="0" sl="30" sc="9" el="30" ec="10" bec="0" bev="0" fileid="2">
                  <TrackedMethodRefs>
                    <TrackedMethodRef uid="8" vc="1" />
                    <TrackedMethodRef uid="2" vc="1" />
                  </TrackedMethodRefs>
                </SequencePoint>
                <SequencePoint vc="2" uspid="29" ordinal="1" offset="1" sl="31" sc="13" el="31" ec="32" bec="0" bev="0" fileid="2">
                  <TrackedMethodRefs>
                    <TrackedMethodRef uid="8" vc="1" />
                    <TrackedMethodRef uid="2" vc="1" />
                  </TrackedMethodRefs>
                </SequencePoint>
                <SequencePoint vc="2" uspid="30" ordinal="2" offset="14" sl="32" sc="13" el="32" ec="25" bec="0" bev="0" fileid="2">
                  <TrackedMethodRefs>
                    <TrackedMethodRef uid="8" vc="1" />
                    <TrackedMethodRef uid="2" vc="1" />
                  </TrackedMethodRefs>
                </SequencePoint>
                <SequencePoint vc="2" uspid="31" ordinal="3" offset="18" sl="33" sc="9" el="33" ec="10" bec="0" bev="0" fileid="2">
                  <TrackedMethodRefs>
                    <TrackedMethodRef uid="8" vc="1" />
                    <TrackedMethodRef uid="2" vc="1" />
                  </TrackedMethodRefs>
                </SequencePoint>
              </SequencePoints>
              <BranchPoints />
              <MethodPoint xsi:type="SequencePoint" vc="2" uspid="28" ordinal="0" offset="0" sl="30" sc="9" el="30" ec="10" bec="0" bev="0" fileid="2">
                <TrackedMethodRefs>
                  <TrackedMethodRef uid="8" vc="1" />
                  <TrackedMethodRef uid="2" vc="1" />
                </TrackedMethodRefs>
              </MethodPoint>
            </Method>
          </Methods>
        </Class>
        <Class>
          <Summary numSequencePoints="5" visitedSequencePoints="0" numBranchPoints="2" visitedBranchPoints="0" sequenceCoverage="0" branchCoverage="0" maxCyclomaticComplexity="1" minCyclomaticComplexity="1" maxCrapScore="2" minCrapScore="2" visitedClasses="0" numClasses="1" visitedMethods="0" numMethods="2" />
          <FullName>Project_Manager_Unit_Test.TestParentTaskDbSet</FullName>
          <Methods>
            <Method visited="false" cyclomaticComplexity="1" nPathComplexity="0" sequenceCoverage="0" branchCoverage="0" crapScore="2" isConstructor="false" isStatic="false" isGetter="false" isSetter="false">
              <Summary numSequencePoints="3" visitedSequencePoints="0" numBranchPoints="1" visitedBranchPoints="0" sequenceCoverage="0" branchCoverage="0" maxCyclomaticComplexity="1" minCyclomaticComplexity="1" maxCrapScore="2" minCrapScore="2" visitedClasses="0" numClasses="0" visitedMethods="0" numMethods="1" />
              <MetadataToken>100663310</MetadataToken>
              <Name>Project_Manager_API.Models.Parent_Task Project_Manager_Unit_Test.TestParentTaskDbSet::Find(System.Object[])</Name>
              <FileRef uid="3" />
              <SequencePoints>
                <SequencePoint vc="0" uspid="32" ordinal="0" offset="13" sl="14" sc="9" el="14" ec="10" bec="0" bev="0" fileid="3" />
                <SequencePoint vc="0" uspid="33" ordinal="1" offset="14" sl="15" sc="13" el="15" ec="92" bec="0" bev="0" fileid="3" />
                <SequencePoint vc="0" uspid="34" ordinal="2" offset="161" sl="16" sc="9" el="16" ec="10" bec="0" bev="0" fileid="3" />
              </SequencePoints>
              <BranchPoints />
              <MethodPoint vc="0" uspid="35" ordinal="0" offset="0" />
            </Method>
            <Method visited="false" cyclomaticComplexity="1" nPathComplexity="0" sequenceCoverage="0" branchCoverage="0" crapScore="2" isConstructor="false" isStatic="true" isGetter="false" isSetter="false">
              <Summary numSequencePoints="2" visitedSequencePoints="0" numBranchPoints="1" visitedBranchPoints="0" sequenceCoverage="0" branchCoverage="0" maxCyclomaticComplexity="1" minCyclomaticComplexity="1" maxCrapScore="2" minCrapScore="2" visitedClasses="0" numClasses="0" visitedMethods="0" numMethods="1" />
              <MetadataToken>100663311</MetadataToken>
              <Name>System.Data.Entity.DbSet`1&lt;System.Object&gt; Project_Manager_Unit_Test.TestParentTaskDbSet::op_Implicit(Project_Manager_Unit_Test.TestParentTaskDbSet)</Name>
              <FileRef uid="3" />
              <SequencePoints>
                <SequencePoint vc="0" uspid="36" ordinal="0" offset="0" sl="19" sc="9" el="19" ec="10" bec="0" bev="0" fileid="3" />
                <SequencePoint vc="0" uspid="37" ordinal="1" offset="1" sl="20" sc="13" el="20" ec="49" bec="0" bev="0" fileid="3" />
              </SequencePoints>
              <BranchPoints />
              <MethodPoint xsi:type="SequencePoint" vc="0" uspid="36" ordinal="0" offset="0" sl="19" sc="9" el="19" ec="10" bec="0" bev="0" fileid="3" />
            </Method>
            <Method visited="false" cyclomaticComplexity="1" nPathComplexity="0" sequenceCoverage="0" branchCoverage="0" crapScore="2" isConstructor="true" isStatic="false" isGetter="false" isSetter="false">
              <Summary numSequencePoints="0" visitedSequencePoints="0" numBranchPoints="0" visitedBranchPoints="0" sequenceCoverage="0" branchCoverage="0" maxCyclomaticComplexity="1" minCyclomaticComplexity="1" maxCrapScore="2" minCrapScore="2" visitedClasses="0" numClasses="0" visitedMethods="0" numMethods="0" />
              <MetadataToken>100663312</MetadataToken>
              <Name>System.Void Project_Manager_Unit_Test.TestParentTaskDbSet::.ctor()</Name>
              <SequencePoints />
              <BranchPoints />
              <MethodPoint vc="0" uspid="38" ordinal="0" offset="0" />
            </Method>
          </Methods>
        </Class>
        <Class>
          <Summary numSequencePoints="0" visitedSequencePoints="0" numBranchPoints="0" visitedBranchPoints="0" sequenceCoverage="0" branchCoverage="0" maxCyclomaticComplexity="1" minCyclomaticComplexity="1" maxCrapScore="2" minCrapScore="2" visitedClasses="0" numClasses="0" visitedMethods="0" numMethods="0" />
          <FullName>Project_Manager_Unit_Test.TestParentTaskDbSet/&lt;&gt;c__DisplayClass0_0</FullName>
          <Methods>
            <Method visited="false" cyclomaticComplexity="1" nPathComplexity="0" sequenceCoverage="0" branchCoverage="0" crapScore="2" isConstructor="true" isStatic="false" isGetter="false" isSetter="false">
              <Summary numSequencePoints="0" visitedSequencePoints="0" numBranchPoints="0" visitedBranchPoints="0" sequenceCoverage="0" branchCoverage="0" maxCyclomaticComplexity="1" minCyclomaticComplexity="1" maxCrapScore="2" minCrapScore="2" visitedClasses="0" numClasses="0" visitedMethods="0" numMethods="0" />
              <MetadataToken>100663344</MetadataToken>
              <Name>System.Void Project_Manager_Unit_Test.TestParentTaskDbSet/&lt;&gt;c__DisplayClass0_0::.ctor()</Name>
              <SequencePoints />
              <BranchPoints />
              <MethodPoint vc="0" uspid="39" ordinal="0" offset="0" />
            </Method>
          </Methods>
        </Class>
        <Class>
          <Summary numSequencePoints="5" visitedSequencePoints="3" numBranchPoints="2" visitedBranchPoints="1" sequenceCoverage="60" branchCoverage="50" maxCyclomaticComplexity="1" minCyclomaticComplexity="1" maxCrapScore="2" minCrapScore="1" visitedClasses="1" numClasses="1" visitedMethods="1" numMethods="2" />
          <FullName>Project_Manager_Unit_Test.TestProjectDbSet</FullName>
          <Methods>
            <Method visited="true" cyclomaticComplexity="1" nPathComplexity="0" sequenceCoverage="100" branchCoverage="100" crapScore="1" isConstructor="false" isStatic="false" isGetter="false" isSetter="false">
              <Summary numSequencePoints="3" visitedSequencePoints="3" numBranchPoints="1" visitedBranchPoints="1" sequenceCoverage="100" branchCoverage="100" maxCyclomaticComplexity="1" minCyclomaticComplexity="1" maxCrapScore="1" minCrapScore="1" visitedClasses="0" numClasses="0" visitedMethods="1" numMethods="1" />
              <MetadataToken>100663313</MetadataToken>
              <Name>Project_Manager_API.Models.Project Project_Manager_Unit_Test.TestProjectDbSet::Find(System.Object[])</Name>
              <FileRef uid="4" />
              <SequencePoints>
                <SequencePoint vc="1" uspid="40" ordinal="0" offset="13" sl="13" sc="9" el="13" ec="10" bec="0" bev="0" fileid="4">
                  <TrackedMethodRefs>
                    <TrackedMethodRef uid="8" vc="1" />
                  </TrackedMethodRefs>
                </SequencePoint>
                <SequencePoint vc="1" uspid="41" ordinal="1" offset="14" sl="14" sc="13" el="14" ec="93" bec="0" bev="0" fileid="4">
                  <TrackedMethodRefs>
                    <TrackedMethodRef uid="8" vc="1" />
                  </TrackedMethodRefs>
                </SequencePoint>
                <SequencePoint vc="1" uspid="42" ordinal="2" offset="161" sl="15" sc="9" el="15" ec="10" bec="0" bev="0" fileid="4">
                  <TrackedMethodRefs>
                    <TrackedMethodRef uid="8" vc="1" />
                  </TrackedMethodRefs>
                </SequencePoint>
              </SequencePoints>
              <BranchPoints />
              <MethodPoint vc="1" uspid="43" ordinal="0" offset="0">
                <TrackedMethodRefs>
                  <TrackedMethodRef uid="8" vc="1" />
                </TrackedMethodRefs>
              </MethodPoint>
            </Method>
            <Method visited="false" cyclomaticComplexity="1" nPathComplexity="0" sequenceCoverage="0" branchCoverage="0" crapScore="2" isConstructor="false" isStatic="true" isGetter="false" isSetter="false">
              <Summary numSequencePoints="2" visitedSequencePoints="0" numBranchPoints="1" visitedBranchPoints="0" sequenceCoverage="0" branchCoverage="0" maxCyclomaticComplexity="1" minCyclomaticComplexity="1" maxCrapScore="2" minCrapScore="2" visitedClasses="0" numClasses="0" visitedMethods="0" numMethods="1" />
              <MetadataToken>100663314</MetadataToken>
              <Name>System.Data.Entity.DbSet`1&lt;System.Object&gt; Project_Manager_Unit_Test.TestProjectDbSet::op_Implicit(Project_Manager_Unit_Test.TestProjectDbSet)</Name>
              <FileRef uid="4" />
              <SequencePoints>
                <SequencePoint vc="0" uspid="44" ordinal="0" offset="0" sl="18" sc="9" el="18" ec="10" bec="0" bev="0" fileid="4" />
                <SequencePoint vc="0" uspid="45" ordinal="1" offset="1" sl="19" sc="13" el="19" ec="49" bec="0" bev="0" fileid="4" />
              </SequencePoints>
              <BranchPoints />
              <MethodPoint xsi:type="SequencePoint" vc="0" uspid="44" ordinal="0" offset="0" sl="18" sc="9" el="18" ec="10" bec="0" bev="0" fileid="4" />
            </Method>
            <Method visited="false" cyclomaticComplexity="1" nPathComplexity="0" sequenceCoverage="0" branchCoverage="0" crapScore="2" isConstructor="true" isStatic="false" isGetter="false" isSetter="false">
              <Summary numSequencePoints="0" visitedSequencePoints="0" numBranchPoints="0" visitedBranchPoints="0" sequenceCoverage="0" branchCoverage="0" maxCyclomaticComplexity="1" minCyclomaticComplexity="1" maxCrapScore="2" minCrapScore="2" visitedClasses="0" numClasses="0" visitedMethods="0" numMethods="0" />
              <MetadataToken>100663315</MetadataToken>
              <Name>System.Void Project_Manager_Unit_Test.TestProjectDbSet::.ctor()</Name>
              <SequencePoints />
              <BranchPoints />
              <MethodPoint vc="0" uspid="46" ordinal="0" offset="0" />
            </Method>
          </Methods>
        </Class>
        <Class>
          <Summary numSequencePoints="0" visitedSequencePoints="0" numBranchPoints="0" visitedBranchPoints="0" sequenceCoverage="0" branchCoverage="0" maxCyclomaticComplexity="1" minCyclomaticComplexity="1" maxCrapScore="2" minCrapScore="2" visitedClasses="0" numClasses="0" visitedMethods="0" numMethods="0" />
          <FullName>Project_Manager_Unit_Test.TestProjectDbSet/&lt;&gt;c__DisplayClass0_0</FullName>
          <Methods>
            <Method visited="false" cyclomaticComplexity="1" nPathComplexity="0" sequenceCoverage="0" branchCoverage="0" crapScore="2" isConstructor="true" isStatic="false" isGetter="false" isSetter="false">
              <Summary numSequencePoints="0" visitedSequencePoints="0" numBranchPoints="0" visitedBranchPoints="0" sequenceCoverage="0" branchCoverage="0" maxCyclomaticComplexity="1" minCyclomaticComplexity="1" maxCrapScore="2" minCrapScore="2" visitedClasses="0" numClasses="0" visitedMethods="0" numMethods="0" />
              <MetadataToken>100663345</MetadataToken>
              <Name>System.Void Project_Manager_Unit_Test.TestProjectDbSet/&lt;&gt;c__DisplayClass0_0::.ctor()</Name>
              <SequencePoints />
              <BranchPoints />
              <MethodPoint vc="0" uspid="47" ordinal="0" offset="0" />
            </Method>
          </Methods>
        </Class>
        <Class>
          <Summary numSequencePoints="5" visitedSequencePoints="3" numBranchPoints="2" visitedBranchPoints="1" sequenceCoverage="60" branchCoverage="50" maxCyclomaticComplexity="1" minCyclomaticComplexity="1" maxCrapScore="2" minCrapScore="1" visitedClasses="1" numClasses="1" visitedMethods="1" numMethods="2" />
          <FullName>Project_Manager_Unit_Test.TestTaskDbSet</FullName>
          <Methods>
            <Method visited="true" cyclomaticComplexity="1" nPathComplexity="0" sequenceCoverage="100" branchCoverage="100" crapScore="1" isConstructor="false" isStatic="false" isGetter="false" isSetter="false">
              <Summary numSequencePoints="3" visitedSequencePoints="3" numBranchPoints="1" visitedBranchPoints="1" sequenceCoverage="100" branchCoverage="100" maxCyclomaticComplexity="1" minCyclomaticComplexity="1" maxCrapScore="1" minCrapScore="1" visitedClasses="0" numClasses="0" visitedMethods="1" numMethods="1" />
              <MetadataToken>100663316</MetadataToken>
              <Name>Project_Manager_API.Models.Task Project_Manager_Unit_Test.TestTaskDbSet::Find(System.Object[])</Name>
              <FileRef uid="5" />
              <SequencePoints>
                <SequencePoint vc="1" uspid="48" ordinal="0" offset="13" sl="11" sc="9" el="11" ec="10" bec="0" bev="0" fileid="5">
                  <TrackedMethodRefs>
                    <TrackedMethodRef uid="2" vc="1" />
                  </TrackedMethodRefs>
                </SequencePoint>
                <SequencePoint vc="1" uspid="49" ordinal="1" offset="14" sl="12" sc="13" el="12" ec="90" bec="0" bev="0" fileid="5">
                  <TrackedMethodRefs>
                    <TrackedMethodRef uid="2" vc="1" />
                  </TrackedMethodRefs>
                </SequencePoint>
                <SequencePoint vc="1" uspid="50" ordinal="2" offset="161" sl="13" sc="9" el="13" ec="10" bec="0" bev="0" fileid="5">
                  <TrackedMethodRefs>
                    <TrackedMethodRef uid="2" vc="1" />
                  </TrackedMethodRefs>
                </SequencePoint>
              </SequencePoints>
              <BranchPoints />
              <MethodPoint vc="1" uspid="51" ordinal="0" offset="0">
                <TrackedMethodRefs>
                  <TrackedMethodRef uid="2" vc="1" />
                </TrackedMethodRefs>
              </MethodPoint>
            </Method>
            <Method visited="false" cyclomaticComplexity="1" nPathComplexity="0" sequenceCoverage="0" branchCoverage="0" crapScore="2" isConstructor="false" isStatic="true" isGetter="false" isSetter="false">
              <Summary numSequencePoints="2" visitedSequencePoints="0" numBranchPoints="1" visitedBranchPoints="0" sequenceCoverage="0" branchCoverage="0" maxCyclomaticComplexity="1" minCyclomaticComplexity="1" maxCrapScore="2" minCrapScore="2" visitedClasses="0" numClasses="0" visitedMethods="0" numMethods="1" />
              <MetadataToken>100663317</MetadataToken>
              <Name>System.Data.Entity.DbSet`1&lt;System.Object&gt; Project_Manager_Unit_Test.TestTaskDbSet::op_Implicit(Project_Manager_Unit_Test.TestTaskDbSet)</Name>
              <FileRef uid="5" />
              <SequencePoints>
                <SequencePoint vc="0" uspid="52" ordinal="0" offset="0" sl="16" sc="9" el="16" ec="10" bec="0" bev="0" fileid="5" />
                <SequencePoint vc="0" uspid="53" ordinal="1" offset="1" sl="17" sc="13" el="17" ec="49" bec="0" bev="0" fileid="5" />
              </SequencePoints>
              <BranchPoints />
              <MethodPoint xsi:type="SequencePoint" vc="0" uspid="52" ordinal="0" offset="0" sl="16" sc="9" el="16" ec="10" bec="0" bev="0" fileid="5" />
            </Method>
            <Method visited="false" cyclomaticComplexity="1" nPathComplexity="0" sequenceCoverage="0" branchCoverage="0" crapScore="2" isConstructor="true" isStatic="false" isGetter="false" isSetter="false">
              <Summary numSequencePoints="0" visitedSequencePoints="0" numBranchPoints="0" visitedBranchPoints="0" sequenceCoverage="0" branchCoverage="0" maxCyclomaticComplexity="1" minCyclomaticComplexity="1" maxCrapScore="2" minCrapScore="2" visitedClasses="0" numClasses="0" visitedMethods="0" numMethods="0" />
              <MetadataToken>100663318</MetadataToken>
              <Name>System.Void Project_Manager_Unit_Test.TestTaskDbSet::.ctor()</Name>
              <SequencePoints />
              <BranchPoints />
              <MethodPoint vc="0" uspid="54" ordinal="0" offset="0" />
            </Method>
          </Methods>
        </Class>
        <Class>
          <Summary numSequencePoints="0" visitedSequencePoints="0" numBranchPoints="0" visitedBranchPoints="0" sequenceCoverage="0" branchCoverage="0" maxCyclomaticComplexity="1" minCyclomaticComplexity="1" maxCrapScore="2" minCrapScore="2" visitedClasses="0" numClasses="0" visitedMethods="0" numMethods="0" />
          <FullName>Project_Manager_Unit_Test.TestTaskDbSet/&lt;&gt;c__DisplayClass0_0</FullName>
          <Methods>
            <Method visited="false" cyclomaticComplexity="1" nPathComplexity="0" sequenceCoverage="0" branchCoverage="0" crapScore="2" isConstructor="true" isStatic="false" isGetter="false" isSetter="false">
              <Summary numSequencePoints="0" visitedSequencePoints="0" numBranchPoints="0" visitedBranchPoints="0" sequenceCoverage="0" branchCoverage="0" maxCyclomaticComplexity="1" minCyclomaticComplexity="1" maxCrapScore="2" minCrapScore="2" visitedClasses="0" numClasses="0" visitedMethods="0" numMethods="0" />
              <MetadataToken>100663346</MetadataToken>
              <Name>System.Void Project_Manager_Unit_Test.TestTaskDbSet/&lt;&gt;c__DisplayClass0_0::.ctor()</Name>
              <SequencePoints />
              <BranchPoints />
              <MethodPoint vc="0" uspid="55" ordinal="0" offset="0" />
            </Method>
          </Methods>
        </Class>
        <Class>
          <Summary numSequencePoints="5" visitedSequencePoints="0" numBranchPoints="2" visitedBranchPoints="0" sequenceCoverage="0" branchCoverage="0" maxCyclomaticComplexity="1" minCyclomaticComplexity="1" maxCrapScore="2" minCrapScore="2" visitedClasses="0" numClasses="1" visitedMethods="0" numMethods="2" />
          <FullName>Project_Manager_Unit_Test.TestUserDbSet</FullName>
          <Methods>
            <Method visited="false" cyclomaticComplexity="1" nPathComplexity="0" sequenceCoverage="0" branchCoverage="0" crapScore="2" isConstructor="false" isStatic="false" isGetter="false" isSetter="false">
              <Summary numSequencePoints="3" visitedSequencePoints="0" numBranchPoints="1" visitedBranchPoints="0" sequenceCoverage="0" branchCoverage="0" maxCyclomaticComplexity="1" minCyclomaticComplexity="1" maxCrapScore="2" minCrapScore="2" visitedClasses="0" numClasses="0" visitedMethods="0" numMethods="1" />
              <MetadataToken>100663319</MetadataToken>
              <Name>Project_Manager_API.Models.User Project_Manager_Unit_Test.TestUserDbSet::Find(System.Object[])</Name>
              <FileRef uid="6" />
              <SequencePoints>
                <SequencePoint vc="0" uspid="56" ordinal="0" offset="13" sl="14" sc="9" el="14" ec="10" bec="0" bev="0" fileid="6" />
                <SequencePoint vc="0" uspid="57" ordinal="1" offset="14" sl="15" sc="13" el="15" ec="90" bec="0" bev="0" fileid="6" />
                <SequencePoint vc="0" uspid="58" ordinal="2" offset="176" sl="16" sc="9" el="16" ec="10" bec="0" bev="0" fileid="6" />
              </SequencePoints>
              <BranchPoints />
              <MethodPoint vc="0" uspid="59" ordinal="0" offset="0" />
            </Method>
            <Method visited="false" cyclomaticComplexity="1" nPathComplexity="0" sequenceCoverage="0" branchCoverage="0" crapScore="2" isConstructor="false" isStatic="true" isGetter="false" isSetter="false">
              <Summary numSequencePoints="2" visitedSequencePoints="0" numBranchPoints="1" visitedBranchPoints="0" sequenceCoverage="0" branchCoverage="0" maxCyclomaticComplexity="1" minCyclomaticComplexity="1" maxCrapScore="2" minCrapScore="2" visitedClasses="0" numClasses="0" visitedMethods="0" numMethods="1" />
              <MetadataToken>100663320</MetadataToken>
              <Name>System.Data.Entity.DbSet`1&lt;System.Object&gt; Project_Manager_Unit_Test.TestUserDbSet::op_Implicit(Project_Manager_Unit_Test.TestUserDbSet)</Name>
              <FileRef uid="6" />
              <SequencePoints>
                <SequencePoint vc="0" uspid="60" ordinal="0" offset="0" sl="19" sc="9" el="19" ec="10" bec="0" bev="0" fileid="6" />
                <SequencePoint vc="0" uspid="61" ordinal="1" offset="1" sl="20" sc="13" el="20" ec="49" bec="0" bev="0" fileid="6" />
              </SequencePoints>
              <BranchPoints />
              <MethodPoint xsi:type="SequencePoint" vc="0" uspid="60" ordinal="0" offset="0" sl="19" sc="9" el="19" ec="10" bec="0" bev="0" fileid="6" />
            </Method>
            <Method visited="false" cyclomaticComplexity="1" nPathComplexity="0" sequenceCoverage="0" branchCoverage="0" crapScore="2" isConstructor="true" isStatic="false" isGetter="false" isSetter="false">
              <Summary numSequencePoints="0" visitedSequencePoints="0" numBranchPoints="0" visitedBranchPoints="0" sequenceCoverage="0" branchCoverage="0" maxCyclomaticComplexity="1" minCyclomaticComplexity="1" maxCrapScore="2" minCrapScore="2" visitedClasses="0" numClasses="0" visitedMethods="0" numMethods="0" />
              <MetadataToken>100663321</MetadataToken>
              <Name>System.Void Project_Manager_Unit_Test.TestUserDbSet::.ctor()</Name>
              <SequencePoints />
              <BranchPoints />
              <MethodPoint vc="0" uspid="62" ordinal="0" offset="0" />
            </Method>
          </Methods>
        </Class>
        <Class>
          <Summary numSequencePoints="0" visitedSequencePoints="0" numBranchPoints="0" visitedBranchPoints="0" sequenceCoverage="0" branchCoverage="0" maxCyclomaticComplexity="1" minCyclomaticComplexity="1" maxCrapScore="2" minCrapScore="2" visitedClasses="0" numClasses="0" visitedMethods="0" numMethods="0" />
          <FullName>Project_Manager_Unit_Test.TestUserDbSet/&lt;&gt;c__DisplayClass0_0</FullName>
          <Methods>
            <Method visited="false" cyclomaticComplexity="1" nPathComplexity="0" sequenceCoverage="0" branchCoverage="0" crapScore="2" isConstructor="true" isStatic="false" isGetter="false" isSetter="false">
              <Summary numSequencePoints="0" visitedSequencePoints="0" numBranchPoints="0" visitedBranchPoints="0" sequenceCoverage="0" branchCoverage="0" maxCyclomaticComplexity="1" minCyclomaticComplexity="1" maxCrapScore="2" minCrapScore="2" visitedClasses="0" numClasses="0" visitedMethods="0" numMethods="0" />
              <MetadataToken>100663347</MetadataToken>
              <Name>System.Void Project_Manager_Unit_Test.TestUserDbSet/&lt;&gt;c__DisplayClass0_0::.ctor()</Name>
              <SequencePoints />
              <BranchPoints />
              <MethodPoint vc="0" uspid="63" ordinal="0" offset="0" />
            </Method>
          </Methods>
        </Class>
        <Class>
          <Summary numSequencePoints="59" visitedSequencePoints="59" numBranchPoints="9" visitedBranchPoints="9" sequenceCoverage="100" branchCoverage="100" maxCyclomaticComplexity="1" minCyclomaticComplexity="1" maxCrapScore="2" minCrapScore="1" visitedClasses="1" numClasses="1" visitedMethods="9" numMethods="9" />
          <FullName>Project_Manager_Unit_Test.TaskUnitTest</FullName>
          <Methods>
            <Method visited="true" cyclomaticComplexity="1" nPathComplexity="0" sequenceCoverage="100" branchCoverage="100" crapScore="1" isConstructor="false" isStatic="false" isGetter="false" isSetter="false">
              <Summary numSequencePoints="12" visitedSequencePoints="12" numBranchPoints="1" visitedBranchPoints="1" sequenceCoverage="100" branchCoverage="100" maxCyclomaticComplexity="1" minCyclomaticComplexity="1" maxCrapScore="1" minCrapScore="1" visitedClasses="0" numClasses="0" visitedMethods="1" numMethods="1" />
              <MetadataToken>100663322</MetadataToken>
              <Name>System.Void Project_Manager_Unit_Test.TaskUnitTest::GetAllTasks()</Name>
              <FileRef uid="7" />
              <SequencePoints>
                <SequencePoint vc="1" uspid="64" ordinal="0" offset="0" sl="15" sc="9" el="15" ec="10" bec="0" bev="0" fileid="7">
                  <TrackedMethodRefs>
                    <TrackedMethodRef uid="1" vc="1" />
                  </TrackedMethodRefs>
                </SequencePoint>
                <SequencePoint vc="1" uspid="65" ordinal="1" offset="1" sl="16" sc="13" el="16" ec="45" bec="0" bev="0" fileid="7">
                  <TrackedMethodRefs>
                    <TrackedMethodRef uid="1" vc="1" />
                  </TrackedMethodRefs>
                </SequencePoint>
                <SequencePoint vc="1" uspid="66" ordinal="2" offset="7" sl="17" sc="13" el="27" ec="16" bec="0" bev="0" fileid="7">
                  <TrackedMethodRefs>
                    <TrackedMethodRef uid="1" vc="1" />
                  </TrackedMethodRefs>
                </SequencePoint>
                <SequencePoint vc="1" uspid="67" ordinal="3" offset="141" sl="28" sc="13" el="38" ec="16" bec="0" bev="0" fileid="7">
                  <TrackedMethodRefs>
                    <TrackedMethodRef uid="1" vc="1" />
                  </TrackedMethodRefs>
                </SequencePoint>
                <SequencePoint vc="1" uspid="68" ordinal="4" offset="275" sl="39" sc="13" el="49" ec="16" bec="0" bev="0" fileid="7">
                  <TrackedMethodRefs>
                    <TrackedMethodRef uid="1" vc="1" />
                  </TrackedMethodRefs>
                </SequencePoint>
                <SequencePoint vc="1" uspid="69" ordinal="5" offset="409" sl="50" sc="13" el="54" ec="16" bec="0" bev="0" fileid="7">
                  <TrackedMethodRefs>
                    <TrackedMethodRef uid="1" vc="1" />
                  </TrackedMethodRefs>
                </SequencePoint>
                <SequencePoint vc="1" uspid="70" ordinal="6" offset="446" sl="55" sc="13" el="59" ec="16" bec="0" bev="0" fileid="7">
                  <TrackedMethodRefs>
                    <TrackedMethodRef uid="1" vc="1" />
                  </TrackedMethodRefs>
                </SequencePoint>
                <SequencePoint vc="1" uspid="71" ordinal="7" offset="483" sl="60" sc="13" el="64" ec="16" bec="0" bev="0" fileid="7">
                  <TrackedMethodRefs>
                    <TrackedMethodRef uid="1" vc="1" />
                  </TrackedMethodRefs>
                </SequencePoint>
                <SequencePoint vc="1" uspid="72" ordinal="8" offset="520" sl="65" sc="13" el="65" ec="59" bec="0" bev="0" fileid="7">
                  <TrackedMethodRefs>
                    <TrackedMethodRef uid="1" vc="1" />
                  </TrackedMethodRefs>
                </SequencePoint>
                <SequencePoint vc="1" uspid="73" ordinal="9" offset="527" sl="66" sc="13" el="66" ec="73" bec="0" bev="0" fileid="7">
                  <TrackedMethodRefs>
                    <TrackedMethodRef uid="1" vc="1" />
                  </TrackedMethodRefs>
                </SequencePoint>
                <SequencePoint vc="1" uspid="74" ordinal="10" offset="539" sl="67" sc="13" el="67" ec="53" bec="0" bev="0" fileid="7">
                  <TrackedMethodRefs>
                    <TrackedMethodRef uid="1" vc="1" />
                  </TrackedMethodRefs>
                </SequencePoint>
                <SequencePoint vc="1" uspid="75" ordinal="11" offset="552" sl="68" sc="9" el="68" ec="10" bec="0" bev="0" fileid="7">
                  <TrackedMethodRefs>
                    <TrackedMethodRef uid="1" vc="1" />
                  </TrackedMethodRefs>
                </SequencePoint>
              </SequencePoints>
              <BranchPoints />
              <MethodPoint xsi:type="SequencePoint" vc="1" uspid="64" ordinal="0" offset="0" sl="15" sc="9" el="15" ec="10" bec="0" bev="0" fileid="7">
                <TrackedMethodRefs>
                  <TrackedMethodRef uid="1" vc="1" />
                </TrackedMethodRefs>
              </MethodPoint>
            </Method>
            <Method visited="true" cyclomaticComplexity="1" nPathComplexity="0" sequenceCoverage="100" branchCoverage="100" crapScore="1" isConstructor="false" isStatic="false" isGetter="false" isSetter="false">
              <Summary numSequencePoints="9" visitedSequencePoints="9" numBranchPoints="1" visitedBranchPoints="1" sequenceCoverage="100" branchCoverage="100" maxCyclomaticComplexity="1" minCyclomaticComplexity="1" maxCrapScore="1" minCrapScore="1" visitedClasses="0" numClasses="0" visitedMethods="1" numMethods="1" />
              <MetadataToken>100663323</MetadataToken>
              <Name>System.Void Project_Manager_Unit_Test.TaskUnitTest::DeleteTask_ShouldReturnOK()</Name>
              <FileRef uid="7" />
              <SequencePoints>
                <SequencePoint vc="1" uspid="76" ordinal="0" offset="0" sl="71" sc="9" el="71" ec="10" bec="0" bev="0" fileid="7">
                  <TrackedMethodRefs>
                    <TrackedMethodRef uid="2" vc="1" />
                  </TrackedMethodRefs>
                </SequencePoint>
                <SequencePoint vc="1" uspid="77" ordinal="1" offset="1" sl="72" sc="13" el="72" ec="45" bec="0" bev="0" fileid="7">
                  <TrackedMethodRefs>
                    <TrackedMethodRef uid="2" vc="1" />
                  </TrackedMethodRefs>
                </SequencePoint>
                <SequencePoint vc="1" uspid="78" ordinal="2" offset="7" sl="73" sc="13" el="73" ec="38" bec="0" bev="0" fileid="7">
                  <TrackedMethodRefs>
                    <TrackedMethodRef uid="2" vc="1" />
                  </TrackedMethodRefs>
                </SequencePoint>
                <SequencePoint vc="1" uspid="79" ordinal="3" offset="14" sl="74" sc="13" el="74" ec="37" bec="0" bev="0" fileid="7">
                  <TrackedMethodRefs>
                    <TrackedMethodRef uid="2" vc="1" />
                  </TrackedMethodRefs>
                </SequencePoint>
                <SequencePoint vc="1" uspid="80" ordinal="4" offset="27" sl="76" sc="13" el="76" ec="59" bec="0" bev="0" fileid="7">
                  <TrackedMethodRefs>
                    <TrackedMethodRef uid="2" vc="1" />
                  </TrackedMethodRefs>
                </SequencePoint>
                <SequencePoint vc="1" uspid="81" ordinal="5" offset="34" sl="77" sc="13" el="77" ec="88" bec="0" bev="0" fileid="7">
                  <TrackedMethodRefs>
                    <TrackedMethodRef uid="2" vc="1" />
                  </TrackedMethodRefs>
                </SequencePoint>
                <SequencePoint vc="1" uspid="82" ordinal="6" offset="48" sl="79" sc="13" el="79" ec="38" bec="0" bev="0" fileid="7">
                  <TrackedMethodRefs>
                    <TrackedMethodRef uid="2" vc="1" />
                  </TrackedMethodRefs>
                </SequencePoint>
                <SequencePoint vc="1" uspid="83" ordinal="7" offset="55" sl="80" sc="13" el="80" ec="67" bec="0" bev="0" fileid="7">
                  <TrackedMethodRefs>
                    <TrackedMethodRef uid="2" vc="1" />
                  </TrackedMethodRefs>
                </SequencePoint>
                <SequencePoint vc="1" uspid="84" ordinal="8" offset="78" sl="81" sc="9" el="81" ec="10" bec="0" bev="0" fileid="7">
                  <TrackedMethodRefs>
                    <TrackedMethodRef uid="2" vc="1" />
                  </TrackedMethodRefs>
                </SequencePoint>
              </SequencePoints>
              <BranchPoints />
              <MethodPoint xsi:type="SequencePoint" vc="1" uspid="76" ordinal="0" offset="0" sl="71" sc="9" el="71" ec="10" bec="0" bev="0" fileid="7">
                <TrackedMethodRefs>
                  <TrackedMethodRef uid="2" vc="1" />
                </TrackedMethodRefs>
              </MethodPoint>
            </Method>
            <Method visited="true" cyclomaticComplexity="1" nPathComplexity="0" sequenceCoverage="100" branchCoverage="100" crapScore="1" isConstructor="false" isStatic="false" isGetter="false" isSetter="false">
              <Summary numSequencePoints="9" visitedSequencePoints="9" numBranchPoints="1" visitedBranchPoints="1" sequenceCoverage="100" branchCoverage="100" maxCyclomaticComplexity="1" minCyclomaticComplexity="1" maxCrapScore="1" minCrapScore="1" visitedClasses="0" numClasses="0" visitedMethods="1" numMethods="1" />
              <MetadataToken>100663324</MetadataToken>
              <Name>System.Void Project_Manager_Unit_Test.TaskUnitTest::PostTask_ShouldReturnSameItem()</Name>
              <FileRef uid="7" />
              <SequencePoints>
                <SequencePoint vc="1" uspid="85" ordinal="0" offset="0" sl="84" sc="9" el="84" ec="10" bec="0" bev="0" fileid="7">
                  <TrackedMethodRefs>
                    <TrackedMethodRef uid="3" vc="1" />
                  </TrackedMethodRefs>
                </SequencePoint>
                <SequencePoint vc="1" uspid="86" ordinal="1" offset="1" sl="85" sc="13" el="85" ec="69" bec="0" bev="0" fileid="7">
                  <TrackedMethodRefs>
                    <TrackedMethodRef uid="3" vc="1" />
                  </TrackedMethodRefs>
                </SequencePoint>
                <SequencePoint vc="1" uspid="87" ordinal="2" offset="12" sl="87" sc="13" el="87" ec="38" bec="0" bev="0" fileid="7">
                  <TrackedMethodRefs>
                    <TrackedMethodRef uid="3" vc="1" />
                  </TrackedMethodRefs>
                </SequencePoint>
                <SequencePoint vc="1" uspid="88" ordinal="3" offset="19" sl="89" sc="13" el="89" ec="99" bec="0" bev="0" fileid="7">
                  <TrackedMethodRefs>
                    <TrackedMethodRef uid="3" vc="1" />
                  </TrackedMethodRefs>
                </SequencePoint>
                <SequencePoint vc="1" uspid="89" ordinal="4" offset="32" sl="91" sc="13" el="91" ec="38" bec="0" bev="0" fileid="7">
                  <TrackedMethodRefs>
                    <TrackedMethodRef uid="3" vc="1" />
                  </TrackedMethodRefs>
                </SequencePoint>
                <SequencePoint vc="1" uspid="90" ordinal="5" offset="39" sl="92" sc="13" el="92" ec="61" bec="0" bev="0" fileid="7">
                  <TrackedMethodRefs>
                    <TrackedMethodRef uid="3" vc="1" />
                  </TrackedMethodRefs>
                </SequencePoint>
                <SequencePoint vc="1" uspid="91" ordinal="6" offset="56" sl="93" sc="13" el="93" ec="79" bec="0" bev="0" fileid="7">
                  <TrackedMethodRefs>
                    <TrackedMethodRef uid="3" vc="1" />
                  </TrackedMethodRefs>
                </SequencePoint>
                <SequencePoint vc="1" uspid="92" ordinal="7" offset="94" sl="94" sc="13" el="94" ec="63" bec="0" bev="0" fileid="7">
                  <TrackedMethodRefs>
                    <TrackedMethodRef uid="3" vc="1" />
                  </TrackedMethodRefs>
                </SequencePoint>
                <SequencePoint vc="1" uspid="93" ordinal="8" offset="117" sl="95" sc="9" el="95" ec="10" bec="0" bev="0" fileid="7">
                  <TrackedMethodRefs>
                    <TrackedMethodRef uid="3" vc="1" />
                  </TrackedMethodRefs>
                </SequencePoint>
              </SequencePoints>
              <BranchPoints />
              <MethodPoint xsi:type="SequencePoint" vc="1" uspid="85" ordinal="0" offset="0" sl="84" sc="9" el="84" ec="10" bec="0" bev="0" fileid="7">
                <TrackedMethodRefs>
                  <TrackedMethodRef uid="3" vc="1" />
                </TrackedMethodRefs>
              </MethodPoint>
            </Method>
            <Method visited="true" cyclomaticComplexity="1" nPathComplexity="0" sequenceCoverage="100" branchCoverage="100" crapScore="1" isConstructor="false" isStatic="false" isGetter="false" isSetter="false">
              <Summary numSequencePoints="11" visitedSequencePoints="11" numBranchPoints="1" visitedBranchPoints="1" sequenceCoverage="100" branchCoverage="100" maxCyclomaticComplexity="1" minCyclomaticComplexity="1" maxCrapScore="1" minCrapScore="1" visitedClasses="0" numClasses="0" visitedMethods="1" numMethods="1" />
              <MetadataToken>100663325</MetadataToken>
              <Name>System.Void Project_Manager_Unit_Test.TaskUnitTest::GetTask_ShouldReturnItemWithSameID()</Name>
              <FileRef uid="7" />
              <SequencePoints>
                <SequencePoint vc="1" uspid="94" ordinal="0" offset="0" sl="98" sc="9" el="98" ec="10" bec="0" bev="0" fileid="7">
                  <TrackedMethodRefs>
                    <TrackedMethodRef uid="4" vc="1" />
                  </TrackedMethodRefs>
                </SequencePoint>
                <SequencePoint vc="1" uspid="95" ordinal="1" offset="1" sl="99" sc="13" el="99" ec="45" bec="0" bev="0" fileid="7">
                  <TrackedMethodRefs>
                    <TrackedMethodRef uid="4" vc="1" />
                  </TrackedMethodRefs>
                </SequencePoint>
                <SequencePoint vc="1" uspid="96" ordinal="2" offset="7" sl="100" sc="13" el="100" ec="46" bec="0" bev="0" fileid="7">
                  <TrackedMethodRefs>
                    <TrackedMethodRef uid="4" vc="1" />
                  </TrackedMethodRefs>
                </SequencePoint>
                <SequencePoint vc="1" uspid="97" ordinal="3" offset="25" sl="101" sc="13" el="101" ec="52" bec="0" bev="0" fileid="7">
                  <TrackedMethodRefs>
                    <TrackedMethodRef uid="4" vc="1" />
                  </TrackedMethodRefs>
                </SequencePoint>
                <SequencePoint vc="1" uspid="98" ordinal="4" offset="43" sl="102" sc="13" el="102" ec="58" bec="0" bev="0" fileid="7">
                  <TrackedMethodRefs>
                    <TrackedMethodRef uid="4" vc="1" />
                  </TrackedMethodRefs>
                </SequencePoint>
                <SequencePoint vc="1" uspid="99" ordinal="5" offset="61" sl="103" sc="13" el="103" ec="46" bec="0" bev="0" fileid="7">
                  <TrackedMethodRefs>
                    <TrackedMethodRef uid="4" vc="1" />
                  </TrackedMethodRefs>
                </SequencePoint>
                <SequencePoint vc="1" uspid="100" ordinal="6" offset="79" sl="104" sc="13" el="104" ec="59" bec="0" bev="0" fileid="7">
                  <TrackedMethodRefs>
                    <TrackedMethodRef uid="4" vc="1" />
                  </TrackedMethodRefs>
                </SequencePoint>
                <SequencePoint vc="1" uspid="101" ordinal="7" offset="86" sl="105" sc="13" el="105" ec="99" bec="0" bev="0" fileid="7">
                  <TrackedMethodRefs>
                    <TrackedMethodRef uid="4" vc="1" />
                  </TrackedMethodRefs>
                </SequencePoint>
                <SequencePoint vc="1" uspid="102" ordinal="8" offset="100" sl="106" sc="13" el="106" ec="38" bec="0" bev="0" fileid="7">
                  <TrackedMethodRefs>
                    <TrackedMethodRef uid="4" vc="1" />
                  </TrackedMethodRefs>
                </SequencePoint>
                <SequencePoint vc="1" uspid="103" ordinal="9" offset="107" sl="107" sc="13" el="107" ec="56" bec="0" bev="0" fileid="7">
                  <TrackedMethodRefs>
                    <TrackedMethodRef uid="4" vc="1" />
                  </TrackedMethodRefs>
                </SequencePoint>
                <SequencePoint vc="1" uspid="104" ordinal="10" offset="132" sl="108" sc="9" el="108" ec="10" bec="0" bev="0" fileid="7">
                  <TrackedMethodRefs>
                    <TrackedMethodRef uid="4" vc="1" />
                  </TrackedMethodRefs>
                </SequencePoint>
              </SequencePoints>
              <BranchPoints />
              <MethodPoint xsi:type="SequencePoint" vc="1" uspid="94" ordinal="0" offset="0" sl="98" sc="9" el="98" ec="10" bec="0" bev="0" fileid="7">
                <TrackedMethodRefs>
                  <TrackedMethodRef uid="4" vc="1" />
                </TrackedMethodRefs>
              </MethodPoint>
            </Method>
            <Method visited="true" cyclomaticComplexity="1" nPathComplexity="0" sequenceCoverage="100" branchCoverage="100" crapScore="1" isConstructor="false" isStatic="false" isGetter="false" isSetter="false">
              <Summary numSequencePoints="6" visitedSequencePoints="6" numBranchPoints="1" visitedBranchPoints="1" sequenceCoverage="100" branchCoverage="100" maxCyclomaticComplexity="1" minCyclomaticComplexity="1" maxCrapScore="1" minCrapScore="1" visitedClasses="0" numClasses="0" visitedMethods="1" numMethods="1" />
              <MetadataToken>100663326</MetadataToken>
              <Name>System.Void Project_Manager_Unit_Test.TaskUnitTest::PutTask_ShouldFail_WhenDifferentID()</Name>
              <FileRef uid="7" />
              <SequencePoints>
                <SequencePoint vc="1" uspid="105" ordinal="0" offset="0" sl="111" sc="9" el="111" ec="10" bec="0" bev="0" fileid="7">
                  <TrackedMethodRefs>
                    <TrackedMethodRef uid="5" vc="1" />
                  </TrackedMethodRefs>
                </SequencePoint>
                <SequencePoint vc="1" uspid="106" ordinal="1" offset="1" sl="112" sc="13" el="112" ec="69" bec="0" bev="0" fileid="7">
                  <TrackedMethodRefs>
                    <TrackedMethodRef uid="5" vc="1" />
                  </TrackedMethodRefs>
                </SequencePoint>
                <SequencePoint vc="1" uspid="107" ordinal="2" offset="12" sl="114" sc="13" el="114" ec="38" bec="0" bev="0" fileid="7">
                  <TrackedMethodRefs>
                    <TrackedMethodRef uid="5" vc="1" />
                  </TrackedMethodRefs>
                </SequencePoint>
                <SequencePoint vc="1" uspid="108" ordinal="3" offset="19" sl="115" sc="13" el="115" ec="56" bec="0" bev="0" fileid="7">
                  <TrackedMethodRefs>
                    <TrackedMethodRef uid="5" vc="1" />
                  </TrackedMethodRefs>
                </SequencePoint>
                <SequencePoint vc="1" uspid="109" ordinal="4" offset="32" sl="116" sc="13" el="116" ec="71" bec="0" bev="0" fileid="7">
                  <TrackedMethodRefs>
                    <TrackedMethodRef uid="5" vc="1" />
                  </TrackedMethodRefs>
                </SequencePoint>
                <SequencePoint vc="1" uspid="110" ordinal="5" offset="49" sl="117" sc="9" el="117" ec="10" bec="0" bev="0" fileid="7">
                  <TrackedMethodRefs>
                    <TrackedMethodRef uid="5" vc="1" />
                  </TrackedMethodRefs>
                </SequencePoint>
              </SequencePoints>
              <BranchPoints />
              <MethodPoint xsi:type="SequencePoint" vc="1" uspid="105" ordinal="0" offset="0" sl="111" sc="9" el="111" ec="10" bec="0" bev="0" fileid="7">
                <TrackedMethodRefs>
                  <TrackedMethodRef uid="5" vc="1" />
                </TrackedMethodRefs>
              </MethodPoint>
            </Method>
            <Method visited="true" cyclomaticComplexity="1" nPathComplexity="0" sequenceCoverage="100" branchCoverage="100" crapScore="1" isConstructor="false" isStatic="false" isGetter="false" isSetter="false">
              <Summary numSequencePoints="3" visitedSequencePoints="3" numBranchPoints="1" visitedBranchPoints="1" sequenceCoverage="100" branchCoverage="100" maxCyclomaticComplexity="1" minCyclomaticComplexity="1" maxCrapScore="1" minCrapScore="1" visitedClasses="0" numClasses="0" visitedMethods="1" numMethods="1" />
              <MetadataToken>100663327</MetadataToken>
              <Name>Project_Manager_API.Models.Task Project_Manager_Unit_Test.TaskUnitTest::GetDemoTask()</Name>
              <FileRef uid="7" />
              <SequencePoints>
                <SequencePoint vc="4" uspid="111" ordinal="0" offset="0" sl="119" sc="9" el="119" ec="10" bec="0" bev="0" fileid="7">
[...]
          <Methods>
            <Method skippedDueTo="AutoImplementedProperty" visited="false" cyclomaticComplexity="1" nPathComplexity="0" sequenceCoverage="0" branchCoverage="0" crapScore="0" isConstructor="false" isStatic="false" isGetter="true" isSetter="false">
              <MetadataToken>100663769</MetadataToken>
              <Name>System.Collections.ObjectModel.Collection`1&lt;Project_Manager_API.Areas.HelpPage.ModelDescriptions.ParameterAnnotation&gt; Project_Manager_API.Areas.HelpPage.ModelDescriptions.ParameterDescription::get_Annotations()</Name>
              <FileRef uid="76" />
              <SequencePoints />
              <BranchPoints />
            </Method>
            <Method skippedDueTo="AutoImplementedProperty" visited="false" cyclomaticComplexity="1" nPathComplexity="0" sequenceCoverage="0" branchCoverage="0" crapScore="0" isConstructor="false" isStatic="false" isGetter="false" isSetter="true">
              <MetadataToken>100663770</MetadataToken>
              <Name>System.Void Project_Manager_API.Areas.HelpPage.ModelDescriptions.ParameterDescription::set_Annotations(System.Collections.ObjectModel.Collection`1&lt;Project_Manager_API.Areas.HelpPage.ModelDescriptions.ParameterAnnotation&gt;)</Name>
              <FileRef uid="76" />
              <SequencePoints />
              <BranchPoints />
            </Method>
            <Method skippedDueTo="AutoImplementedProperty" visited="false" cyclomaticComplexity="1" nPathComplexity="0" sequenceCoverage="0" branchCoverage="0" crapScore="0" isConstructor="false" isStatic="false" isGetter="true" isSetter="false">
              <MetadataToken>100663771</MetadataToken>
              <Name>System.String Project_Manager_API.Areas.HelpPage.ModelDescriptions.ParameterDescription::get_Documentation()</Name>
              <FileRef uid="76" />
              <SequencePoints />
              <BranchPoints />
            </Method>
            <Method skippedDueTo="AutoImplementedProperty" visited="false" cyclomaticComplexity="1" nPathComplexity="0" sequenceCoverage="0" branchCoverage="0" crapScore="0" isConstructor="false" isStatic="false" isGetter="false" isSetter="true">
              <MetadataToken>100663772</MetadataToken>
              <Name>System.Void Project_Manager_API.Areas.HelpPage.ModelDescriptions.ParameterDescription::set_Documentation(System.String)</Name>
              <FileRef uid="76" />
              <SequencePoints />
              <BranchPoints />
            </Method>
            <Method skippedDueTo="AutoImplementedProperty" visited="false" cyclomaticComplexity="1" nPathComplexity="0" sequenceCoverage="0" branchCoverage="0" crapScore="0" isConstructor="false" isStatic="false" isGetter="true" isSetter="false">
              <MetadataToken>100663773</MetadataToken>
              <Name>System.String Project_Manager_API.Areas.HelpPage.ModelDescriptions.ParameterDescription::get_Name()</Name>
              <FileRef uid="76" />
              <SequencePoints />
              <BranchPoints />
            </Method>
            <Method skippedDueTo="AutoImplementedProperty" visited="false" cyclomaticComplexity="1" nPathComplexity="0" sequenceCoverage="0" branchCoverage="0" crapScore="0" isConstructor="false" isStatic="false" isGetter="false" isSetter="true">
              <MetadataToken>100663774</MetadataToken>
              <Name>System.Void Project_Manager_API.Areas.HelpPage.ModelDescriptions.ParameterDescription::set_Name(System.String)</Name>
              <FileRef uid="76" />
              <SequencePoints />
              <BranchPoints />
            </Method>
            <Method skippedDueTo="AutoImplementedProperty" visited="false" cyclomaticComplexity="1" nPathComplexity="0" sequenceCoverage="0" branchCoverage="0" crapScore="0" isConstructor="false" isStatic="false" isGetter="true" isSetter="false">
              <MetadataToken>100663775</MetadataToken>
              <Name>Project_Manager_API.Areas.HelpPage.ModelDescriptions.ModelDescription Project_Manager_API.Areas.HelpPage.ModelDescriptions.ParameterDescription::get_TypeDescription()</Name>
              <FileRef uid="76" />
              <SequencePoints />
              <BranchPoints />
            </Method>
            <Method skippedDueTo="AutoImplementedProperty" visited="false" cyclomaticComplexity="1" nPathComplexity="0" sequenceCoverage="0" branchCoverage="0" crapScore="0" isConstructor="false" isStatic="false" isGetter="false" isSetter="true">
              <MetadataToken>100663776</MetadataToken>
              <Name>System.Void Project_Manager_API.Areas.HelpPage.ModelDescriptions.ParameterDescription::set_TypeDescription(Project_Manager_API.Areas.HelpPage.ModelDescriptions.ModelDescription)</Name>
              <FileRef uid="76" />
              <SequencePoints />
              <BranchPoints />
            </Method>
            <Method visited="false" cyclomaticComplexity="1" nPathComplexity="0" sequenceCoverage="0" branchCoverage="0" crapScore="2" isConstructor="true" isStatic="false" isGetter="false" isSetter="false">
              <Summary numSequencePoints="4" visitedSequencePoints="0" numBranchPoints="1" visitedBranchPoints="0" sequenceCoverage="0" branchCoverage="0" maxCyclomaticComplexity="1" minCyclomaticComplexity="1" maxCrapScore="2" minCrapScore="2" visitedClasses="0" numClasses="0" visitedMethods="0" numMethods="1" />
              <MetadataToken>100663768</MetadataToken>
              <Name>System.Void Project_Manager_API.Areas.HelpPage.ModelDescriptions.ParameterDescription::.ctor()</Name>
              <FileRef uid="76" />
              <SequencePoints>
                <SequencePoint vc="0" uspid="2536" ordinal="0" offset="0" sl="8" sc="9" el="8" ec="38" bec="0" bev="0" fileid="76" />
                <SequencePoint vc="0" uspid="2537" ordinal="1" offset="7" sl="9" sc="9" el="9" ec="10" bec="0" bev="0" fileid="76" />
                <SequencePoint vc="0" uspid="2538" ordinal="2" offset="8" sl="10" sc="13" el="10" ec="65" bec="0" bev="0" fileid="76" />
                <SequencePoint vc="0" uspid="2539" ordinal="3" offset="20" sl="11" sc="9" el="11" ec="10" bec="0" bev="0" fileid="76" />
              </SequencePoints>
              <BranchPoints />
              <MethodPoint xsi:type="SequencePoint" vc="0" uspid="2536" ordinal="0" offset="0" sl="8" sc="9" el="8" ec="38" bec="0" bev="0" fileid="76" />
            </Method>
          </Methods>
        </Class>
        <Class>
          <Summary numSequencePoints="0" visitedSequencePoints="0" numBranchPoints="0" visitedBranchPoints="0" sequenceCoverage="0" branchCoverage="0" maxCyclomaticComplexity="1" minCyclomaticComplexity="1" maxCrapScore="2" minCrapScore="2" visitedClasses="0" numClasses="0" visitedMethods="0" numMethods="0" />
          <FullName>Project_Manager_API.Areas.HelpPage.ModelDescriptions.SimpleTypeModelDescription</FullName>
          <Methods>
            <Method visited="false" cyclomaticComplexity="1" nPathComplexity="0" sequenceCoverage="0" branchCoverage="0" crapScore="2" isConstructor="true" isStatic="false" isGetter="false" isSetter="false">
              <Summary numSequencePoints="0" visitedSequencePoints="0" numBranchPoints="0" visitedBranchPoints="0" sequenceCoverage="0" branchCoverage="0" maxCyclomaticComplexity="1" minCyclomaticComplexity="1" maxCrapScore="2" minCrapScore="2" visitedClasses="0" numClasses="0" visitedMethods="0" numMethods="0" />
              <MetadataToken>100663777</MetadataToken>
              <Name>System.Void Project_Manager_API.Areas.HelpPage.ModelDescriptions.SimpleTypeModelDescription::.ctor()</Name>
              <SequencePoints />
              <BranchPoints />
              <MethodPoint vc="0" uspid="2540" ordinal="0" offset="0" />
            </Method>
          </Methods>
        </Class>
        <Class>
          <Summary numSequencePoints="31" visitedSequencePoints="0" numBranchPoints="13" visitedBranchPoints="0" sequenceCoverage="0" branchCoverage="0" maxCyclomaticComplexity="3" minCyclomaticComplexity="1" maxCrapScore="12" minCrapScore="2" visitedClasses="0" numClasses="1" visitedMethods="0" numMethods="5" />
          <FullName>Project_Manager_API.Areas.HelpPage.Controllers.HelpController</FullName>
          <Methods>
            <Method skippedDueTo="AutoImplementedProperty" visited="false" cyclomaticComplexity="1" nPathComplexity="0" sequenceCoverage="0" branchCoverage="0" crapScore="0" isConstructor="false" isStatic="false" isGetter="true" isSetter="false">
              <MetadataToken>100663780</MetadataToken>
              <Name>System.Web.Http.HttpConfiguration Project_Manager_API.Areas.HelpPage.Controllers.HelpController::get_Configuration()</Name>
              <FileRef uid="77" />
              <SequencePoints />
              <BranchPoints />
            </Method>
            <Method skippedDueTo="AutoImplementedProperty" visited="false" cyclomaticComplexity="1" nPathComplexity="0" sequenceCoverage="0" branchCoverage="0" crapScore="0" isConstructor="false" isStatic="false" isGetter="false" isSetter="true">
              <MetadataToken>100663781</MetadataToken>
              <Name>System.Void Project_Manager_API.Areas.HelpPage.Controllers.HelpController::set_Configuration(System.Web.Http.HttpConfiguration)</Name>
              <FileRef uid="77" />
              <SequencePoints />
              <BranchPoints />
            </Method>
            <Method visited="false" cyclomaticComplexity="1" nPathComplexity="0" sequenceCoverage="0" branchCoverage="0" crapScore="2" isConstructor="true" isStatic="false" isGetter="false" isSetter="false">
              <Summary numSequencePoints="3" visitedSequencePoints="0" numBranchPoints="1" visitedBranchPoints="0" sequenceCoverage="0" branchCoverage="0" maxCyclomaticComplexity="1" minCyclomaticComplexity="1" maxCrapScore="2" minCrapScore="2" visitedClasses="0" numClasses="0" visitedMethods="0" numMethods="1" />
              <MetadataToken>100663778</MetadataToken>
              <Name>System.Void Project_Manager_API.Areas.HelpPage.Controllers.HelpController::.ctor()</Name>
              <FileRef uid="77" />
              <SequencePoints>
                <SequencePoint vc="0" uspid="2541" ordinal="0" offset="0" sl="17" sc="15" el="17" ec="54" bec="0" bev="0" fileid="77" />
                <SequencePoint vc="0" uspid="2542" ordinal="1" offset="12" sl="18" sc="9" el="18" ec="10" bec="0" bev="0" fileid="77" />
                <SequencePoint vc="0" uspid="2543" ordinal="2" offset="13" sl="19" sc="9" el="19" ec="10" bec="0" bev="0" fileid="77" />
              </SequencePoints>
              <BranchPoints />
              <MethodPoint xsi:type="SequencePoint" vc="0" uspid="2541" ordinal="0" offset="0" sl="17" sc="15" el="17" ec="54" bec="0" bev="0" fileid="77" />
            </Method>
            <Method visited="false" cyclomaticComplexity="1" nPathComplexity="0" sequenceCoverage="0" branchCoverage="0" crapScore="2" isConstructor="true" isStatic="false" isGetter="false" isSetter="false">
              <Summary numSequencePoints="4" visitedSequencePoints="0" numBranchPoints="1" visitedBranchPoints="0" sequenceCoverage="0" branchCoverage="0" maxCyclomaticComplexity="1" minCyclomaticComplexity="1" maxCrapScore="2" minCrapScore="2" visitedClasses="0" numClasses="0" visitedMethods="0" numMethods="1" />
              <MetadataToken>100663779</MetadataToken>
              <Name>System.Void Project_Manager_API.Areas.HelpPage.Controllers.HelpController::.ctor(System.Web.Http.HttpConfiguration)</Name>
              <FileRef uid="77" />
              <SequencePoints>
                <SequencePoint vc="0" uspid="2544" ordinal="0" offset="0" sl="21" sc="9" el="21" ec="56" bec="0" bev="0" fileid="77" />
                <SequencePoint vc="0" uspid="2545" ordinal="1" offset="7" sl="22" sc="9" el="22" ec="10" bec="0" bev="0" fileid="77" />
                <SequencePoint vc="0" uspid="2546" ordinal="2" offset="8" sl="23" sc="13" el="23" ec="36" bec="0" bev="0" fileid="77" />
                <SequencePoint vc="0" uspid="2547" ordinal="3" offset="16" sl="24" sc="9" el="24" ec="10" bec="0" bev="0" fileid="77" />
              </SequencePoints>
              <BranchPoints />
              <MethodPoint xsi:type="SequencePoint" vc="0" uspid="2544" ordinal="0" offset="0" sl="21" sc="9" el="21" ec="56" bec="0" bev="0" fileid="77" />
            </Method>
            <Method visited="false" cyclomaticComplexity="2" nPathComplexity="0" sequenceCoverage="0" branchCoverage="0" crapScore="6" isConstructor="false" isStatic="false" isGetter="false" isSetter="false">
              <Summary numSequencePoints="4" visitedSequencePoints="0" numBranchPoints="1" visitedBranchPoints="0" sequenceCoverage="0" branchCoverage="0" maxCyclomaticComplexity="2" minCyclomaticComplexity="2" maxCrapScore="6" minCrapScore="6" visitedClasses="0" numClasses="0" visitedMethods="0" numMethods="1" />
              <MetadataToken>100663782</MetadataToken>
              <Name>System.Web.Mvc.ActionResult Project_Manager_API.Areas.HelpPage.Controllers.HelpController::Index()</Name>
              <FileRef uid="77" />
              <SequencePoints>
                <SequencePoint vc="0" uspid="2548" ordinal="0" offset="0" sl="29" sc="9" el="29" ec="10" bec="0" bev="0" fileid="77" />
                <SequencePoint vc="0" uspid="2549" ordinal="1" offset="1" sl="30" sc="13" el="30" ec="95" bec="0" bev="0" fileid="77" />
                <SequencePoint vc="0" uspid="2550" ordinal="2" offset="110" sl="31" sc="13" el="31" ec="82" bec="0" bev="0" fileid="77" />
                <SequencePoint vc="0" uspid="2551" ordinal="3" offset="140" sl="32" sc="9" el="32" ec="10" bec="0" bev="0" fileid="77" />
              </SequencePoints>
              <BranchPoints />
              <MethodPoint xsi:type="SequencePoint" vc="0" uspid="2548" ordinal="0" offset="0" sl="29" sc="9" el="29" ec="10" bec="0" bev="0" fileid="77" />
            </Method>
            <Method visited="false" cyclomaticComplexity="3" nPathComplexity="4" sequenceCoverage="0" branchCoverage="0" crapScore="12" isConstructor="false" isStatic="false" isGetter="false" isSetter="false">
              <Summary numSequencePoints="10" visitedSequencePoints="0" numBranchPoints="5" visitedBranchPoints="0" sequenceCoverage="0" branchCoverage="0" maxCyclomaticComplexity="3" minCyclomaticComplexity="3" maxCrapScore="12" minCrapScore="12" visitedClasses="0" numClasses="0" visitedMethods="0" numMethods="1" />
              <MetadataToken>100663783</MetadataToken>
              <Name>System.Web.Mvc.ActionResult Project_Manager_API.Areas.HelpPage.Controllers.HelpController::Api(System.String)</Name>
              <FileRef uid="77" />
              <SequencePoints>
                <SequencePoint vc="0" uspid="2554" ordinal="0" offset="0" sl="35" sc="9" el="35" ec="10" bec="0" bev="0" fileid="77" />
                <SequencePoint vc="0" uspid="2555" ordinal="1" offset="1" sl="36" sc="13" el="36" ec="46" bec="2" bev="0" fileid="77" />
                <SequencePoint vc="0" uspid="2556" ordinal="2" offset="14" sl="37" sc="13" el="37" ec="14" bec="0" bev="0" fileid="77" />
                <SequencePoint vc="0" uspid="2557" ordinal="3" offset="15" sl="38" sc="17" el="38" ec="86" bec="0" bev="0" fileid="77" />
                <SequencePoint vc="0" uspid="2558" ordinal="4" offset="28" sl="39" sc="17" el="39" ec="38" bec="2" bev="0" fileid="77" />
                <SequencePoint vc="0" uspid="2559" ordinal="5" offset="36" sl="40" sc="17" el="40" ec="18" bec="0" bev="0" fileid="77" />
                <SequencePoint vc="0" uspid="2560" ordinal="6" offset="37" sl="41" sc="21" el="41" ec="43" bec="0" bev="0" fileid="77" />
                <SequencePoint vc="0" uspid="2561" ordinal="7" offset="47" sl="43" sc="13" el="43" ec="14" bec="0" bev="0" fileid="77" />
                <SequencePoint vc="0" uspid="2562" ordinal="8" offset="48" sl="45" sc="13" el="45" ec="40" bec="0" bev="0" fileid="77" />
                <SequencePoint vc="0" uspid="2563" ordinal="9" offset="62" sl="46" sc="9" el="46" ec="10" bec="0" bev="0" fileid="77" />
              </SequencePoints>
              <BranchPoints>
                <BranchPoint vc="0" uspid="2564" ordinal="0" offset="12" sl="36" path="0" offsetend="14" fileid="77" />
                <BranchPoint vc="0" uspid="2565" ordinal="1" offset="12" sl="36" path="1" offsetend="48" fileid="77" />
                <BranchPoint vc="0" uspid="2566" ordinal="2" offset="34" sl="39" path="0" offsetend="36" fileid="77" />
                <BranchPoint vc="0" uspid="2567" ordinal="3" offset="34" sl="39" path="1" offsetend="47" fileid="77" />
              </BranchPoints>
              <MethodPoint xsi:type="SequencePoint" vc="0" uspid="2554" ordinal="0" offset="0" sl="35" sc="9" el="35" ec="10" bec="0" bev="0" fileid="77" />
            </Method>
            <Method visited="false" cyclomaticComplexity="3" nPathComplexity="4" sequenceCoverage="0" branchCoverage="0" crapScore="12" isConstructor="false" isStatic="false" isGetter="false" isSetter="false">
              <Summary numSequencePoints="10" visitedSequencePoints="0" numBranchPoints="5" visitedBranchPoints="0" sequenceCoverage="0" branchCoverage="0" maxCyclomaticComplexity="3" minCyclomaticComplexity="3" maxCrapScore="12" minCrapScore="12" visitedClasses="0" numClasses="0" visitedMethods="0" numMethods="1" />
              <MetadataToken>100663784</MetadataToken>
              <Name>System.Web.Mvc.ActionResult Project_Manager_API.Areas.HelpPage.Controllers.HelpController::ResourceModel(System.String)</Name>
              <FileRef uid="77" />
              <SequencePoints>
                <SequencePoint vc="0" uspid="2568" ordinal="0" offset="0" sl="49" sc="9" el="49" ec="10" bec="0" bev="0" fileid="77" />
                <SequencePoint vc="0" uspid="2569" ordinal="1" offset="1" sl="50" sc="13" el="50" ec="50" bec="2" bev="0" fileid="77" />
                <SequencePoint vc="0" uspid="2570" ordinal="2" offset="14" sl="51" sc="13" el="51" ec="14" bec="0" bev="0" fileid="77" />
                <SequencePoint vc="0" uspid="2571" ordinal="3" offset="15" sl="52" sc="17" el="52" ec="116" bec="0" bev="0" fileid="77" />
                <SequencePoint vc="0" uspid="2572" ordinal="4" offset="27" sl="54" sc="17" el="54" ec="108" bec="2" bev="0" fileid="77" />
                <SequencePoint vc="0" uspid="2573" ordinal="5" offset="45" sl="55" sc="17" el="55" ec="18" bec="0" bev="0" fileid="77" />
                <SequencePoint vc="0" uspid="2574" ordinal="6" offset="46" sl="56" sc="21" el="56" ec="51" bec="0" bev="0" fileid="77" />
                <SequencePoint vc="0" uspid="2575" ordinal="7" offset="57" sl="58" sc="13" el="58" ec="14" bec="0" bev="0" fileid="77" />
                <SequencePoint vc="0" uspid="2576" ordinal="8" offset="58" sl="60" sc="13" el="60" ec="40" bec="0" bev="0" fileid="77" />
                <SequencePoint vc="0" uspid="2577" ordinal="9" offset="73" sl="61" sc="9" el="61" ec="10" bec="0" bev="0" fileid="77" />
              </SequencePoints>
              <BranchPoints>
                <BranchPoint vc="0" uspid="2578" ordinal="0" offset="12" sl="50" path="0" offsetend="14" fileid="77" />
                <BranchPoint vc="0" uspid="2579" ordinal="1" offset="12" sl="50" path="1" offsetend="58" fileid="77" />
                <BranchPoint vc="0" uspid="2580" ordinal="2" offset="43" sl="54" path="0" offsetend="45" fileid="77" />
                <BranchPoint vc="0" uspid="2581" ordinal="3" offset="43" sl="54" path="1" offsetend="57" fileid="77" />
              </BranchPoints>
              <MethodPoint xsi:type="SequencePoint" vc="0" uspid="2568" ordinal="0" offset="0" sl="49" sc="9" el="49" ec="10" bec="0" bev="0" fileid="77" />
            </Method>
          </Methods>
        </Class>
      </Classes>
      <TrackedMethods />
    </Module>
  </Modules>
</CoverageSession>